0 0.4 -0.1 -2.51098660871179e-12 3.57691701331472e-12 -1.06593040460294e-12
0 0.4 -0.2 -9.58869753691306e-13 4.22776713308981e-11 -4.13188015772068e-11
0 0.4 -0.3 1.12095774640687e-11 1.84092299360579e-09 -1.85213257106986e-09
0 0.4 -0.4 1.27112957087149e-10 8.53235814997183e-08 -8.54506944568055e-08
0 0.4 -0.5 2.14588649753294e-09 3.95307996944094e-06 -3.95522585593847e-06
0 0.4 -0.6 7.1530607940305e-08 0.000182598690539778 -0.000182670221147719
0 0.4 -0.7 3.16153000541731e-06 0.00837947576855562 -0.00838263729856105
0 0.4 -0.8 0.000147311011515128 0.36947182616312 -0.369619137174635
0 0.4 -0.85 0.000982171099665409 2.18371254647468 -2.18469471757435
0 0.4 -0.875 0.00246346781084748 4.76633999139028 -4.76880345920113
0 0.4 -0.88125 0.00310160902800446 5.6258274304883 -5.62892903951631
0 0.4 -0.8875 0.00390766207109581 6.52592458258039 -6.52983224465149
0 0.4 -0.89375 0.00491428650058929 7.46472966538065 -7.46964395188124
0 0.4 -0.9 0.00616076027632241 8.45009844305503 -8.45625920333136
0 0.4 -0.90625 0.00769329974922004 9.48883461568067 -9.49652791542989
0 0.4 -0.9125 0.00956437229234613 10.5905667786945 -10.6001311509868
0 0.4 -0.91875 0.0118303784241583 11.7712386039688 -11.7830689823929
0 0.4 -0.925 0.014555246305033 13.0246502975407 -13.0392055438457
0 0.4 -0.93125 0.0178018777382058 14.3616773908594 -14.3794792685976
0 0.4 -0.9375 0.0216380331817833 15.7725678024957 -15.7942058356775
0 0.4 -0.94375 0.0261264202368946 17.2526736478568 -17.2788000680937
0 0.4 -0.95 0.0313288168250641 18.8001245066376 -18.8314533234626
0 0.4 -0.9625 0.0440755456138284 22.0704901636466 -22.1145657092605
0 0.4 -0.975 0.060203682231877 25.5043559676612 -25.5645596498931
0 0.4 -0.9875 0.0798924015829784 29.0465758304588 -29.1264682320418
0 0.4 -1 0.103181133793804 32.6418961565729 -32.7450772903667
