0 0.5 -0.1 -3.02369652730706e-12 4.09097254741204e-12 -1.06727602010499e-12
0 0.5 -0.2 -1.47157984453466e-12 4.28514293649609e-11 -4.13798495204263e-11
0 0.5 -0.3 1.06968590673807e-11 1.84419996274627e-09 -1.85489682181364e-09
0 0.5 -0.4 1.26599842588093e-10 8.54489144436185e-08 -8.55755142862067e-08
0 0.5 -0.5 2.14535075148542e-09 3.95869565662107e-06 -3.96084100737256e-06
0 0.5 -0.6 7.15282511022649e-08 0.000182849699966738 -0.000182921228217841
0 0.5 -0.7 3.1614444901549e-06 0.00839054289833806 -0.00839370434282824
0 0.5 -0.8 0.000147305358647016 0.369919414054587 -0.370066719413234
0 0.5 -0.85 0.000982057212584664 2.18597556790004 -2.18695762511262
0 0.5 -0.875 0.00246055999206575 4.77993179739145 -4.78239235738352
0 0.5 -0.878125 0.00275792657359988 5.21360598521994 -5.21636391179354
0 0.5 -0.88125 0.0030937651700962 5.65966985071802 -5.66276361588811
0 0.5 -0.884375 0.00347189800144862 6.11617140258008 -6.11964330058153
0 0.5 -0.8875 0.00389623412183734 6.58095874273888 -6.58485497686072
0 0.5 -0.890625 0.00437094521064501 7.05360756648178 -7.05797851169242
0 0.5 -0.89375 0.00490049615066563 7.53587932371498 -7.54077981986564
0 0.5 -0.9 0.00614479274769364 8.53361219676137 -8.53975698950906
0 0.5 -0.90625 0.00767565156257496 9.57861501308999 -9.58629066465257
0 0.5 -0.9125 0.00954429885942757 10.6858825481113 -10.6954268469707
0 0.5 -0.91875 0.0118080845485382 11.8653539235398 -11.8771620080883
0 0.5 -0.925 0.0145292148090226 13.1222348891934 -13.1367641040024
0 0.5 -0.93125 0.0177717571020543 14.4565267075175 -14.4742984646196
0 0.5 -0.94375 0.0260827395759006 17.351099602528 -17.3771823421039
0 0.5 -0.95 0.0312747461428594 18.8960539203211 -18.927328666464
0 0.5 -0.95625 0.0372326717108589 20.5033993004457 -20.5406319721566
0 0.5 -0.9625 0.0439972262378812 22.1642721648539 -22.2082693910918
0 0.5 -0.96875 0.0516059886490294 23.864106072285 -23.915712060934
0 0.5 -0.975 0.0600870359318615 25.5958450638506 -25.6559320997825
0 0.5 -0.98125 0.0694541775914366 27.3532600812295 -27.422714258821
0 0.5 -0.99375 0.0908835944559186 30.9203124855092 -31.0111960799651
0 0.5 -1 0.102939695315617 32.7176925184566 -32.8206322137722
