0 0.3 -0.1 -1.9622958989373e-12 3.02685789156206e-12 -1.06456199262476e-12
0 0.3 -0.2 -4.10178845151043e-13 4.16668802933132e-11 -4.12567014481621e-11
0 0.3 -0.3 1.17582778924397e-11 1.83756226132714e-09 -1.84932053921958e-09
0 0.3 -0.4 1.27662110153261e-10 8.51960450238059e-08 -8.53237071339591e-08
0 0.3 -0.5 2.14646122716792e-09 3.9473662674713e-06 -3.94951272869847e-06
0 0.3 -0.55 1.16457865222521e-08 2.68422156932379e-05 -2.68538614797601e-05
0 0.3 -0.6 7.15331684899699e-08 0.000182343277663685 -0.000182414810832175
0 0.3 -0.65 4.68704659297141e-07 0.00123685718187064 -0.00123732588652995
0 0.3 -0.7 3.16162212062933e-06 0.00836821292510328 -0.00837137454722392
0 0.3 -0.75 2.15751209079459e-05 0.0562511782663948 -0.0562727533873028
0 0.3 -0.8 0.000147317000657437 0.369015565868191 -0.369162882868849
0 0.3 -0.85 0.000982294081896226 2.18136304757658 -2.18234534165848
0 0.3 -0.8625 0.00156076881640781 3.26899249183517 -3.27055326065158
0 0.3 -0.875 0.00246794878634961 4.74586579916254 -4.74833374794889
0 0.3 -0.88125 0.00311063552881839 5.5837692832047 -5.58687991873353
0 0.3 -0.8875 0.003919817332233 6.46334523651339 -6.46726505384563
0 0.3 -0.89375 0.00492862053555012 7.38720741883347 -7.39213603936902
0 0.3 -0.9 0.00617735566446473 8.35975443812505 -8.36593179378951
0 0.3 -0.90625 0.0077119174840715 9.39194824100175 -9.39966015848581
0 0.3 -0.9125 0.00958503195029387 10.4918574286938 -10.5014424606441
0 0.3 -0.925 0.014582452926427 12.9239200722502 -12.9385025251767
0 0.3 -0.9375 0.0216768784899756 15.6692631035004 -15.6909399819904
0 0.3 -0.94375 0.0261740012281655 17.1502080837303 -17.1763820849585
0 0.3 -0.95 0.0313869303747366 18.7010924019901 -18.7324793323648
0 0.3 -0.95625 0.0373669473908663 20.3120119453595 -20.3493788927504
0 0.3 -0.9625 0.0441616459365273 21.9715181787041 -22.0156798246406
0 0.3 -0.96875 0.0518077287211909 23.6734521632549 -23.7252598919761
0 0.3 -0.975 0.06033158758762 25.4107574846015 -25.4710890721892
0 0.3 -0.9875 0.0800827988379001 28.9618660972175 -29.0419488960554
0 0.3 -1 0.103449669993413 32.563124442841 -32.6665741128344
