0 0.1 -0.1 -7.22677105329449e-13 1.78404372637395e-12 -1.0613666210445e-12
0 0.1 -0.2 8.29440477171438e-13 4.0298863037108e-11 -4.11283035142794e-11
0 0.1 -0.3 1.29979219955116e-11 1.8305239443231e-09 -1.84352186631861e-09
0 0.1 -0.4 1.28902927754192e-10 8.4932930431592e-08 -8.50618333593463e-08
0 0.1 -0.5 2.14776684076225e-09 3.93558192747564e-06 -3.93772969431641e-06
0 0.1 -0.6 7.15391439925623e-08 0.000181816428107715 -0.000181887967251708
0 0.1 -0.65 4.68738061010819e-07 0.0012333488405263 -0.00123381757858732
0 0.1 -0.7 3.16183305818209e-06 0.0083449752704635 -0.0083481371035217
0 0.1 -0.75 2.15765555478215e-05 0.0560993135771546 -0.0561208901327024
0 0.1 -0.8 0.000147330322802944 0.368070861403893 -0.368218191726696
0 0.1 -0.85 0.000982580502051009 2.17628830853947 -2.17727088904152
0 0.1 -0.8625 0.00156177790870865 3.25973962438051 -3.26130140228922
0 0.1 -0.86875 0.00196695607870517 3.93713010138814 -3.93909705746684
0 0.1 -0.875 0.00248166966933909 4.67848261930675 -4.68096428897609
0 0.1 -0.88125 0.00313196008036533 5.47029556004112 -5.47342752012148
0 0.1 -0.8875 0.00394651907904607 6.31152650033915 -6.31547301941819
0 0.1 -0.89375 0.00495999889232035 7.20491171196972 -7.20987171086205
0 0.1 -0.9 0.00621282502915618 8.15800041314012 -8.16421323816927
0 0.1 -0.90625 0.00775193380939536 9.17866116649212 -9.18641310030152
0 0.1 -0.9125 0.00963032760049192 10.2741833932217 -10.2838137208222
0 0.1 -0.91875 0.0119064095252219 11.4483762803212 -11.4602826898465
0 0.1 -0.925 0.0146435085353245 12.7032431965616 -12.7178867050969
0 0.1 -0.93125 0.017907484290585 14.0356732063749 -14.0535806906655
0 0.1 -0.9375 0.0217654472817717 15.4467769118123 -15.4685423590941
0 0.1 -0.95 0.0315179624401248 18.4856363711454 -18.5171543335855
0 0.1 -0.9625 0.0443603799069339 21.7617756108627 -21.8061359907696
0 0.1 -0.975 0.0606333239382712 25.2172876068386 -25.2779209307769
0 0.1 -0.9875 0.0805240795017648 28.7823040268473 -28.8628281063491
0 0.1 -1 0.104107566635311 32.3962671026595 -32.5003746692948
