0 0 -0.1 2.15783225022536e-13 8.26752190018031e-13 -1.04253541504057e-12
0 0 -0.2 1.76790112028829e-12 3.92769520805282e-11 -4.10448532008165e-11
0 0 -0.3 1.39363978507534e-11 1.82655805341859e-09 -1.84049445126935e-09
0 0 -0.4 1.29842121245298e-10 8.47959786419296e-08 -8.49258207631749e-08
0 0 -0.5 2.14874474939633e-09 3.92946100155044e-06 -3.93160974629984e-06
0 0 -0.6 7.15429683490993e-08 0.000181542750370592 -0.000181614293338941
0 0 -0.7 3.1619580561397e-06 0.00833290105699841 -0.00833606301505454
0 0 -0.8 0.00014733791425358 0.367577607440539 -0.367724945354793
0 0 -0.85 0.000982757457678464 2.17345242582322 -2.1744351832809
0 0 -0.8625 0.00156303339758898 3.25123729448446 -3.25280032788205
0 0 -0.86875 0.00197202054375154 3.91027353021836 -3.91224555076211
0 0 -0.875 0.00249080245465409 4.62763473416422 -4.63012553661888
0 0 -0.88125 0.00314417255444224 5.39713044504936 -5.40027461760379
0 0 -0.8875 0.00396125494789555 6.2201425641148 -6.22410381906269
0 0 -0.89375 0.00497692548014364 7.10040026265797 -7.1053771881381
0 0 -0.9 0.0062320964622135 8.04456162355667 -8.05079372001887
0 0 -0.9125 0.00965527402587207 10.1540439308158 -10.1636992048417
0 0 -0.925 0.0146780844715409 12.5803744250003 -12.5950525094718
0 0 -0.9375 0.0218164201167532 15.3276597625853 -15.349476182702
0 0 -0.95 0.0315946757588654 18.3680518947648 -18.3996465705237
0 0 -0.9625 0.0444780991760541 21.6516301348554 -21.6961082340315
0 0 -0.975 0.0608109338782118 25.1146304841215 -25.1754414179997
0 0 -0.987499999999999 0.0807961272563612 28.685902232929 -28.7666983601853
0 0 -0.999999999999999 0.104500907567653 32.3100418260137 -32.4145427335814
