0 0.2 -0.1 -1.37431743525892e-12 2.43747538827334e-12 -1.06315795301441e-12
0 0.2 -0.2 1.7779986000861e-13 4.10155950390391e-11 -4.11933948990477e-11
0 0.2 -0.3 1.2346267900703e-11 1.8341077389275e-09 -1.84645400682821e-09
0 0.2 -0.4 1.28250636806963e-10 8.50659985140022e-08 -8.51942491508093e-08
0 0.2 -0.5 2.14707952948817e-09 3.94154090291162e-06 -3.94368798244111e-06
0 0.2 -0.6 7.15359789371184e-08 0.000182082850691848 -0.000182154386670785
0 0.2 -0.7 3.16172233355341e-06 0.0083567272609568 -0.00835988898329036
0 0.2 -0.8 0.000147323401913744 0.368549270470709 -0.368696593872622
0 0.2 -0.85 0.000982429003984083 2.17890154083164 -2.17988396983563
0 0.2 -0.8625 0.00156118306982662 3.26487349602093 -3.26643467909076
0 0.2 -0.86875 0.00196383138471326 3.95366442526322 -3.95562825664793
0 0.2 -0.875 0.00247402745238705 4.7171987856621 -4.71967281311449
0 0.2 -0.88125 0.00312077263994323 5.53219072200167 -5.53531149464161
0 0.2 -0.8875 0.00393279237608666 6.39191479328401 -6.3958475856601
0 0.2 -0.89375 0.00494387959394746 7.30075518475634 -7.30569906435029
0 0.2 -0.9 0.00619459483435779 8.26306190205002 -8.26925649688438
0 0.2 -0.90625 0.00773153881275147 9.28787831048995 -9.29560984930271
0 0.2 -0.9125 0.00960683743722982 10.3874424551371 -10.3970492925744
0 0.2 -0.91875 0.0118796761526819 11.5611439020106 -11.5730235781633
0 0.2 -0.925 0.014611675431252 12.8177077492153 -12.8323194246465
0 0.2 -0.93125 0.0178695678366263 14.1513565875431 -14.1692261553798
0 0.2 -0.9375 0.0217190562323938 15.5602793351683 -15.5819983914007
0 0.2 -0.95 0.0314493238709714 18.5969344259529 -18.6283837498239
0 0.2 -0.9625 0.0442560747982174 21.868402259965 -21.9126583347632
0 0.2 -0.975 0.0604742229000294 25.3152964664101 -25.3757706893101
0 0.2 -0.987499999999999 0.0802901329075932 28.8742911056815 -28.9545812385891
0 0.2 -0.999999999999999 0.103756947434181 32.4810214088869 -32.5847783563211
