0.9 0.0125 0 0.70602593963674 0.857332188379945 -1.56335812801668
0.9 0.025 0 0.460407603624032 2.31016320674347 -2.7705708103675
0.9 0.0375 0 0.297906046029133 3.40751357106195 -3.70541961709109
0.9 0.05 0 0.192028058723329 4.23574789195392 -4.42777595067725
0.9 0.0625 0 0.123888789606199 4.86174274002304 -4.98563152962924
0.9 0.075 0 0.0804511122252033 5.33645739374058 -5.41690850596578
0.9 0.1 0 0.0356326640724036 5.97588251934131 -6.01151518341371
0.9 0.125 0 0.017942395504008 6.35836910025899 -6.376311495763
0.9 0.15 0 0.0110012470753895 6.59684966182247 -6.60785090889786
0.9 0.175 0 0.00826997054524013 6.75377320750453 -6.76204317804976
0.9 0.2 0 0.0071827923189771 6.86409881007756 -6.87128160239655
0.9 0.225 0 0.00674041200866785 6.94772917468409 -6.95446958669276
0.9 0.2375 0 0.00662787179525553 6.98333012794889 -6.98995799974415
0.9 0.25 0 0.00655377914034717 7.01610509931915 -7.02265887845949
0.9 0.25625 0 0.00652655395726788 7.03165373651855 -7.03818029047583
0.9 0.2625 0 0.00650415052585177 7.04673705479222 -7.05324120531807
0.9 0.26875 0 0.00648560057542855 7.06141311516797 -7.0678987157434
0.9 0.275 0 0.0064701316871993 7.07573159980922 -7.08220173149641
0.9 0.28125 0 0.00645712804538323 7.08973489245539 -7.09619202050077
0.9 0.2875 0 0.00644609903078099 7.10345911069686 -7.10990520972764
0.9 0.3 0 0.0064284800518172 7.13018838419999 -7.13661686425181
0.9 0.3125 0 0.00641500641413631 7.15611265784302 -7.16252766425716
0.9 0.325 0 0.00640424061058222 7.1813698370145 -7.18777407762508
0.9 0.33125 0 0.0063995738117907 7.19378016912126 -7.20017974293307
0.9 0.3375 0 0.00639527188306185 7.2060582008903 -7.21245347277337
0.9 0.34375 0 0.00639127159051713 7.21821203140944 -7.22460330299995
0.9 0.35 0 0.00638752251796207 7.23024865829936 -7.23663618081732
0.9 0.35625 0 0.00638398441415032 7.24217420681327 -7.24855819122742
0.9 0.3625 0 0.0063806250283902 7.25399406227646 -7.26037468730486
0.9 0.375 0 0.00637434402543323 7.27733546920356 -7.28370981322901
0.9 0.3875 0 0.00636852720044492 7.30030615957498 -7.30667468677543
0.9 0.4 0 0.006363074209032 7.32293346007522 -7.32929653428427
0.9 0.4125 0 0.0063579170692336 7.34523951185644 -7.35159742892567
0.9 0.425 0 0.00635300790221121 7.36724178638797 -7.37359479429018
0.9 0.43125 0 0.00635063492909825 7.37813342296832 -7.38448405789743
0.9 0.4375 0 0.00634831143979794 7.38895399009569 -7.39530230153548
0.9 0.44375 0 0.00634603426817341 7.39970481635742 -7.4060508506256
0.9 0.45 0 0.00634380060328188 7.41038715857189 -7.41673095917517
0.9 0.45625 0 0.00634160791576436 7.42100220404526 -7.42734381196104
0.9 0.4625 0 0.00633945390593654 7.43155122427891 -7.43789067818486
0.9 0.475 0 0.00633525383880861 7.45245628100747 -7.45879153484628
0.9 0.4875 0 0.00633118592298984 7.47311330574624 -7.47944449166924
0.9 0.5 0 0.00632723805549873 7.49353390006017 -7.49986113811566
0.9 0.5125 0 0.00632340001117934 7.51372935684276 -7.52005275685394
0.9 0.525 0 0.0063196629759381 7.53370957087823 -7.54002923385416
0.9 0.5375 0 0.00631601923290343 7.55348180589937 -7.55979782513227
0.9 0.5625 0 0.00630898436088901 7.59241436067148 -7.59872334503238
0.9 0.575 0 0.00630558066110402 7.61157320984263 -7.61787879050374
0.9 0.5875 0 0.00630224511155296 7.6305231600227 -7.63682540513426
0.9 0.6 0 0.00629897252000764 7.64926112080795 -7.65556009332797
0.9 0.612499999999999 0 0.00629575823771611 7.66778536950537 -7.67408112774307
0.9 0.624999999999999 0 0.00629259834262552 7.68609599025688 -7.69238858859949
0.9 0.637499999999999 0 0.00628948938520518 7.70419562389272 -7.71048511327795
0.9 0.649999999999999 0 0.00628642829482564 7.72208936689315 -7.72837579518803
0.9 0.662499999999999 0 0.00628341214180426 7.73978476852794 -7.74606818066965
0.9 0.674999999999999 0 0.0062804378655607 7.75729180089017 -7.76357223875566
0.9 0.681249999999999 0 0.00627896547027934 7.76597819750735 -7.77225716297758
0.9 0.687499999999999 0 0.00627750243004228 7.77462156241958 -7.78089906484958
0.9 0.693749999999999 0 0.00627604837657966 7.78322322061136 -7.7894992689879
0.9 0.699999999999999 0 0.00627460295244504 7.79178438004346 -7.79805898299588
0.9 0.706249999999999 0 0.00627316582985994 7.80030610911604 -7.80657927494588
0.9 0.712499999999999 0 0.006271736720063 7.80878921578953 -7.81506095250958
0.9 0.724999999999999 0 0.00626890139607476 7.82564219882608 -7.83191110022214
0.9 0.737499999999999 0 0.00626609531837054 7.84234537846135 -7.84861147377971
0.9 0.749999999999999 0 0.00626331749990826 7.85889665009351 -7.86515996759342
0.9 0.762499999999999 0 0.00626056753018406 7.8752907970372 -7.88155136456739
0.9 0.774999999999999 0 0.00625784554291154 7.89152022167243 -7.89777806721534
0.9 0.787499999999999 0 0.0062551517452094 7.90757784053253 -7.91383299227773
0.9 0.812499999999999 0 0.00624984967083609 7.9391580676776 -7.94540791734843
0.9 0.837499999999999 0 0.00624465932325531 7.970028884519 -7.97627354384225
0.9 0.862499999999999 0 0.00623957122090732 8.00024757127219 -8.0064871424931
0.9 0.887499999999999 0 0.00623456987785012 8.02990948595161 -8.03614405582947
0.9 0.912499999999999 0 0.00622963867267299 8.05910765470435 -8.06533729337702
0.9 0.937499999999999 0 0.00622476543408987 8.08789885333596 -8.09412361877004
0.9 0.987499999999999 0 0.00621518292379578 8.14422146175433 -8.15043664467813
0.9 1.0375 0 0.00620585535672741 8.19849526742622 -8.20470112278294
0.9 1.0875 0 0.00619681278046844 8.25043319041965 -8.25663000320013
0.9 1.1375 0 0.00618803286127829 8.30017078307509 -8.30635881593637
0.9 1.1875 0 0.00617946882846849 8.34804146970531 -8.35422093853379
0.9 1.2375 0 0.00617107133803363 8.3943328415024 -8.40050391284043
0.9 1.3375 0 0.00615468010742998 8.48232225267773 -8.48847693278515
0.9 1.3625 0 0.00615068348051398 8.50321892339253 -8.50936960687304
0.9 1.3875 0 0.00614674137713663 8.52361085933168 -8.52975760070882
0.9 1.4125 0 0.00614285979581333 8.54348295299365 -8.54962581278948
0.9 1.4375 0 0.00613904212165934 8.56283722394742 -8.56897626606908
0.9 1.4625 0 0.0061352874451191 8.58169837863595 -8.58783366608107
0.9 1.4875 0 0.00613159100879057 8.60010707123866 -8.60623866224745
0.9 1.5 0 0.00612976241543083 8.60915716041372 -8.61528692282914
