0.4 0.025 0 3.83303242290899e-09 4.84633889978731e-08 -5.22964214207821e-08
0.4 0.0375 0 2.59910972528839e-09 6.19951283657489e-08 -6.45942380910372e-08
0.4 0.05 0 1.79525464705398e-09 7.03965149294685e-08 -7.21917695765225e-08
0.4 0.0515625 0 1.71657228960201e-09 7.11928500476324e-08 -7.29094223372343e-08
0.4 0.053125 0 1.64189203440679e-09 7.19433151687816e-08 -7.35852072031884e-08
0.4 0.0546875 0 1.57099912882855e-09 7.26505759565844e-08 -7.4221575085413e-08
0.4 0.05625 0 1.50369075591398e-09 7.33171426614261e-08 -7.48208334173401e-08
0.4 0.0578125 0 1.4397753554209e-09 7.39453791922369e-08 -7.53851545476578e-08
0.4 0.059375 0 1.37907198373013e-09 7.45375116713692e-08 -7.59165836550995e-08
0.4 0.0625 0 1.26662707057687e-09 7.56217278017484e-08 -7.68883548723252e-08
0.4 0.065625 0 1.16509880684551e-09 7.65851384261758e-08 -7.77502372330212e-08
0.4 0.0671875 0 1.11807281310692e-09 7.70258574338534e-08 -7.81439302469603e-08
0.4 0.06875 0 1.07336477101687e-09 7.74413546825812e-08 -7.85147194535981e-08
0.4 0.0703125 0 1.03085301151848e-09 7.7833092560231e-08 -7.88639455717496e-08
0.4 0.07109375 0 1.01038454946355e-09 7.80204853091885e-08 -7.9030869858652e-08
0.4 0.071875 0 9.90422532141988e-10 7.82024482995458e-08 -7.91928708316878e-08
0.4 0.07265625 0 9.70953564119006e-10 7.8379141197002e-08 -7.93500947611209e-08
0.4 0.0734375 0 9.51964620964463e-10 7.85507189485525e-08 -7.95026835695169e-08
0.4 0.07421875 0 9.33443038784393e-10 7.87173319255336e-08 -7.96507749643177e-08
0.4 0.075 0 9.15376504073222e-10 7.88791260530114e-08 -7.97945025570846e-08
0.4 0.0765625 0 8.80561011143742e-10 7.91888200575729e-08 -8.00693810687165e-08
0.4 0.078125 0 8.47426260903262e-10 7.94808844575963e-08 -8.03283107184996e-08
0.4 0.0796875 0 8.15885365700905e-10 7.97563397006691e-08 -8.05722250663699e-08
0.4 0.08125 0 7.85856149145728e-10 8.00161468764634e-08 -8.08020030256091e-08
0.4 0.0828125 0 7.57260885115553e-10 8.02612111671856e-08 -8.10184720523012e-08
0.4 0.084375 0 7.30026049882516e-10 8.04923851119411e-08 -8.12224111618236e-08
0.4 0.0875 0 6.79363169296546e-10 8.09162271680118e-08 -8.15955903373084e-08
0.4 0.090625 0 6.33354739921697e-10 8.12935528058551e-08 -8.19269075457768e-08
0.4 0.09375 0 5.91541520519361e-10 8.1629578274031e-08 -8.22211197945504e-08
0.4 0.09453125 0 5.8169452254333e-10 8.17076857568105e-08 -8.22893802793538e-08
0.4 0.0953125 0 5.72077803522642e-10 8.17835707489339e-08 -8.23556485524565e-08
0.4 0.09609375 0 5.62685528950789e-10 8.18572982624344e-08 -8.24199837913853e-08
0.4 0.0968749999999999 0 5.5351202136611e-10 8.19289313944261e-08 -8.24824434157922e-08
0.4 0.0976562499999999 0 5.44551755649493e-10 8.19985313864911e-08 -8.25430831421406e-08
0.4 0.0984374999999999 0 5.35799354983122e-10 8.20661576712393e-08 -8.26019570262223e-08
0.4 0.0999999999999999 0 5.18897359469444e-10 8.21957181731841e-08 -8.27146155326536e-08
0.4 0.1015625 0 5.02765832309102e-10 8.23180542929042e-08 -8.28208201252134e-08
0.4 0.103125 0 4.87366688492857e-10 8.24335818290676e-08 -8.29209485175605e-08
0.4 0.10390625 0 4.79930410109004e-10 8.24889156803866e-08 -8.29688460904956e-08
0.4 0.1046875 0 4.72663847604207e-10 8.254269245997e-08 -8.30153563075743e-08
0.4 0.10546875 0 4.65562785777426e-10 8.25949575883039e-08 -8.30605203740814e-08
0.4 0.10625 0 4.58623120702834e-10 8.26457551539545e-08 -8.31043782746574e-08
0.4 0.10703125 0 4.51840857876579e-10 8.26951279457713e-08 -8.3146968803648e-08
0.4 0.1078125 0 4.45212108258508e-10 8.27431174955036e-08 -8.31883296037622e-08
0.4 0.109375 0 4.32400102353559e-10 8.28351069204374e-08 -8.3267507022791e-08
0.4 0.1109375 0 4.20157994358311e-10 8.29220319021812e-08 -8.33421898965395e-08
0.4 0.11171875 0 4.14241970989992e-10 8.29636867062709e-08 -8.3377928677261e-08
0.4 0.1125 0 4.08458186402266e-10 8.30041830391418e-08 -8.34126412255442e-08
0.4 0.11328125 0 4.02803413663867e-10 8.30435546028859e-08 -8.34463580165497e-08
0.4 0.1140625 0 3.97274510206007e-10 8.30818341118221e-08 -8.34791086220282e-08
0.4 0.11484375 0 3.91868415805002e-10 8.31190533215294e-08 -8.35109217373343e-08
0.4 0.115625 0 3.86582150106793e-10 8.31552430503991e-08 -8.35418252005058e-08
0.4 0.11640625 0 3.81412810405332e-10 8.31904332187353e-08 -8.35718460291406e-08
0.4 0.1171875 0 3.76357569393831e-10 8.32246528601189e-08 -8.36010104295127e-08
0.4 0.117578125 0 3.73871872489249e-10 8.32414075769584e-08 -8.36152794494476e-08
0.4 0.11796875 0 3.71413673225345e-10 8.32579301649796e-08 -8.36293438382049e-08
0.4 0.118359375 0 3.68982638649972e-10 8.32742240204439e-08 -8.3643206659094e-08
0.4 0.11875 0 3.6657843999667e-10 8.32902924864437e-08 -8.36568709264404e-08
0.4 0.119140625 0 3.64200752893602e-10 8.33061388599305e-08 -8.36703396128243e-08
0.4 0.11953125 0 3.6184925713132e-10 8.33217663855518e-08 -8.36836156426832e-08
0.4 0.1203125 0 3.57223579422197e-10 8.33523776382683e-08 -8.37096012176904e-08
0.4 0.12109375 0 3.5269892796181e-10 8.3382151260223e-08 -8.37348501881848e-08
0.4 0.121875 0 3.48272887048081e-10 8.34111115466367e-08 -8.37593844336848e-08
0.4 0.12265625 0 3.43943103840553e-10 8.34392820696119e-08 -8.37832251734523e-08
0.4 0.123046875 0 3.41813590014275e-10 8.34530783468697e-08 -8.37948919368839e-08
0.4 0.1234375 0 3.39707285490942e-10 8.34666857093238e-08 -8.38063929948146e-08
0.4 0.123828125 0 3.37623912891927e-10 8.34801069190021e-08 -8.38177308318943e-08
0.4 0.12421875 0 3.35563198472211e-10 8.34933446856031e-08 -8.38289078840754e-08
0.4 0.124609375 0 3.33524872056014e-10 8.35064016895395e-08 -8.38399265615955e-08
0.4 0.125 0 3.3150866692994e-10 8.35192805583321e-08 -8.3850789225262e-08
0.4 0.12578125 0 3.27541570300043e-10 8.3544514255734e-08 -8.3872055826034e-08
0.4 0.1265625 0 3.2365984196223e-10 8.35690660982814e-08 -8.38927259402436e-08
0.4 0.12734375 0 3.19861468308981e-10 8.35929558079214e-08 -8.39128172762304e-08
0.4 0.128125 0 3.16144487269656e-10 8.36162025302056e-08 -8.39323470174753e-08
0.4 0.12890625 0 3.12506986848972e-10 8.36388248465162e-08 -8.39513318333653e-08
0.4 0.1296875 0 3.08947103688816e-10 8.36608408016068e-08 -8.39697879052957e-08
0.4 0.13125 0 3.02052968345813e-10 8.37031231563254e-08 -8.40051761246711e-08
0.4 0.1328125 0 2.95448095556664e-10 8.37431836425763e-08 -8.40386317381331e-08
0.4 0.13359375 0 2.92249954344825e-10 8.37624204450465e-08 -8.40546703993914e-08
0.4 0.134375 0 2.89119198823402e-10 8.37811485695344e-08 -8.40702677683579e-08
0.4 0.13515625 0 2.86054270483226e-10 8.3799382674457e-08 -8.40854369449403e-08
0.4 0.1359375 0 2.83053650253028e-10 8.38171369849818e-08 -8.41001906352349e-08
0.4 0.13671875 0 2.80115857494036e-10 8.38344253130627e-08 -8.41145411705568e-08
0.4 0.1375 0 2.77239448375026e-10 8.38512610690404e-08 -8.41285005174155e-08
0.4 0.1390625 0 2.71665185499245e-10 8.38836265475191e-08 -8.41552917330182e-08
0.4 0.140625 0 2.663200146942e-10 8.39143330684019e-08 -8.41806530830961e-08
0.4 0.1421875 0 2.61193621906451e-10 8.39434745428284e-08 -8.42046681647349e-08
0.4 0.14296875 0 2.58709382623737e-10 8.39574862495769e-08 -8.42161956322007e-08
0.4 0.14375 0 2.56276197113262e-10 8.39711394850043e-08 -8.42274156821175e-08
0.4 0.14453125 0 2.53892913415104e-10 8.39844445218753e-08 -8.42383374352904e-08
0.4 0.1453125 0 2.51558408006124e-10 8.39974113292527e-08 -8.42489697372588e-08
0.4 0.14609375 0 2.4927158531004e-10 8.40100495920191e-08 -8.42593211773291e-08
0.4 0.146875 0 2.47031376022132e-10 8.40223687153272e-08 -8.42694000913494e-08
0.4 0.1484375 0 2.42686652163671e-10 8.40460857625346e-08 -8.42887724146982e-08
0.4 0.15 0 2.38516195292483e-10 8.4068632354145e-08 -8.43071485494375e-08
0.4 0.15078125 0 2.36493910245151e-10 8.40794874615463e-08 -8.43159813717914e-08
0.4 0.1515625 0 2.3451235023688e-10 8.40900743530794e-08 -8.43245867033164e-08
0.4 0.15234375 0 2.32570615440018e-10 8.41004006800317e-08 -8.43329712954718e-08
0.4 0.152734375 0 2.31614407545539e-10 8.4105468458003e-08 -8.43370828655486e-08
0.4 0.153125 0 2.30667828350507e-10 8.4110473859813e-08 -8.43411416881635e-08
0.4 0.153515625 0 2.29730771505184e-10 8.41154177807618e-08 -8.43451485522671e-08
0.4 0.15390625 0 2.28803131783651e-10 8.4120301101306e-08 -8.43491042330897e-08
0.4 0.154296875 0 2.27884805280842e-10 8.41251246925822e-08 -8.4353009497863e-08
0.4 0.1546875 0 2.26975689270125e-10 8.4129889405521e-08 -8.43568650947912e-08
0.4 0.15546875 0 2.25184684886575e-10 8.41392455685185e-08 -8.43644302534051e-08
0.4 0.15625 0 2.23429321815849e-10 8.41483761853927e-08 -8.43718055072085e-08
0.4 0.15703125 0 2.21708822419318e-10 8.41572876630753e-08 -8.43789964854945e-08
0.4 0.1578125 0 2.2002242787191e-10 8.41659862279543e-08 -8.43860086558263e-08
0.4 0.15859375 0 2.18369397346568e-10 8.41744779152893e-08 -8.43928473126359e-08
0.4 0.158984375 0 2.17555166844032e-10 8.41786480189131e-08 -8.4396203185757e-08
0.4 0.159375 0 2.16749007333857e-10 8.41827685892364e-08 -8.43995175965701e-08
0.4 0.159765625 0 2.15950831132939e-10 8.41868403370843e-08 -8.44027911682172e-08
0.4 0.16015625 0 2.15160551493542e-10 8.41908639531819e-08 -8.44060245046755e-08
0.4 0.160546875 0 2.14378082784745e-10 8.41948401262865e-08 -8.44092182090712e-08
0.4 0.1609375 0 2.13603340363695e-10 8.41987695323405e-08 -8.44123728727042e-08
0.4 0.16171875 0 2.12076701012304e-10 8.42064906980898e-08 -8.44185673991021e-08
0.4 0.1625 0 2.10579976136221e-10 8.42140326659286e-08 -8.44246126420648e-08
0.4 0.16328125 0 2.09112524118617e-10 8.42214005008714e-08 -8.443051302499e-08
0.4 0.1640625 0 2.07673718279915e-10 8.42285991217522e-08 -8.44362728400322e-08
0.4 0.164453125 0 2.06964866045874e-10 8.42321364723974e-08 -8.44391013384433e-08
0.4 0.16484375 0 2.06262947069961e-10 8.42356333007354e-08 -8.44418962478055e-08
0.4 0.165234375 0 2.05567886989419e-10 8.42390901801626e-08 -8.4444658067152e-08
0.4 0.165625 0 2.04879612409309e-10 8.42425076786216e-08 -8.44473872910309e-08
0.4 0.166015625 0 2.04198050838478e-10 8.42458863522973e-08 -8.44500844031357e-08
0.4 0.16640625 0 2.03523130585102e-10 8.42492267571747e-08 -8.44527498877599e-08
0.4 0.1671875 0 2.02192931470925e-10 8.4255794912024e-08 -8.44579878434951e-08
0.4 0.16796875 0 2.00888458324359e-10 8.42622163909689e-08 -8.44631048492934e-08
0.4 0.16875 0 1.99609167472032e-10 8.42684953129419e-08 -8.44681044804138e-08
0.4 0.16953125 0 1.98354528184269e-10 8.42746356916821e-08 -8.44729902198663e-08
0.4 0.1703125 0 1.97124020662352e-10 8.42806414131649e-08 -8.44777654338273e-08
0.4 0.17109375 0 1.95917137975453e-10 8.42865162552208e-08 -8.44824333931962e-08
0.4 0.17265625 0 1.93572277784179e-10 8.42978878796574e-08 -8.44914601574416e-08
0.4 0.17421875 0 1.91316119941141e-10 8.4308778669535e-08 -8.45000947894763e-08
0.4 0.17578125 0 1.89145010566707e-10 8.4319215132873e-08 -8.45083601434396e-08
0.4 0.17734375 0 1.87055461478427e-10 8.43292222817141e-08 -8.45162777431926e-08
0.4 0.17890625 0 1.85044138648944e-10 8.43388237072783e-08 -8.45238678459274e-08
0.4 0.18046875 0 1.8310785819802e-10 8.43480416672936e-08 -8.45311495254916e-08
0.4 0.18359375 0 1.79448394408879e-10 8.43654100056085e-08 -8.45448584000173e-08
0.4 0.18671875 0 1.76054317821143e-10 8.43814814694685e-08 -8.45575357872897e-08
0.4 0.18984375 0 1.72904836428372e-10 8.43963933380861e-08 -8.45692981745143e-08
0.4 0.19140625 0 1.71415809624908e-10 8.44034531740981e-08 -8.4574868983723e-08
0.4 0.1921875 0 1.70691736078115e-10 8.44068903279885e-08 -8.45775820640666e-08
0.4 0.19296875 0 1.69980928591508e-10 8.44102678851253e-08 -8.45802488137166e-08
0.4 0.19375 0 1.69283124236804e-10 8.44135874780045e-08 -8.45828706022412e-08
0.4 0.19453125 0 1.68598065841578e-10 8.44168506862756e-08 -8.45854487521172e-08
0.4 0.1953125 0 1.6792550179907e-10 8.44200590439146e-08 -8.45879845457138e-08
0.4 0.195703125 0 1.6759382796698e-10 8.44216431225228e-08 -8.45892369504899e-08
0.4 0.19609375 0 1.67265185899189e-10 8.44232140489474e-08 -8.45904792348466e-08
0.4 0.196484375 0 1.6693954567258e-10 8.44247719945547e-08 -8.45917115402275e-08
0.4 0.196875 0 1.66616877555814e-10 8.44263171446677e-08 -8.45929340222236e-08
0.4 0.197265625 0 1.66297152221061e-10 8.44278496732236e-08 -8.45941468254447e-08
0.4 0.19765625 0 1.65980340926351e-10 8.44293697458796e-08 -8.45953500868058e-08
0.4 0.1984375 0 1.65355345417299e-10 8.44323732193345e-08 -8.45977285647517e-08
0.4 0.19921875 0 1.64741665153632e-10 8.44353288987476e-08 -8.46000705639014e-08
0.4 0.2 0 1.64139079168837e-10 8.44382380739901e-08 -8.46023771531589e-08
0.4 0.20078125 0 1.63547371354741e-10 8.44411020018615e-08 -8.46046493732164e-08
0.4 0.2015625 0 1.62966330409074e-10 8.4443921906076e-08 -8.46068882364852e-08
0.4 0.20234375 0 1.62395749194233e-10 8.44466989670222e-08 -8.46090947162165e-08
0.4 0.20390625 0 1.61285159249034e-10 8.4452129159508e-08 -8.46134143187571e-08
0.4 0.20546875 0 1.60214030811364e-10 8.44574014082414e-08 -8.46176154390529e-08
0.4 0.20703125 0 1.59180859067215e-10 8.44625240743547e-08 -8.46217049334219e-08
0.4 0.2078125 0 1.58678053652015e-10 8.4465031794258e-08 -8.462370984791e-08
0.4 0.20859375 0 1.58184201073258e-10 8.4467505040047e-08 -8.46256892411204e-08
0.4 0.209375 0 1.57699130408331e-10 8.44699447281657e-08 -8.46276438585739e-08
0.4 0.21015625 0 1.5722267405481e-10 8.44723517549e-08 -8.46295744289548e-08
0.4 0.2109375 0 1.56754668512419e-10 8.44747269821676e-08 -8.46314816506801e-08
0.4 0.211718750000001 0 1.56294952824178e-10 8.44770712555361e-08 -8.46333662083602e-08
0.4 0.213281250000001 0 1.55399764731061e-10 8.44816701957321e-08 -8.46370699604631e-08
0.4 0.21484375 0 1.54535890137652e-10 8.44861548570906e-08 -8.46406907472284e-08
0.4 0.21640625 0 1.5370215978586e-10 8.44905311786807e-08 -8.46442333384666e-08
0.4 0.21796875 0 1.52897451141634e-10 8.44948047698564e-08 -8.46477022209981e-08
0.4 0.21953125 0 1.52120686777399e-10 8.44989809352947e-08 -8.4651101622072e-08
0.4 0.22109375 0 1.5137083270368e-10 8.45030646887232e-08 -8.46544355214269e-08
0.4 0.22265625 0 1.50646896339485e-10 8.4507060769076e-08 -8.46577076654156e-08
0.4 0.22421875 0 1.49947924609425e-10 8.45109736563363e-08 -8.46609215809457e-08
0.4 0.22578125 0 1.49273002485311e-10 8.45148075910093e-08 -8.46640805934945e-08
0.4 0.22734375 0 1.48621251427888e-10 8.45185665763402e-08 -8.46671878277681e-08
0.4 0.22890625 0 1.47991827119037e-10 8.45222543981748e-08 -8.46702462252938e-08
0.4 0.23046875 0 1.47383918506213e-10 8.45258746483721e-08 -8.46732585668782e-08
0.4 0.23203125 0 1.46796745959777e-10 8.45294307117527e-08 -8.46762274577126e-08
0.4 0.23359375 0 1.4622956070389e-10 8.45329257953759e-08 -8.46791553560798e-08
0.4 0.23515625 0 1.4568164309387e-10 8.45363629375438e-08 -8.46820445806377e-08
0.4 0.23671875 0 1.45152300887547e-10 8.45397450077341e-08 -8.46848973086217e-08
0.4 0.2375 0 1.44894386611477e-10 8.45414162429226e-08 -8.46863106295342e-08
0.4 0.23828125 0 1.44640868760726e-10 8.45430747202094e-08 -8.46877155889702e-08
0.4 0.2390625 0 1.44391668101106e-10 8.45447207541862e-08 -8.46891124222874e-08
0.4 0.23984375 0 1.44146706998018e-10 8.45463546537679e-08 -8.4690501360766e-08
0.4 0.240625 0 1.43905909175862e-10 8.45479767174944e-08 -8.46918826266704e-08
0.4 0.24140625 0 1.43669199974358e-10 8.45495872369493e-08 -8.46932564369235e-08
0.4 0.24296875 0 1.43207755979526e-10 8.45527747805551e-08 -8.46959825365346e-08
0.4 0.24453125 0 1.42761805638066e-10 8.45559194639309e-08 -8.4698681269569e-08
0.4 0.24609375 0 1.4233080112738e-10 8.45590233587481e-08 -8.47013541598755e-08
0.4 0.246875 0 1.42120738015857e-10 8.45605606228119e-08 -8.47026813608277e-08
0.4 0.24765625 0 1.4191421515085e-10 8.45620884158362e-08 -8.47040026309872e-08
0.4 0.248437500000001 0 1.41711169839996e-10 8.45636069649339e-08 -8.4705318134774e-08
0.4 0.249218750000001 0 1.41511540538734e-10 8.45651164955744e-08 -8.47066280361131e-08
0.4 0.25 0 1.41315266646316e-10 8.45666172201951e-08 -8.47079324868414e-08
0.4 0.250781250000001 0 1.41122288831894e-10 8.45681093517991e-08 -8.47092316406312e-08
0.4 0.252343750000001 0 1.40745989725235e-10 8.45710686523558e-08 -8.47118146420811e-08
0.4 0.253906250000001 0 1.40382190631282e-10 8.45739959735558e-08 -8.4714378164187e-08
0.4 0.255468750000001 0 1.400304556909e-10 8.45768928104725e-08 -8.47169232661634e-08
0.4 0.257031250000001 0 1.39690365262099e-10 8.45797605792613e-08 -8.47194509445234e-08
0.4 0.258593750000001 0 1.39361515042654e-10 8.45826006291968e-08 -8.47219621442395e-08
0.4 0.260156250000001 0 1.39043515514911e-10 8.45854142306905e-08 -8.47244577462054e-08
0.4 0.261718750000001 0 1.38735991446346e-10 8.45882025912865e-08 -8.47269385827328e-08
0.4 0.262500000000001 0 1.38586044230237e-10 8.45895876682772e-08 -8.47281737125075e-08
0.4 0.262890625000001 0 1.38512004973854e-10 8.45902779920891e-08 -8.47287899970628e-08
0.4 0.263281250000001 0 1.38438581364785e-10 8.4590966861784e-08 -8.47294054431487e-08
0.4 0.263671875000001 0 1.38365768043231e-10 8.4591654294524e-08 -8.47300200625672e-08
0.4 0.264062500000001 0 1.38293559692365e-10 8.45923403037101e-08 -8.47306338634024e-08
0.4 0.264453125000001 0 1.38221951034944e-10 8.45930249095517e-08 -8.47312468605866e-08
0.4 0.264843750000001 0 1.38150936886502e-10 8.45937081266283e-08 -8.47318590635148e-08
0.4 0.265625000000001 0 1.38010671307862e-10 8.45950704567865e-08 -8.47330811280944e-08
0.4 0.266406250000001 0 1.3787272219342e-10 8.45964274185507e-08 -8.47343001407441e-08
0.4 0.267187500000001 0 1.3773704946888e-10 8.45977791325381e-08 -8.47355161820069e-08
0.4 0.267968750000001 0 1.37603613808906e-10 8.45991257176135e-08 -8.47367293314223e-08
0.4 0.268750000000001 0 1.37472376526981e-10 8.46004672872265e-08 -8.47379396637534e-08
0.4 0.269531250000001 0 1.3734329968041e-10 8.46018039541776e-08 -8.47391472538579e-08
0.4 0.271093750000001 0 1.37091479082854e-10 8.46044630075926e-08 -8.47415544866753e-08
0.4 0.272656250000001 0 1.36847862084081e-10 8.46071037207013e-08 -8.47439515827856e-08
0.4 0.274218750000001 0 1.36612168997089e-10 8.46097268865948e-08 -8.47463390555919e-08
0.4 0.275781250000001 0 1.36384130145772e-10 8.4612333263248e-08 -8.47487173933937e-08
0.4 0.277343750000001 0 1.36163485585876e-10 8.46149235649555e-08 -8.47510870505413e-08
0.4 0.278906250000001 0 1.35949984392294e-10 8.4617498478394e-08 -8.47534484627864e-08
0.4 0.280468750000001 0 1.35743384459584e-10 8.46200586532734e-08 -8.47558020377331e-08
0.4 0.282031250000001 0 1.35543452328069e-10 8.46226047005328e-08 -8.47581481528609e-08
0.4 0.283593750000001 0 1.35349962653614e-10 8.46251372112158e-08 -8.47604871738695e-08
0.4 0.285156250000001 0 1.35162698046025e-10 8.46276567408374e-08 -8.47628194388834e-08
0.4 0.286718750000001 0 1.34981448764676e-10 8.46301638203424e-08 -8.47651452691071e-08
0.4 0.288281250000001 0 1.34806012243906e-10 8.46326589546406e-08 -8.47674649668846e-08
0.4 0.289843750000001 0 1.3463619296365e-10 8.46351426227892e-08 -8.47697788157529e-08
0.4 0.290625000000001 0 1.34553330578763e-10 8.46363802997731e-08 -8.47709336303518e-08
0.4 0.291406250000001 0 1.34471802282242e-10 8.4637615281206e-08 -8.47720870834883e-08
0.4 0.292187500000001 0 1.34391585526748e-10 8.46388476183993e-08 -8.47732392039262e-08
0.4 0.292968750000001 0 1.34312658070708e-10 8.46400773662664e-08 -8.47743900243371e-08
0.4 0.293750000000001 0 1.34234998167662e-10 8.46413045742862e-08 -8.47755395724539e-08
0.4 0.294531250000001 0 1.3415858434856e-10 8.46425292920075e-08 -8.47766878763562e-08
0.4 0.296093750000001 0 1.34009411267183e-10 8.46449714517789e-08 -8.4778980863046e-08
0.4 0.297656250000001 0 1.33864974819631e-10 8.46474042228658e-08 -8.47812691976854e-08
0.4 0.299218750000001 0 1.33725116583209e-10 8.46498279611611e-08 -8.47835530777444e-08
0.4 0.300000000000001 0 1.3365685628909e-10 8.46510365518154e-08 -8.47846934081045e-08
0.4 0.300781250000001 0 1.33589683611791e-10 8.46522430097936e-08 -8.47858326934054e-08
0.4 0.301562500000001 0 1.33523580215406e-10 8.46534473768587e-08 -8.47869709570741e-08
0.4 0.302343750000001 0 1.33458528087555e-10 8.46546496935579e-08 -8.47881082216453e-08
0.4 0.303125000000001 0 1.3339450953549e-10 8.46558499932844e-08 -8.47892445028198e-08
0.4 0.303906250000001 0 1.33331507191644e-10 8.46570483187744e-08 -8.47903798259661e-08
0.4 0.305468750000001 0 1.33208483073259e-10 8.4659439186321e-08 -8.47926476693943e-08
0.4 0.307031250000001 0 1.33089322447216e-10 8.46618225756091e-08 -8.47949118980563e-08
0.4 0.308593750000001 0 1.32973896548131e-10 8.46641987546239e-08 -8.47971726511718e-08
0.4 0.310156250000001 0 1.32862080931599e-10 8.46665679811421e-08 -8.47994300620738e-08
0.4 0.311718750000001 0 1.32753755420669e-10 8.46689305011208e-08 -8.48016842565415e-08
0.4 0.313281250000001 0 1.32648803733235e-10 8.46712865478667e-08 -8.48039353515999e-08
0.4 0.314843750000001 0 1.32547113603647e-10 8.46736363455129e-08 -8.48061834591166e-08
0.4 0.316406250000001 0 1.32448576440878e-10 8.4675980103252e-08 -8.48084286796929e-08
0.4 0.317187500000001 0 1.32400457266628e-10 8.46771497844387e-08 -8.48095502417053e-08
0.4 0.317968750000001 0 1.3235308725617e-10 8.46783180311749e-08 -8.4810671118431e-08
0.4 0.318750000000001 0 1.32306453859285e-10 8.46794848686226e-08 -8.4811791322482e-08
0.4 0.319531250000001 0 1.32260544663925e-10 8.46806503208046e-08 -8.48129108654687e-08
0.4 0.320312500000001 0 1.32215347544355e-10 8.46818144092394e-08 -8.48140297567839e-08
0.4 0.321093750000001 0 1.32170850518587e-10 8.46829771560021e-08 -8.48151480065206e-08
0.4 0.321875000000001 0 1.32127041840439e-10 8.46841385871946e-08 -8.48162656290352e-08
0.4 0.322656250000001 0 1.32083909974658e-10 8.4685298718258e-08 -8.48173826282329e-08
0.4 0.323437500000001 0 1.320414435316e-10 8.46864575761365e-08 -8.4818499019668e-08
0.4 0.324218750000001 0 1.31999631372973e-10 8.46876151783703e-08 -8.48196148097434e-08
0.4 0.325000000000001 0 1.3195846245069e-10 8.46887715461544e-08 -8.48207300086051e-08
0.4 0.325781250000001 0 1.3191792601325e-10 8.46899266975822e-08 -8.48218446235955e-08
0.4 0.327343750000001 0 1.31838708105757e-10 8.46922334312169e-08 -8.48240721393227e-08
0.4 0.328906250000001 0 1.3176189475243e-10 8.46945355294586e-08 -8.48262974242111e-08
0.4 0.330468750000001 0 1.31687405750555e-10 8.46968331345039e-08 -8.48285205402545e-08
0.4 0.332031250000001 0 1.3161516352698e-10 8.46991263859302e-08 -8.48307415494571e-08
0.4 0.333593750000002 0 1.31545092967621e-10 8.47014154085197e-08 -8.48329605014874e-08
0.4 0.335156250000002 0 1.31477121588362e-10 8.47037003330021e-08 -8.48351774545905e-08
0.4 0.336718750000002 0 1.31411179130229e-10 8.47059812786201e-08 -8.48373924577504e-08
0.4 0.338281250000002 0 1.31347197637631e-10 8.47082583559818e-08 -8.48396055536194e-08
0.4 0.339843750000002 0 1.3128511142817e-10 8.47105316830908e-08 -8.48418167945188e-08
0.4 0.341406250000002 0 1.31224856919553e-10 8.47128013615051e-08 -8.48440262184246e-08
0.4 0.342968750000002 0 1.31166372567566e-10 8.47150674927313e-08 -8.48462338652987e-08
0.4 0.344531250000002 0 1.31109598872146e-10 8.47173301739923e-08 -8.48484397728643e-08
0.4 0.347656250000002 0 1.31000954980044e-10 8.47218455610829e-08 -8.48528465160629e-08
0.4 0.350781250000002 0 1.30898486420267e-10 8.47263482260377e-08 -8.48572467124579e-08
0.4 0.353906250000002 0 1.30801782396965e-10 8.47308388206714e-08 -8.48616406030683e-08
0.4 0.355468750000002 0 1.3075547089633e-10 8.47330797768022e-08 -8.48638352476984e-08
0.4 0.357031250000002 0 1.30710458191173e-10 8.47353179391222e-08 -8.48660283973134e-08
0.4 0.358593750000002 0 1.30666699974725e-10 8.47375533719809e-08 -8.48682200719557e-08
0.4 0.359375000000002 0 1.30645277851559e-10 8.47386700845779e-08 -8.48693153624296e-08
0.4 0.360156250000002 0 1.30624153401653e-10 8.4739786139835e-08 -8.48704102932367e-08
0.4 0.360937500000002 0 1.30603321495143e-10 8.47409015455201e-08 -8.48715048670154e-08
0.4 0.361718750000002 0 1.30582777001396e-10 8.4742016307812e-08 -8.48725990848133e-08
0.4 0.362109375000002 0 1.30572611010521e-10 8.47425734503696e-08 -8.48731460613801e-08
0.4 0.362500000000002 0 1.30562515024733e-10 8.47431304346842e-08 -8.48736929497088e-08
0.4 0.362890625000002 0 1.30552488421045e-10 8.47436872612524e-08 -8.48742397496735e-08
0.4 0.363281250000002 0 1.30542530630049e-10 8.47442439346781e-08 -8.48747864653079e-08
0.4 0.363671875000002 0 1.30532641010073e-10 8.47448004495253e-08 -8.48753330905352e-08
0.4 0.364062500000002 0 1.30522819003633e-10 8.47453568121564e-08 -8.48758796311601e-08
0.4 0.364843750000002 0 1.3050337541108e-10 8.47464690797836e-08 -8.48769724551945e-08
0.4 0.365625000000002 0 1.30484195187035e-10 8.47475807373588e-08 -8.48780649325455e-08
0.4 0.366406250000002 0 1.30465273750665e-10 8.47486917949171e-08 -8.48791570686678e-08
0.4 0.367187500000002 0 1.30446606589553e-10 8.47498022607052e-08 -8.48802488672947e-08
0.4 0.367968750000002 0 1.30428189295782e-10 8.47509121403507e-08 -8.48813403296465e-08
0.4 0.368750000000002 0 1.3041001743637e-10 8.47520214371024e-08 -8.48824314545387e-08
0.4 0.370312500000002 0 1.3037439310373e-10 8.47542383209149e-08 -8.48846127140186e-08
0.4 0.371875000000002 0 1.30339700018855e-10 8.47564529561972e-08 -8.48867926562161e-08
0.4 0.373437500000002 0 1.30305905783628e-10 8.4758665390825e-08 -8.48889712966085e-08
0.4 0.375000000000002 0 1.30272979014487e-10 8.47608756712447e-08 -8.48911486502591e-08
0.4 0.376562500000002 0 1.30240889320599e-10 8.47630838410167e-08 -8.48933247303374e-08
0.4 0.377343750000002 0 1.30225149181062e-10 8.47641871486998e-08 -8.48944122978808e-08
0.4 0.378125000000002 0 1.30209607381288e-10 8.47652899449273e-08 -8.48954995523086e-08
0.4 0.378906250000002 0 1.30194260371446e-10 8.47663922330429e-08 -8.48965864934143e-08
0.4 0.379687500000002 0 1.30179104722953e-10 8.47674940185431e-08 -8.4897673123266e-08
0.4 0.380468750000002 0 1.30164136984486e-10 8.47685953085127e-08 -8.48987594454972e-08
0.4 0.381250000000002 0 1.30149353830553e-10 8.47696961068014e-08 -8.48998454606321e-08
0.4 0.382812500000002 0 1.30120328170508e-10 8.47718962436848e-08 -8.49020165718554e-08
0.4 0.384375000000002 0 1.3009200196293e-10 8.47740944670078e-08 -8.49041864689709e-08
0.4 0.385937500000002 0 1.30064350353142e-10 8.47762908131022e-08 -8.49063551634553e-08
0.4 0.387500000000002 0 1.30037349214753e-10 8.47784853147966e-08 -8.49085226640113e-08
0.4 0.389062500000002 0 1.30010975320923e-10 8.47806780038485e-08 -8.49106889791694e-08
0.4 0.390625000000002 0 1.29985206184665e-10 8.4782868914208e-08 -8.49128541203928e-08
0.4 0.392187500000002 0 1.29960019972112e-10 8.47850580740193e-08 -8.49150180939913e-08
0.4 0.393750000000002 0 1.29935395706249e-10 8.47872455157471e-08 -8.49171809114535e-08
0.4 0.395312500000002 0 1.29911313039144e-10 8.47894312676263e-08 -8.49193425806653e-08
0.4 0.396093750000002 0 1.29899468622367e-10 8.47905235152061e-08 -8.49204229838285e-08
0.4 0.396875000000002 0 1.29887752297656e-10 8.47916153523249e-08 -8.49215031046225e-08
0.4 0.397656250000002 0 1.29876161685796e-10 8.47927067801778e-08 -8.49225829418635e-08
0.4 0.398437500000002 0 1.2986469448768e-10 8.47937978021962e-08 -8.49236624966839e-08
0.4 0.399218750000002 0 1.29853348421668e-10 8.47948884210686e-08 -8.49247417694902e-08
0.4 0.400000000000002 0 1.29842121250953e-10 8.4795978641137e-08 -8.4925820762388e-08
0.4 0.400781250000002 0 1.29831010817813e-10 8.47970684632784e-08 -8.49268994740962e-08
0.4 0.401562500000002 0 1.2982001490097e-10 8.47981578942178e-08 -8.49279779091186e-08
0.4 0.402343750000002 0 1.2980913140482e-10 8.47992469318692e-08 -8.49290560632739e-08
0.4 0.403125000000002 0 1.29798358226142e-10 8.48003355834982e-08 -8.49301339417242e-08
0.4 0.403906250000002 0 1.2978769332805e-10 8.48014238486117e-08 -8.49312115419397e-08
0.4 0.404687500000002 0 1.29777134683856e-10 8.48025117345251e-08 -8.49322888692089e-08
0.4 0.406250000000002 0 1.29756328307266e-10 8.48046863676873e-08 -8.49344426959945e-08
0.4 0.407812500000002 0 1.29735923626895e-10 8.48068595057101e-08 -8.49365954293371e-08
0.4 0.409375000000002 0 1.29715905772093e-10 8.4809031172194e-08 -8.49387470779663e-08
0.4 0.410937500000002 0 1.29696260340447e-10 8.48112013842817e-08 -8.49408976446222e-08
0.4 0.412500000000002 0 1.29676973450515e-10 8.48133701613086e-08 -8.49430471347591e-08
0.4 0.413281250000002 0 1.29667460248077e-10 8.48144540189939e-08 -8.49441214792419e-08
0.4 0.414062500000002 0 1.29658031701923e-10 8.48155375252622e-08 -8.49451955569642e-08
0.4 0.414843750000002 0 1.29648686181023e-10 8.48166206788421e-08 -8.49462693650232e-08
0.4 0.415625000000002 0 1.29639422148206e-10 8.48177034886814e-08 -8.49473429108295e-08
0.4 0.416015625000002 0 1.29634820216721e-10 8.48182447648217e-08 -8.49478795850382e-08
0.4 0.416406250000002 0 1.29630238046196e-10 8.48187859510867e-08 -8.49484161891328e-08
0.4 0.416796875000002 0 1.2962567548031e-10 8.48193270559951e-08 -8.49489527314753e-08
0.4 0.417187500000002 0 1.29621132350321e-10 8.48198680739632e-08 -8.49494892063134e-08
0.4 0.417578125000002 0 1.29616608433185e-10 8.48204090072593e-08 -8.49500256156924e-08
0.4 0.417968750000002 0 1.29612103545199e-10 8.48209498559338e-08 -8.4950561959479e-08
0.4 0.418750000000002 0 1.29603150224754e-10 8.48220312992162e-08 -8.49516344494408e-08
0.4 0.419531250000002 0 1.29594270930047e-10 8.48231124058319e-08 -8.4952706676762e-08
0.4 0.420312500000002 0 1.29585464249199e-10 8.48241931771281e-08 -8.49537786413773e-08
0.4 0.421093750000002 0 1.29576728782402e-10 8.48252736155919e-08 -8.49548503443742e-08
0.4 0.421875000000002 0 1.29568063168712e-10 8.48263537263662e-08 -8.49559217895349e-08
0.4 0.422265625000002 0 1.29563756162095e-10 8.4826893656967e-08 -8.49564574131291e-08
0.4 0.422656250000002 0 1.29559466098986e-10 8.48274335070391e-08 -8.49569929731381e-08
0.4 0.423046875000002 0 1.29555192855397e-10 8.48279732732031e-08 -8.49575284660585e-08
0.4 0.423437500000002 0 1.29550936258915e-10 8.4828512960215e-08 -8.49580638964739e-08
0.4 0.423828125000002 0 1.29546696119701e-10 8.48290525657582e-08 -8.49585992618778e-08
0.4 0.424218750000002 0 1.2954247233529e-10 8.48295920900075e-08 -8.49591345623429e-08
0.4 0.425000000000002 0 1.29534073094248e-10 8.48306708963616e-08 -8.49602049694558e-08
0.4 0.425781250000002 0 1.29525737275895e-10 8.48317493819239e-08 -8.49612751191998e-08
0.4 0.426562500000002 0 1.29517463665327e-10 8.48328275490104e-08 -8.49623450126756e-08
0.4 0.427343750000002 0 1.2950925108578e-10 8.48339053984885e-08 -8.49634146495743e-08
0.4 0.428125000000002 0 1.29501098358936e-10 8.48349829315159e-08 -8.49644840298749e-08
0.4 0.428906250000002 0 1.29493004314484e-10 8.48360601489032e-08 -8.49655531532179e-08
0.4 0.430468750000002 0 1.29476987867409e-10 8.48382136503729e-08 -8.49676906382405e-08
0.4 0.432031250000002 0 1.29461192936674e-10 8.48403659157856e-08 -8.49698271087223e-08
0.4 0.432812500000002 0 1.29453375909276e-10 8.48414415875885e-08 -8.49708949634978e-08
0.4 0.433203125000002 0 1.29449487042353e-10 8.48419793105031e-08 -8.49714287975454e-08
0.4 0.433593750000002 0 1.29445611094687e-10 8.48425169567113e-08 -8.49719625678061e-08
0.4 0.433984375000002 0 1.29441747980069e-10 8.48430545278979e-08 -8.49724962758781e-08
0.4 0.434375000000002 0 1.29437897550123e-10 8.48435920210214e-08 -8.49730299185715e-08
0.4 0.434765625000002 0 1.29434059661074e-10 8.48441294417039e-08 -8.49735635013649e-08
0.4 0.435156250000002 0 1.29430234214259e-10 8.48446667866137e-08 -8.4974097020828e-08
0.4 0.435937500000002 0 1.29422620169808e-10 8.48457412487486e-08 -8.49751638689184e-08
0.4 0.436718750000002 0 1.29415054459289e-10 8.4846815412419e-08 -8.49762304668782e-08
0.4 0.437500000000002 0 1.29407536147825e-10 8.48478892826127e-08 -8.49772968187604e-08
0.4 0.438281250000002 0 1.29400064313948e-10 8.48489628522137e-08 -8.49783629165276e-08
0.4 0.438671875000002 0 1.29396345571766e-10 8.48494995277681e-08 -8.49788958733398e-08
0.4 0.439062500000002 0 1.29392638089346e-10 8.48500361307335e-08 -8.49794287688229e-08
0.4 0.439453125000002 0 1.29388941796508e-10 8.48505726601973e-08 -8.49799616019938e-08
0.4 0.439843750000002 0 1.29385256550256e-10 8.48511091157386e-08 -8.49804943722888e-08
0.4 0.440234375000002 0 1.29381582306152e-10 8.48516454989735e-08 -8.49810270812794e-08
0.4 0.440625000000002 0 1.29377918888468e-10 8.48521818072903e-08 -8.49815597261787e-08
0.4 0.441406250000002 0 1.29370624206144e-10 8.48532542112517e-08 -8.49826248354579e-08
0.4 0.442187500000002 0 1.29363371738349e-10 8.48543263234466e-08 -8.49836896951851e-08
0.4 0.442968750000002 0 1.29356160608572e-10 8.48553981505018e-08 -8.49847543111105e-08
0.4 0.443750000000002 0 1.29348990051701e-10 8.48564696876261e-08 -8.49858186776779e-08
0.4 0.444531250000002 0 1.29341859300003e-10 8.48575409419755e-08 -8.49868828012756e-08
0.4 0.445312500000002 0 1.29334767556903e-10 8.48586119086823e-08 -8.49879466762393e-08
0.4 0.446875000000002 0 1.29320698197243e-10 8.48607529997161e-08 -8.49900736979133e-08
0.4 0.448437500000002 0 1.29306776168853e-10 8.4862892970854e-08 -8.49921997470229e-08
0.4 0.449218750000002 0 1.29299868642908e-10 8.48639625362327e-08 -8.49932624048757e-08
0.4 0.450000000000002 0 1.29292995867201e-10 8.48650318253748e-08 -8.4994324821242e-08
0.4 0.450781250000002 0 1.2928615717548e-10 8.48661008380955e-08 -8.49953869952711e-08
0.4 0.451562500000002 0 1.29279351929304e-10 8.48671695751486e-08 -8.49964489270779e-08
0.4 0.451953125000002 0 1.29275961640554e-10 8.48677038423901e-08 -8.49969798040307e-08
0.4 0.452343750000002 0 1.29272579476799e-10 8.48682380395074e-08 -8.49975106189842e-08
0.4 0.452734375000002 0 1.29269205369616e-10 8.48687721670721e-08 -8.49980413724417e-08
0.4 0.453125000000002 0 1.29265839189811e-10 8.48693062294779e-08 -8.49985720686678e-08
0.4 0.453515625000002 0 1.29262480961559e-10 8.48698402241933e-08 -8.49991027051549e-08
0.4 0.453906250000002 0 1.29259130508908e-10 8.48703741494487e-08 -8.49996332799576e-08
0.4 0.454687500000002 0 1.29252452785262e-10 8.48714417970008e-08 -8.50006942497862e-08
0.4 0.455468750000002 0 1.29245805435637e-10 8.48725091755972e-08 -8.50017549810329e-08
0.4 0.456250000000002 0 1.29239187887448e-10 8.48735762861957e-08 -8.50028154740831e-08
0.4 0.457031250000002 0 1.29232599614993e-10 8.48746431259165e-08 -8.50038757255314e-08
0.4 0.457421875000002 0 1.29229316273799e-10 8.48751764459322e-08 -8.50044057622061e-08
0.4 0.457812500000002 0 1.29226040033853e-10 8.4875709700434e-08 -8.50049357404677e-08
0.4 0.458203125000002 0 1.29222770823222e-10 8.48762428876473e-08 -8.50054656584704e-08
0.4 0.458593750000002 0 1.29219508578503e-10 8.48767760091192e-08 -8.50059955176975e-08
0.4 0.458984375000002 0 1.29216253262352e-10 8.48773090640878e-08 -8.500652531735e-08
0.4 0.459375000000002 0 1.29213004777402e-10 8.48778420516466e-08 -8.5007055056424e-08
0.4 0.460156250000002 0 1.29206528094848e-10 8.48789078310448e-08 -8.50081143591397e-08
0.4 0.460937500000002 0 1.29200078034901e-10 8.48799733478324e-08 -8.50091734258673e-08
0.4 0.461718750000002 0 1.29193654048835e-10 8.48810386020374e-08 -8.50102322560862e-08
0.4 0.462500000000002 0 1.29187255698643e-10 8.48821035933218e-08 -8.50112908490203e-08
0.4 0.463281250000002 0 1.2918088253108e-10 8.48831683249344e-08 -8.50123492074655e-08
0.4 0.464062500000002 0 1.29174534044378e-10 8.48842327948548e-08 -8.50134073288991e-08
0.4 0.465625000000002 0 1.29161909292095e-10 8.48863609647048e-08 -8.50155228739968e-08
0.4 0.467187500000002 0 1.29149377986277e-10 8.48884881022676e-08 -8.50176374802538e-08
0.4 0.468750000000002 0 1.2913693669449e-10 8.48906142175553e-08 -8.50197511542499e-08
0.4 0.470312500000002 0 1.2912458225386e-10 8.48927393165851e-08 -8.5021863898839e-08
0.4 0.471875000000002 0 1.29112311495913e-10 8.48948634076369e-08 -8.50239757191328e-08
0.4 0.473437500000002 0 1.29100121523458e-10 8.48969864910279e-08 -8.50260866125515e-08
0.4 0.476562500000002 0 1.29075972660354e-10 8.49012296724073e-08 -8.50303056450677e-08
0.4 0.479687500000002 0 1.29052114432098e-10 8.49054689064182e-08 -8.50345210208503e-08
0.4 0.482812500000002 0 1.29028527407618e-10 8.49097042302649e-08 -8.50387327576725e-08
0.4 0.484375000000002 0 1.29016830000474e-10 8.49118204427595e-08 -8.50408372727599e-08
0.4 0.485937500000002 0 1.2900519389541e-10 8.49139356906252e-08 -8.50429408845205e-08
0.4 0.487500000000002 0 1.2899361705495e-10 8.49160499849487e-08 -8.50450436020037e-08
0.4 0.489062500000002 0 1.28982097659177e-10 8.49181633229912e-08 -8.50471454206504e-08
0.4 0.490625000000002 0 1.28970633867715e-10 8.49202757185171e-08 -8.50492463523848e-08
0.4 0.492187500000002 0 1.28959223957386e-10 8.4922387169359e-08 -8.50513463933164e-08
0.4 0.493750000000002 0 1.28947866276307e-10 8.49244976826023e-08 -8.50534455488787e-08
0.4 0.495312500000002 0 1.28936559296118e-10 8.49266072608033e-08 -8.50555438200994e-08
0.4 0.496093750000002 0 1.28930924326859e-10 8.49276617007241e-08 -8.50565926250508e-08
0.4 0.496875000000002 0 1.28925301498106e-10 8.49287159080139e-08 -8.5057641209512e-08
0.4 0.497656250000002 0 1.2891969058158e-10 8.49297698837682e-08 -8.50586895743497e-08
0.4 0.498437500000002 0 1.28914091442296e-10 8.49308236305771e-08 -8.50597377220193e-08
0.4 0.499218750000002 0 1.28908503881182e-10 8.49318771462747e-08 -8.50607856501558e-08
0.4 0.500000000000002 0 1.28902927743365e-10 8.49329304317171e-08 -8.50618333594604e-08
0.4 0.501562500000002 0 1.28891809118563e-10 8.49350363139361e-08 -8.50639281230546e-08
0.4 0.503125000000002 0 1.28880734338962e-10 8.49371412831185e-08 -8.50660220174576e-08
0.4 0.504687500000002 0 1.28869702209284e-10 8.49392453444918e-08 -8.5068115046701e-08
0.4 0.506250000000002 0 1.28858711604928e-10 8.49413484970498e-08 -8.50702072086547e-08
0.4 0.507812500000002 0 1.28847761401836e-10 8.49434507468777e-08 -8.50722985082795e-08
0.4 0.509375000000002 0 1.28836850595832e-10 8.49455520994098e-08 -8.50743889500057e-08
0.4 0.510937500000002 0 1.28825978227708e-10 8.49476525547087e-08 -8.50764785329365e-08
0.4 0.512500000000003 0 1.28815143322751e-10 8.4949752118514e-08 -8.50785672618369e-08
0.4 0.513281250000002 0 1.28809739646114e-10 8.49508015689447e-08 -8.50796113085909e-08
0.4 0.514062500000002 0 1.28804344971044e-10 8.49518507970066e-08 -8.50806551419777e-08
0.4 0.514843750000002 0 1.28798959263507e-10 8.49528998038295e-08 -8.5081698763093e-08
0.4 0.515625000000002 0 1.28793582349076e-10 8.49539485897419e-08 -8.50827421720908e-08
0.4 0.516406250000002 0 1.28788214177173e-10 8.49549971548222e-08 -8.50837853689994e-08
0.4 0.517187500000002 0 1.28782854633167e-10 8.49560454990955e-08 -8.50848283537286e-08
0.4 0.518750000000002 0 1.28772161000709e-10 8.4958141532899e-08 -8.50869136938997e-08
0.4 0.519531250000002 0 1.2876682675056e-10 8.49591892182522e-08 -8.50879560450026e-08
0.4 0.520312500000002 0 1.28761500751121e-10 8.496023669188e-08 -8.5088998192631e-08
0.4 0.521093750000002 0 1.28756182909644e-10 8.4961283942444e-08 -8.50900401253536e-08
0.4 0.521875000000002 0 1.28750873117789e-10 8.49623309762121e-08 -8.509108184933e-08
0.4 0.522656250000002 0 1.28745571332781e-10 8.49633777942913e-08 -8.5092123365624e-08
0.4 0.523437500000002 0 1.28740277463855e-10 8.49644243957905e-08 -8.50931646732545e-08
0.4 0.525000000000002 0 1.28729713070895e-10 8.49665169486426e-08 -8.50952466617134e-08
0.4 0.526562500000002 0 1.28719179380011e-10 8.49686086406445e-08 -8.50973278200245e-08
0.4 0.528125000000002 0 1.28708675716476e-10 8.49706994727848e-08 -8.50994081485013e-08
0.4 0.529687500000002 0 1.28698201534579e-10 8.49727894494772e-08 -8.51014876510119e-08
0.4 0.531250000000002 0 1.28687756287886e-10 8.4974878574172e-08 -8.510356633046e-08
0.4 0.532031250000002 0 1.28682544332218e-10 8.49759228161831e-08 -8.51046053605153e-08
0.4 0.532812500000002 0 1.28677339380637e-10 8.49769668487639e-08 -8.51056441881445e-08
0.4 0.533593750000002 0 1.28672141441232e-10 8.4978010669886e-08 -8.51066828113272e-08
0.4 0.534375000000002 0 1.28666950368716e-10 8.49790542781412e-08 -8.51077212285099e-08
0.4 0.535156250000002 0 1.28661766145889e-10 8.49800976755313e-08 -8.51087594416771e-08
0.4 0.535937500000002 0 1.28656588703548e-10 8.49811408640768e-08 -8.51097974527803e-08
0.4 0.537500000000002 0 1.28646253925559e-10 8.49832266070513e-08 -8.51118728609769e-08
0.4 0.539062500000002 0 1.28635945540102e-10 8.4985311513525e-08 -8.5113947459065e-08
0.4 0.540625000000002 0 1.28625663145196e-10 8.49873955843206e-08 -8.51160212474657e-08
0.4 0.542187500000002 0 1.28615406254219e-10 8.49894788232432e-08 -8.51180942294974e-08
0.4 0.543750000000002 0 1.28605174493183e-10 8.49915612331863e-08 -8.51201664076794e-08
0.4 0.545312500000002 0 1.28594967394249e-10 8.49936428182746e-08 -8.51222377856689e-08
0.4 0.546875000000002 0 1.28584784591165e-10 8.4995723577235e-08 -8.51243083618262e-08
0.4 0.548437500000002 0 1.28574625708899e-10 8.49978035177938e-08 -8.51263781435028e-08
0.4 0.550000000000002 0 1.28564490342777e-10 8.4999882638338e-08 -8.51284471286808e-08
0.4 0.550781250000002 0 1.28559431353455e-10 8.5000921893221e-08 -8.51294813245744e-08
0.4 0.551562500000002 0 1.28554378118471e-10 8.50019609473114e-08 -8.513051532543e-08
0.4 0.552343750000002 0 1.28549330586278e-10 8.5002999795228e-08 -8.51315491258143e-08
0.4 0.553125000000002 0 1.28544288709905e-10 8.50040384410867e-08 -8.51325827297967e-08
0.4 0.553906250000002 0 1.28539252446377e-10 8.50050768823709e-08 -8.51336161348173e-08
0.4 0.554687500000002 0 1.28534221733074e-10 8.50061151232041e-08 -8.51346493449372e-08
0.4 0.556250000000002 0 1.28524176830934e-10 8.50081910012129e-08 -8.5136715178044e-08
0.4 0.557812500000002 0 1.28514153689308e-10 8.50102660743016e-08 -8.51387802279908e-08
0.4 0.559375000000002 0 1.28504151974878e-10 8.50123403424834e-08 -8.51408444944582e-08
0.4 0.560937500000002 0 1.28494171328011e-10 8.50144138173423e-08 -8.51429079886704e-08
0.4 0.561718750000002 0 1.28489188821304e-10 8.50154502539095e-08 -8.51439394427308e-08
0.4 0.562500000000002 0 1.28484211482273e-10 8.5016486493858e-08 -8.51449707053403e-08
0.4 0.563281250000002 0 1.28479239226094e-10 8.50175225334437e-08 -8.51460017726698e-08
0.4 0.564062500000002 0 1.28474272049035e-10 8.5018558372418e-08 -8.51470326444672e-08
0.4 0.564843750000002 0 1.28469309909903e-10 8.50195940175394e-08 -8.51480633274493e-08
0.4 0.565625000000002 0 1.28464352757968e-10 8.50206294650547e-08 -8.51490938178126e-08
0.4 0.567187500000002 0 1.28454453292898e-10 8.50226997651771e-08 -8.51511542184699e-08
0.4 0.568750000000002 0 1.28444573360852e-10 8.50247692837211e-08 -8.51532138570821e-08
0.4 0.570312500000002 0 1.2843471264106e-10 8.50268380162345e-08 -8.51552727288756e-08
0.4 0.571875000000002 0 1.28424870836307e-10 8.50289059695505e-08 -8.51573308403869e-08
0.4 0.573437500000002 0 1.28415047684111e-10 8.50309731433945e-08 -8.51593881910786e-08
0.4 0.575000000000002 0 1.28405242862333e-10 8.50330395419983e-08 -8.51614447848605e-08
0.4 0.576562500000002 0 1.28395456094881e-10 8.50351051674941e-08 -8.51635006235891e-08
0.4 0.578125000000002 0 1.28385687104713e-10 8.50371700255862e-08 -8.5165555712691e-08
0.4 0.579687500000002 0 1.28375935605545e-10 8.50392341124742e-08 -8.51676100480798e-08
0.4 0.581250000000002 0 1.28366201306009e-10 8.50412974351972e-08 -8.51696636365032e-08
0.4 0.582812500000002 0 1.28356483967896e-10 8.50433599937136e-08 -8.51717164776816e-08
0.4 0.583593750000002 0 1.28351631547081e-10 8.50443909877082e-08 -8.51727426192555e-08
0.4 0.584375000000002 0 1.28346783290949e-10 8.50454217932219e-08 -8.51737685765129e-08
0.4 0.585156250000002 0 1.28341939143692e-10 8.50464524092216e-08 -8.51747943483654e-08
0.4 0.585937500000002 0 1.28337099028818e-10 8.50474828351384e-08 -8.51758199341672e-08
0.4 0.586718750000002 0 1.28332262972953e-10 8.50485130716066e-08 -8.51768453345796e-08
0.4 0.587500000000002 0 1.28327430910271e-10 8.50495431213263e-08 -8.51778705522366e-08
0.4 0.589062500000002 0 1.28317778669697e-10 8.50516026532105e-08 -8.51799204318801e-08
0.4 0.589843750000002 0 1.28312958431501e-10 8.50526321390685e-08 -8.51809450974998e-08
0.4 0.590625000000002 0 1.28308142073112e-10 8.50536614369884e-08 -8.51819695790613e-08
0.4 0.591406250000001 0 1.28303329540115e-10 8.5054690548684e-08 -8.51829938782239e-08
0.4 0.592187500000001 0 1.28298520846392e-10 8.50557194720095e-08 -8.51840179928558e-08
0.4 0.592968750000001 0 1.28293715919219e-10 8.50567482103154e-08 -8.51850419262345e-08
0.4 0.593750000000001 0 1.28288914740869e-10 8.50577767625815e-08 -8.51860656773223e-08
0.4 0.594531250000001 0 1.28284117295281e-10 8.50588051263047e-08 -8.51870892435999e-08
0.4 0.595312500000001 0 1.28279323542415e-10 8.50598333073647e-08 -8.51881126309072e-08
0.4 0.596093750000001 0 1.28274533439344e-10 8.50608613028704e-08 -8.51891358363097e-08
0.4 0.596875000000001 0 1.28269746972868e-10 8.50618891160972e-08 -8.51901588630701e-08
0.4 0.597656250000001 0 1.2826496411585e-10 8.50629167398067e-08 -8.51911817039225e-08
0.4 0.598437500000001 0 1.28260184808047e-10 8.50639441809104e-08 -8.51922043657185e-08
0.4 0.600000000000001 0 1.28250636812933e-10 8.50659985120283e-08 -8.51942491488413e-08
0.4 0.601562500000001 0 1.28241102778771e-10 8.50680521128612e-08 -8.519629321564e-08
0.4 0.603125000000001 0 1.28231582439087e-10 8.50701049789343e-08 -8.51983365613735e-08
0.4 0.604687500000001 0 1.28222075629411e-10 8.50721571181745e-08 -8.5200379193804e-08
0.4 0.606250000000001 0 1.28212582086674e-10 8.50742085303462e-08 -8.5202421112433e-08
0.4 0.607812500000001 0 1.28203101628671e-10 8.50762592181444e-08 -8.52044623197732e-08
0.4 0.609375000000001 0 1.2819363404912e-10 8.50783091838964e-08 -8.52065028179456e-08
0.4 0.610937500000001 0 1.28184179121473e-10 8.5080358429642e-08 -8.52085426087635e-08
0.4 0.612500000000001 0 1.28174736672292e-10 8.50824069614711e-08 -8.52105816981433e-08
0.4 0.613281250000001 0 1.2817002005557e-10 8.50834309560813e-08 -8.52116009761368e-08
0.4 0.614062500000001 0 1.28165306484355e-10 8.50844547748599e-08 -8.52126200813442e-08
0.4 0.614843750000001 0 1.28160595944845e-10 8.50854784166261e-08 -8.5213639012571e-08
0.4 0.615625000000001 0 1.2815588841448e-10 8.50865018770733e-08 -8.52146577654877e-08
0.4 0.616406250000001 0 1.2815118388e-10 8.50875251615722e-08 -8.52156763454521e-08
0.4 0.617187500000001 0 1.28146482251085e-10 8.50885482685815e-08 -8.52166947508325e-08
0.4 0.618750000000001 0 1.28137087838131e-10 8.50905939549333e-08 -8.52187310427714e-08
0.4 0.620312500000001 0 1.28127704969117e-10 8.5092638932069e-08 -8.5220766637038e-08
0.4 0.621875000000001 0 1.28118333529206e-10 8.50946832062277e-08 -8.52228015397569e-08
0.4 0.622656250000001 0 1.28113651991265e-10 8.50957050813939e-08 -8.5223818733385e-08
0.4 0.623437500000001 0 1.28108973282307e-10 8.50967267815777e-08 -8.522483575486e-08
0.4 0.624218750000001 0 1.28104297344681e-10 8.50977483045033e-08 -8.52258526018478e-08
0.4 0.625000000000001 0 1.28099624146475e-10 8.50987696541364e-08 -8.52268692782829e-08
0.4 0.625781250000001 0 1.28094953699849e-10 8.50997908278536e-08 -8.52278857815534e-08
0.4 0.626562500000001 0 1.28090285954756e-10 8.51008118303177e-08 -8.52289021162725e-08
0.4 0.628125000000001 0 1.28080958538896e-10 8.51028533130608e-08 -8.52309342715996e-08
0.4 0.629687500000001 0 1.28071641757387e-10 8.51048941028068e-08 -8.52329657445642e-08
0.4 0.631250000000001 0 1.28062335530908e-10 8.51069342014913e-08 -8.52349965370222e-08
0.4 0.632031250000001 0 1.28057686300461e-10 8.51079539950512e-08 -8.52360116813516e-08
0.4 0.632812500000001 0 1.28053039661194e-10 8.51089736141697e-08 -8.52370266538309e-08
0.4 0.633593750000001 0 1.28048395576458e-10 8.51099930621229e-08 -8.52380414576994e-08
0.4 0.634375000000001 0 1.28043754066381e-10 8.51110123380923e-08 -8.52390560921586e-08
0.4 0.635156250000001 0 1.28039115087227e-10 8.51120314416392e-08 -8.52400705567263e-08
0.4 0.635937500000001 0 1.28034478615699e-10 8.51130503798492e-08 -8.52410848584647e-08
0.4 0.637500000000001 0 1.28025213206394e-10 8.51150877385235e-08 -8.52431129517298e-08
0.4 0.639062500000001 0 1.2801595771779e-10 8.51171244148749e-08 -8.52451403725926e-08
0.4 0.640625000000001 0 1.2800671202246e-10 8.51191604157802e-08 -8.52471671278026e-08
0.4 0.642187500000001 0 1.27997476106912e-10 8.51211957396128e-08 -8.52491932157196e-08
0.4 0.643750000000001 0 1.27988249762667e-10 8.51232303895594e-08 -8.52512186393219e-08
0.4 0.645312500000001 0 1.27979033007877e-10 8.51252643683261e-08 -8.52532434013337e-08
0.4 0.646875000000001 0 1.27969825700634e-10 8.512729767658e-08 -8.52552675022805e-08
0.4 0.648437500000001 0 1.27960627765958e-10 8.51293303207568e-08 -8.52572909485226e-08
0.4 0.649218750000001 0 1.27956032300845e-10 8.5130346390211e-08 -8.52583024225116e-08
0.4 0.650000000000001 0 1.27951439174431e-10 8.51313622956176e-08 -8.52593137347919e-08
0.4 0.650781250000001 0 1.2794684832081e-10 8.51323780335681e-08 -8.52603248818887e-08
0.4 0.651562500000001 0 1.27942259802681e-10 8.51333936069163e-08 -8.52613358667188e-08
0.4 0.652343750000001 0 1.27937673577243e-10 8.51344090131399e-08 -8.5262346686717e-08
0.4 0.653125000000001 0 1.27933089623759e-10 8.51354242556586e-08 -8.52633573452822e-08
0.4 0.654687500000001 0 1.27923928557465e-10 8.5137454244279e-08 -8.52653781728363e-08
0.4 0.656250000000001 0 1.27914776570272e-10 8.51394835765223e-08 -8.52673983530923e-08
0.4 0.657812500000001 0 1.27905633584725e-10 8.51415122507464e-08 -8.52694178843308e-08
0.4 0.659375000000001 0 1.27896499560605e-10 8.51435402719881e-08 -8.52714367715486e-08
0.4 0.660156250000001 0 1.27891935919452e-10 8.5144554036792e-08 -8.52724459727114e-08
0.4 0.660937500000001 0 1.27887374493851e-10 8.51455676409552e-08 -8.52734550154489e-08
0.4 0.66171875 0 1.27882815306528e-10 8.51465810797194e-08 -8.52744638950259e-08
0.4 0.6625 0 1.27878258293251e-10 8.51475943572338e-08 -8.5275472615527e-08
0.4 0.66328125 0 1.27873703535439e-10 8.51486074723641e-08 -8.52764811758995e-08
0.4 0.6640625 0 1.27869150985385e-10 8.51496204264139e-08 -8.52774895773992e-08
0.4 0.665625 0 1.27860052516782e-10 8.51516458496889e-08 -8.52795059022056e-08
0.4 0.66640625 0 1.27855506578389e-10 8.51526583208582e-08 -8.52805138274366e-08
0.4 0.6671875 0 1.27850962822439e-10 8.51536706272024e-08 -8.52815215900248e-08
0.4 0.66796875 0 1.27846421279606e-10 8.51546827724886e-08 -8.52825291937681e-08
0.4 0.66875 0 1.27841881940583e-10 8.51556947593099e-08 -8.52835366412503e-08
0.4 0.66953125 0 1.27837344785383e-10 8.51567065866269e-08 -8.52845439314121e-08
0.4 0.6703125 0 1.27832809815434e-10 8.51577182524407e-08 -8.5285551062256e-08
0.4 0.671875 0 1.27823746477101e-10 8.51597411059513e-08 -8.52875648524283e-08
0.4 0.6734375 0 1.27814691862579e-10 8.51617633207521e-08 -8.52895780126146e-08
0.4 0.675 0 1.27805646009935e-10 8.516378489987e-08 -8.52915905458799e-08
0.4 0.6765625 0 1.27796608882796e-10 8.51658058437723e-08 -8.5293602452655e-08
0.4 0.678125 0 1.27787580504036e-10 8.51678261562815e-08 -8.52956137367855e-08
0.4 0.6796875 0 1.27778560888236e-10 8.51698458356447e-08 -8.52976243965329e-08
0.4 0.6828125 0 1.27760547935372e-10 8.51738833114828e-08 -8.53016438594181e-08
0.4 0.6859375 0 1.27742570122056e-10 8.51779182827397e-08 -8.53056608528617e-08
0.4 0.6890625 0 1.27724627631044e-10 8.51819507639627e-08 -8.53096753915937e-08
0.4 0.690625 0 1.27715669668578e-10 8.51839660747789e-08 -8.53116817444475e-08
0.4 0.6921875 0 1.27706720615868e-10 8.51859807695453e-08 -8.53136874901612e-08
0.4 0.69296875 0 1.27702249451711e-10 8.51869878836918e-08 -8.53146901331434e-08
0.4 0.69375 0 1.27697780518649e-10 8.51879948469716e-08 -8.53156926274903e-08
0.4 0.69453125 0 1.27693313816762e-10 8.5189001655037e-08 -8.53166949688538e-08
0.4 0.6953125 0 1.27688849365492e-10 8.51900083097747e-08 -8.53176971591402e-08
0.4 0.69609375 0 1.27684387182532e-10 8.5191014809738e-08 -8.53186991969205e-08
0.4 0.696875 0 1.27679927239141e-10 8.51920211599188e-08 -8.53197010871579e-08
0.4 0.6984375 0 1.27671014143303e-10 8.51940333939504e-08 -8.53217044080937e-08
0.4 0.7 0 1.27662110164308e-10 8.51960450237241e-08 -8.53237071338884e-08
0.4 0.70078125 0 1.27657661581322e-10 8.51970506111131e-08 -8.53247082726945e-08
0.4 0.7015625 0 1.2765321529177e-10 8.51980560430158e-08 -8.53257092583076e-08
0.4 0.70234375 0 1.27648771313259e-10 8.51990613256811e-08 -8.53267100969943e-08
0.4 0.703125 0 1.27644329587587e-10 8.52000664558993e-08 -8.53277107854869e-08
0.4 0.70390625 0 1.27639890202656e-10 8.52010714342475e-08 -8.53287113244502e-08
0.4 0.7046875 0 1.27635453135539e-10 8.52020762641737e-08 -8.53297117173093e-08
0.4 0.70625 0 1.27626585915667e-10 8.52040854659859e-08 -8.53317120519016e-08
0.4 0.7078125 0 1.27617728053475e-10 8.52060940655489e-08 -8.53337117936025e-08
0.4 0.709375 0 1.27608879528844e-10 8.52081020672609e-08 -8.53357109467898e-08
0.4 0.7109375 0 1.27600040438616e-10 8.52101094655567e-08 -8.53377095059953e-08
0.4 0.7125 0 1.27591210819864e-10 8.52121162668656e-08 -8.53397074776855e-08
0.4 0.7140625 0 1.27582390736272e-10 8.5214122472703e-08 -8.53417048634393e-08
0.4 0.7171875 0 1.27564779357119e-10 8.52181330999902e-08 -8.53456978793474e-08
0.4 0.71875 0 1.27555988158758e-10 8.52201375229852e-08 -8.5347693511144e-08
0.4 0.7203125 0 1.27547206722414e-10 8.52221413541543e-08 -8.53496885608768e-08
0.4 0.721875 0 1.27538435076133e-10 8.52241445971585e-08 -8.53516830322347e-08
0.4 0.7234375 0 1.27529673281848e-10 8.52261472514237e-08 -8.53536769247055e-08
0.4 0.72421875 0 1.27525296120792e-10 8.52271483579754e-08 -8.53546736540963e-08
0.4 0.725 0 1.27520921418813e-10 8.52281493181926e-08 -8.53556702396114e-08
0.4 0.72578125 0 1.27516549195119e-10 8.52291501306099e-08 -8.5356666679805e-08
0.4 0.7265625 0 1.27512179475947e-10 8.52301507982966e-08 -8.53576629777725e-08
0.4 0.72734375 0 1.27507812243901e-10 8.52311513201839e-08 -8.53586591324279e-08
0.4 0.728125 0 1.27503447559759e-10 8.52321516942787e-08 -8.53596551418385e-08
0.4 0.7296875 0 1.27494725699481e-10 8.52341520084359e-08 -8.53616467341354e-08
0.4 0.73125 0 1.27486013951137e-10 8.52361517390888e-08 -8.53636377530399e-08
0.4 0.73203125 0 1.27481661892298e-10 8.52371513868732e-08 -8.53646330487655e-08
0.4 0.7328125 0 1.2747731233771e-10 8.5238150887876e-08 -8.53656282002137e-08
0.4 0.73359375 0 1.27472965396893e-10 8.52391502469081e-08 -8.5366623212305e-08
0.4 0.734375 0 1.27468620979871e-10 8.52401494600589e-08 -8.53676180810389e-08
0.4 0.73515625 0 1.27464279102515e-10 8.52411485287535e-08 -8.5368612807856e-08
0.4 0.7359375 0 1.2745993982792e-10 8.52421474522392e-08 -8.53696073920672e-08
0.4 0.7375 0 1.27451268980506e-10 8.52441448681765e-08 -8.5371596137157e-08
0.4 0.7390625 0 1.27442608457525e-10 8.5246141709706e-08 -8.53735843181635e-08
0.4 0.740625 0 1.27433958289227e-10 8.52481379736409e-08 -8.53755719319302e-08
0.4 0.7421875 0 1.27425318535261e-10 8.52501336664929e-08 -8.53775589850281e-08
0.4 0.74375 0 1.27416689208646e-10 8.52521287872223e-08 -8.53795454764309e-08
0.4 0.7453125 0 1.27408070364724e-10 8.52541233380399e-08 -8.53815314084047e-08
0.4 0.7484375 0 1.27390864118296e-10 8.52581107304361e-08 -8.53855015945544e-08
0.4 0.7515625 0 1.27373700011226e-10 8.52620958507334e-08 -8.53894695507445e-08
0.4 0.7546875 0 1.27356578156837e-10 8.52660787118105e-08 -8.53934352899674e-08
0.4 0.7578125 0 1.27339498554505e-10 8.52700593221027e-08 -8.53973988206573e-08
0.4 0.759375 0 1.27330974611742e-10 8.52720487844033e-08 -8.53993797590151e-08
0.4 0.7609375 0 1.27322461256619e-10 8.52740376920088e-08 -8.54013601532655e-08
0.4 0.7625 0 1.27313958421924e-10 8.52760260364645e-08 -8.54033399948865e-08
0.4 0.7640625 0 1.27305466136496e-10 8.52780138235617e-08 -8.54053192896981e-08
0.4 0.765625 0 1.27296984382255e-10 8.52800010570866e-08 -8.54072980414689e-08
0.4 0.7671875 0 1.27288513105762e-10 8.52819877329866e-08 -8.54092762460924e-08
0.4 0.76875 0 1.27280052286064e-10 8.52839738572895e-08 -8.54112539095756e-08
0.4 0.7703125 0 1.27271601909034e-10 8.5285959426517e-08 -8.5413231028426e-08
0.4 0.771875 0 1.27263161937863e-10 8.52879444438695e-08 -8.54152076058074e-08
0.4 0.7734375 0 1.27254732329821e-10 8.52899289117983e-08 -8.54171836441281e-08
0.4 0.77421875 0 1.27250521372665e-10 8.52909209376577e-08 -8.54181714590304e-08
0.4 0.775 0 1.27246313018629e-10 8.52919128285656e-08 -8.54191591415842e-08
0.4 0.77578125 0 1.27242107231091e-10 8.52929045806509e-08 -8.5420146687882e-08
0.4 0.7765625 0 1.27237903979967e-10 8.5293896196073e-08 -8.5421134100053e-08
0.4 0.77734375 0 1.27233703288512e-10 8.52948876748341e-08 -8.54221213781226e-08
0.4 0.778125 0 1.2722950514875e-10 8.5295879015832e-08 -8.54231085209807e-08
0.4 0.7796875 0 1.27221116489712e-10 8.52978612891112e-08 -8.54250824056009e-08
0.4 0.78125 0 1.27212737926367e-10 8.52998430180993e-08 -8.54270557560258e-08
0.4 0.7828125 0 1.27204369390421e-10 8.53018242012278e-08 -8.54290285706182e-08
0.4 0.784375 0 1.27196010831739e-10 8.53038048382694e-08 -8.54310008491011e-08
0.4 0.7859375 0 1.27187662176352e-10 8.5305784931063e-08 -8.54329725932393e-08
0.4 0.7875 0 1.27179323336479e-10 8.53077644854054e-08 -8.54349438087419e-08
0.4 0.790625 0 1.27162674861637e-10 8.53117219672445e-08 -8.54388846421061e-08
0.4 0.79375 0 1.27146064775513e-10 8.53156772922611e-08 -8.54428233570367e-08
0.4 0.7953125 0 1.27137773932672e-10 8.53176541485306e-08 -8.54447919224633e-08
0.4 0.796875 0 1.27129492419722e-10 8.53196304672657e-08 -8.54467599596854e-08
0.4 0.7984375 0 1.27121220171133e-10 8.53216062502133e-08 -8.54487274703844e-08
0.4 0.8 0 1.27112957080921e-10 8.53235814998097e-08 -8.54506944568906e-08
0.4 0.8015625 0 1.27104703036267e-10 8.53255562129622e-08 -8.54526609159985e-08
0.4 0.803125 0 1.27096458007574e-10 8.5327530393138e-08 -8.54546268511455e-08
0.4 0.8046875 0 1.27088221860629e-10 8.53295040434263e-08 -8.5456592265287e-08
0.4 0.80625 0 1.27079994498343e-10 8.53314771581551e-08 -8.54585571526535e-08
0.4 0.8078125 0 1.27071775827068e-10 8.53334497456161e-08 -8.54605215214433e-08
0.4 0.809375 0 1.27063565794411e-10 8.53354218022797e-08 -8.54624853680742e-08
0.4 0.81015625 0 1.2705946396072e-10 8.53364076314576e-08 -8.54634670954184e-08
0.4 0.8109375 0 1.27055364244344e-10 8.53373933278551e-08 -8.54644486920996e-08
0.4 0.81171875 0 1.27051266628755e-10 8.53383788933325e-08 -8.54654301599612e-08
0.4 0.8125 0 1.27047171133896e-10 8.53393643269421e-08 -8.5466411498076e-08
0.4 0.81328125 0 1.27043077689457e-10 8.53403496264996e-08 -8.54673927041891e-08
0.4 0.8140625 0 1.27038986338348e-10 8.53413347965637e-08 -8.54683737829021e-08
0.4 0.815625 0 1.2703080977388e-10 8.53433047415324e-08 -8.54703355513063e-08
0.4 0.8171875 0 1.27022641329788e-10 8.53452741576266e-08 -8.54722967989563e-08
0.4 0.81875 0 1.27014480953893e-10 8.5347243048108e-08 -8.54742575290619e-08
0.4 0.8203125 0 1.27006328560164e-10 8.53492114158343e-08 -8.54762177443945e-08
0.4 0.821875 0 1.26998183999426e-10 8.53511792581652e-08 -8.54781774421647e-08
0.4 0.8234375 0 1.26990047266172e-10 8.53531465796672e-08 -8.54801366269334e-08
0.4 0.8265625 0 1.26973796772381e-10 8.53570796490008e-08 -8.54840534457732e-08
0.4 0.8296875 0 1.26957576476014e-10 8.53610106330108e-08 -8.54879682094868e-08
0.4 0.8328125 0 1.26941385708799e-10 8.53649395380838e-08 -8.54918809237926e-08
0.4 0.8359375 0 1.26925223945146e-10 8.53688663647912e-08 -8.54957915887363e-08
0.4 0.8375 0 1.26917153768088e-10 8.53708290015825e-08 -8.54977461553506e-08
0.4 0.83828125 0 1.26913121337966e-10 8.53718101248546e-08 -8.54987232461926e-08
0.4 0.8390625 0 1.26909090649385e-10 8.53727911198263e-08 -8.54997002104757e-08
0.4 0.83984375 0 1.2690506172733e-10 8.53737719839729e-08 -8.55006770457003e-08
0.4 0.840625 0 1.26901034527853e-10 8.53747527215527e-08 -8.55016537560806e-08
0.4 0.84140625 0 1.26897009082192e-10 8.53757333275489e-08 -8.55026303366312e-08
0.4 0.8421875 0 1.26892985357472e-10 8.5376713807305e-08 -8.55036067926625e-08
0.4 0.84375 0 1.2688494307841e-10 8.5378674375342e-08 -8.55055593184204e-08
0.4 0.8453125 0 1.26876907616486e-10 8.53806344290115e-08 -8.5507511336628e-08
0.4 0.846875 0 1.26868879010719e-10 8.53825939690459e-08 -8.55094628480567e-08
0.4 0.8484375 0 1.26860857111142e-10 8.53845529937956e-08 -8.55114138509068e-08
0.4 0.85 0 1.26852841966678e-10 8.53865115045913e-08 -8.5513364346558e-08
0.4 0.8515625 0 1.26844833504653e-10 8.53884695010249e-08 -8.55153143345296e-08
0.4 0.8546875 0 1.26828836515989e-10 8.53923839559137e-08 -8.55192127924296e-08
0.4 0.8578125 0 1.26812865969309e-10 8.53962963608522e-08 -8.55231092268216e-08
0.4 0.8609375 0 1.2679692169492e-10 8.5400206719602e-08 -8.55270036412969e-08
0.4 0.864062500000001 0 1.2678100358193e-10 8.54041150337875e-08 -8.55308960373694e-08
0.4 0.867187500000001 0 1.26765111603721e-10 8.54080213072496e-08 -8.55347864188534e-08
0.4 0.870312500000001 0 1.26749245725726e-10 8.54119255425226e-08 -8.55386747882483e-08
0.4 0.876562500000001 0 1.26717592535703e-10 8.54197279032954e-08 -8.55464454958312e-08
0.4 0.882812500000001 0 1.26686044671128e-10 8.54275221338207e-08 -8.55542081784918e-08
0.4 0.889062500000001 0 1.26654603422624e-10 8.54353082455635e-08 -8.55619628489862e-08
0.4 0.895312500000001 0 1.26623270361675e-10 8.54430862538608e-08 -8.55697095242225e-08
0.4 0.9015625 0 1.26592047212552e-10 8.54508561627407e-08 -8.55774482099532e-08
0.4 0.9078125 0 1.26560935797351e-10 8.54586179868567e-08 -8.55851789226541e-08
0.4 0.9140625 0 1.26529937771328e-10 8.54663717251109e-08 -8.55929016628823e-08
0.4 0.9171875 0 1.2651448174258e-10 8.54702455633404e-08 -8.5596760045083e-08
0.4 0.920312500000001 0 1.26499054553094e-10 8.54741173837276e-08 -8.56006164382807e-08
0.4 0.923437500000001 0 1.26483656305758e-10 8.54779871875695e-08 -8.56044708438752e-08
0.4 0.926562500000001 0 1.26468287138778e-10 8.54818549728604e-08 -8.56083232599991e-08
0.4 0.929687500000001 0 1.26452947093308e-10 8.54857207424924e-08 -8.56121736895857e-08
0.4 0.932812500000001 0 1.26437636138493e-10 8.54895844934497e-08 -8.56160221295882e-08
0.4 0.939062500000001 0 1.26407101507926e-10 8.54973059485695e-08 -8.56237130500774e-08
0.4 0.945312500000001 0 1.26376682656898e-10 8.55050193437171e-08 -8.56313960263741e-08
0.4 0.951562500000001 0 1.26346378378962e-10 8.55127246813791e-08 -8.56390710597579e-08
0.4 0.957812500000001 0 1.26316186809204e-10 8.55204219622736e-08 -8.56467381490827e-08
0.4 0.960937500000001 0 1.26301132529066e-10 8.55242675869419e-08 -8.56505687194709e-08
0.4 0.964062500000001 0 1.26286105463818e-10 8.55281111984031e-08 -8.5654397303867e-08
0.4 0.967187500000001 0 1.26271105236326e-10 8.55319527981319e-08 -8.56582239033682e-08
0.4 0.970312500000001 0 1.26256131409246e-10 8.55357923888369e-08 -8.56620485202461e-08
0.4 0.973437500000001 0 1.26241183498829e-10 8.55396299676673e-08 -8.56658711511661e-08
0.4 0.976562500000001 0 1.26226261068902e-10 8.55434655399142e-08 -8.56696918009831e-08
0.4 0.982812500000001 0 1.26196490557057e-10 8.55511306573245e-08 -8.56773271478815e-08
0.4 0.989062500000001 0 1.26166815637613e-10 8.55587877450525e-08 -8.56849545606901e-08
0.4 0.995312500000001 0 1.26137231707467e-10 8.55664368142384e-08 -8.56925740459459e-08
0.4 1.0015625 0 1.26107734141939e-10 8.55740778654356e-08 -8.57001855995775e-08
0.4 1.0078125 0 1.26078318219196e-10 8.55817109129251e-08 -8.57077892311442e-08
0.4 1.0140625 0 1.26048979188318e-10 8.55893359609379e-08 -8.57153849401262e-08
0.4 1.0265625 0 1.25990513882271e-10 8.56045620966635e-08 -8.57305526105457e-08
0.4 1.0390625 0 1.25932304934696e-10 8.56197563457078e-08 -8.57456886506426e-08
0.4 1.0515625 0 1.25874325721718e-10 8.5634918788257e-08 -8.57607931139788e-08
0.4 1.0578125 0 1.25845416277098e-10 8.56424881086836e-08 -8.57683335249607e-08
0.4 1.0640625 0 1.25816558381997e-10 8.56500495130592e-08 -8.57758660714412e-08
0.4 1.0703125 0 1.25787751456503e-10 8.56576030066045e-08 -8.57833907580611e-08
0.4 1.0734375 0 1.25773367164221e-10 8.5661376792342e-08 -8.57871501595062e-08
0.4 1.0765625 0 1.25758995714231e-10 8.56651486058161e-08 -8.57909076015303e-08
0.4 1.0796875 0 1.25744637245671e-10 8.5668918446864e-08 -8.57946630841097e-08
0.4 1.0828125 0 1.25730291944371e-10 8.56726863194522e-08 -8.57984166113965e-08
0.4 1.0859375 0 1.25715960009094e-10 8.56764522250189e-08 -8.58021681850279e-08
0.4 1.0890625 0 1.25701641734723e-10 8.56802161642902e-08 -8.5805917806025e-08
0.4 1.0921875 0 1.25687337344606e-10 8.56839781363872e-08 -8.58096654737319e-08
0.4 1.0953125 0 1.25673047243002e-10 8.56877381458832e-08 -8.58134111931261e-08
0.4 1.0984375 0 1.25658771727705e-10 8.5691496196662e-08 -8.58171549683898e-08
0.4 1.1015625 0 1.25644511215593e-10 8.56952522873817e-08 -8.58208967985972e-08
0.4 1.1046875 0 1.25630266124335e-10 8.56990064189623e-08 -8.58246366850866e-08
0.4 1.10625 0 1.25623149524448e-10 8.57008827508048e-08 -8.58265059003292e-08
0.4 1.1078125 0 1.25616036920398e-10 8.57027585947581e-08 -8.58283746316785e-08
0.4 1.109375 0 1.25608928407687e-10 8.57046339487279e-08 -8.58302428771355e-08
0.4 1.1109375 0 1.25601824041177e-10 8.57065088135283e-08 -8.58321106375694e-08
0.4 1.1125 0 1.25594723863104e-10 8.57083831914086e-08 -8.58339779152717e-08
0.4 1.1140625 0 1.25587627982594e-10 8.57102570831439e-08 -8.58358447111264e-08
0.4 1.1171875 0 1.25573449219018e-10 8.57140034013196e-08 -8.58395768505385e-08
0.4 1.1203125 0 1.25559288293353e-10 8.57177477710414e-08 -8.58433070593347e-08
0.4 1.1234375 0 1.25545145679962e-10 8.57214901949611e-08 -8.58470353406411e-08
0.4 1.1265625 0 1.25531021919841e-10 8.57252306760573e-08 -8.5850761697977e-08
0.4 1.1296875 0 1.25516917520657e-10 8.57289692104715e-08 -8.58544861279921e-08
0.4 1.1328125 0 1.25502832973207e-10 8.57327058102415e-08 -8.58582086432146e-08
0.4 1.1390625 0 1.25474725413158e-10 8.57401731962892e-08 -8.58656479217022e-08
0.4 1.1453125 0 1.25446702907946e-10 8.57476328487896e-08 -8.58730795516975e-08
0.4 1.1484375 0 1.25432724652118e-10 8.57513597863615e-08 -8.58767925110136e-08
0.4 1.1515625 0 1.25418768886753e-10 8.5755084795739e-08 -8.58805035646258e-08
0.4 1.1546875 0 1.25404835932138e-10 8.57588078864923e-08 -8.58842127224244e-08
0.4 1.1578125 0 1.25390926089537e-10 8.5762529058803e-08 -8.58879199848926e-08
0.4 1.1609375 0 1.25377039670793e-10 8.57662483136399e-08 -8.58916253533108e-08
0.4 1.1640625 0 1.2536317684629e-10 8.57699656569316e-08 -8.58953288337779e-08
0.4 1.1703125 0 1.25335522643385e-10 8.57773946251945e-08 -8.59027301478378e-08
0.4 1.1734375 0 1.25321731444263e-10 8.57811062534969e-08 -8.59064279849411e-08
0.4 1.1765625 0 1.25307964234619e-10 8.57848159851058e-08 -8.59101239493404e-08
0.4 1.1796875 0 1.25294220979433e-10 8.57885238220646e-08 -8.5913818043044e-08
0.4 1.1828125 0 1.25280501614129e-10 8.57922297725997e-08 -8.59175102742138e-08
0.4 1.1859375 0 1.25266805932458e-10 8.57959338329904e-08 -8.59212006389229e-08
0.4 1.1890625 0 1.2525313379308e-10 8.57996360143023e-08 -8.59248891480953e-08
0.4 1.1953125 0 1.25225859099999e-10 8.58070347518307e-08 -8.59322606109306e-08
0.4 1.1984375 0 1.25212255854903e-10 8.58107313152852e-08 -8.59359435711402e-08
0.4 1.2015625 0 1.2519867482752e-10 8.58144260154302e-08 -8.59396246902577e-08
0.4 1.2046875 0 1.25185115610276e-10 8.58181188605361e-08 -8.59433039761464e-08
0.4 1.2078125 0 1.25171577659003e-10 8.58218098508947e-08 -8.59469814285537e-08
0.4 1.2109375 0 1.25158060473645e-10 8.58254989925874e-08 -8.5950657053061e-08
0.4 1.2140625 0 1.25144563429496e-10 8.58291862933686e-08 -8.59543308567981e-08
0.4 1.2203125 0 1.25117627270521e-10 8.58365553886802e-08 -8.59616730159508e-08
0.4 1.2265625 0 1.25090763837814e-10 8.5843917179801e-08 -8.59690079436387e-08
0.4 1.2328125 0 1.25063967257005e-10 8.58512717160376e-08 -8.59763356832946e-08
0.4 1.2390625 0 1.2503723134191e-10 8.58586190447444e-08 -8.59836562760862e-08
0.4 1.2453125 0 1.25010549616577e-10 8.58659592158671e-08 -8.59909697654836e-08
0.4 1.2515625 0 1.2498391555028e-10 8.58732922824547e-08 -8.5998276198005e-08
0.4 1.2578125 0 1.24957322595971e-10 8.58806182963797e-08 -8.60055756189757e-08
0.4 1.2640625 0 1.24930764401691e-10 8.58879373131832e-08 -8.60128680775848e-08
0.4 1.2703125 0 1.24904234823641e-10 8.58952493898428e-08 -8.60201536246664e-08
0.4 1.2765625 0 1.24877728083247e-10 8.59025545818666e-08 -8.60274323099497e-08
0.4 1.2828125 0 1.24851238888329e-10 8.59098529483005e-08 -8.60347041871887e-08
0.4 1.2859375 0 1.24837999356894e-10 8.59134995898198e-08 -8.60383375891767e-08
0.4 1.2890625 0 1.24824762492023e-10 8.59171445467631e-08 -8.60419693092551e-08
0.4 1.2921875 0 1.24811527783061e-10 8.59207878277049e-08 -8.6045599355488e-08
0.4 1.2953125 0 1.24798294768677e-10 8.59244294364794e-08 -8.60492277312479e-08
0.4 1.2984375 0 1.24785063059253e-10 8.59280693857039e-08 -8.6052854448763e-08
0.4 1.3015625 0 1.24771832269499e-10 8.59317076806398e-08 -8.60564795129093e-08
0.4 1.3046875 0 1.24758602086513e-10 8.59353443289544e-08 -8.60601029310409e-08
0.4 1.3078125 0 1.24745372233474e-10 8.59389793395774e-08 -8.60637247118108e-08
0.4 1.3109375 0 1.24732142500443e-10 8.59426127206968e-08 -8.60673448631972e-08
0.4 1.3140625 0 1.2471891264917e-10 8.59462444731681e-08 -8.60709633858172e-08
0.4 1.3171875 0 1.24705682595749e-10 8.5949874615184e-08 -8.60745802977796e-08
0.4 1.3203125 0 1.24692452235489e-10 8.59535031484685e-08 -8.6078195600704e-08
0.4 1.3265625 0 1.24665990426021e-10 8.59607554235842e-08 -8.60854214140101e-08
0.4 1.3328125 0 1.24639527394297e-10 8.59680013643279e-08 -8.60926408917222e-08
0.4 1.3390625 0 1.24613063951236e-10 8.59752410352113e-08 -8.60998540991625e-08
0.4 1.3421875 0 1.24599832507179e-10 8.59788585408975e-08 -8.61034583734046e-08
0.4 1.3453125 0 1.24586601516465e-10 8.59824744995157e-08 -8.61070611010322e-08
0.4 1.3484375 0 1.24573371296917e-10 8.59860889230206e-08 -8.61106622943174e-08
0.4 1.3515625 0 1.24560142144758e-10 8.59897018209212e-08 -8.61142619630659e-08
0.4 1.3546875 0 1.24546914366282e-10 8.59933131996191e-08 -8.61178601139854e-08
0.4 1.3578125 0 1.24533688357902e-10 8.5996923064864e-08 -8.61214567532219e-08
0.4 1.3640625 0 1.24507243161316e-10 8.60041383002459e-08 -8.61286455434071e-08
0.4 1.3671875 0 1.24494024888225e-10 8.60077436835326e-08 -8.61322377084208e-08
0.4 1.3703125 0 1.2448081007496e-10 8.601134758806e-08 -8.61358283981348e-08
0.4 1.371875 0 1.24474204122446e-10 8.60131489887769e-08 -8.61376231928991e-08
0.4 1.3734375 0 1.24467599247823e-10 8.60149500222416e-08 -8.61394176214892e-08
0.4 1.375 0 1.24460995469416e-10 8.60167506942412e-08 -8.61412116897104e-08
0.4 1.3765625 0 1.24454392902612e-10 8.60185509969965e-08 -8.61430053898989e-08
0.4 1.378125 0 1.24447791581617e-10 8.60203509398989e-08 -8.61447987314804e-08
0.4 1.3796875 0 1.24441191575381e-10 8.60221505171177e-08 -8.61465917086929e-08
0.4 1.38125 0 1.24434592981736e-10 8.60239497354721e-08 -8.61483843284538e-08
0.4 1.3828125 0 1.24427995845326e-10 8.6025748592074e-08 -8.61501765879193e-08
0.4 1.384375 0 1.24421400240244e-10 8.6027547091407e-08 -8.61519684916472e-08
0.4 1.3859375 0 1.24414806248569e-10 8.60293452305196e-08 -8.61537600367681e-08
0.4 1.3875 0 1.24408213974539e-10 8.60311430141424e-08 -8.61555512281169e-08
0.4 1.3890625 0 1.24401623426453e-10 8.60329404393821e-08 -8.61573420628085e-08
0.4 1.3921875 0 1.24388447931829e-10 8.60365342302144e-08 -8.61609226781461e-08
0.4 1.3953125 0 1.24375280442182e-10 8.60401266073205e-08 -8.61645018877626e-08
0.4 1.3984375 0 1.24362121572651e-10 8.60437175803976e-08 -8.61680797019702e-08
0.4 1.4015625 0 1.24348971997793e-10 8.60473071573866e-08 -8.61716561293843e-08
0.4 1.4046875 0 1.24335832373673e-10 8.60508953463667e-08 -8.61752311787403e-08
0.4 1.4078125 0 1.24322703409447e-10 8.60544821591301e-08 -8.61788048625396e-08
0.4 1.4140625 0 1.24296480196054e-10 8.60616516758455e-08 -8.61859481560416e-08
0.4 1.4203125 0 1.2427030819401e-10 8.60688157742942e-08 -8.61930860824883e-08
0.4 1.4265625 0 1.2424419334349e-10 8.60759745204887e-08 -8.62002187138321e-08
0.4 1.4328125 0 1.24218141761679e-10 8.60831279798207e-08 -8.62073461215824e-08
0.4 1.4390625 0 1.24192159717262e-10 8.60902762096088e-08 -8.62144683693259e-08
0.4 1.440625 0 1.24185675808087e-10 8.60920624592275e-08 -8.62162481350356e-08
0.4 1.4421875 0 1.24179196739751e-10 8.60938483884221e-08 -8.62180275851618e-08
0.4 1.44375 0 1.24172722655662e-10 8.6095633995537e-08 -8.62198067181927e-08
0.4 1.4453125 0 1.24166253559976e-10 8.60974192819267e-08 -8.62215855354867e-08
0.4 1.446875 0 1.24159789645644e-10 8.60992042518272e-08 -8.62233640414728e-08
0.4 1.4484375 0 1.241533309554e-10 8.61009889016261e-08 -8.62251422325815e-08
0.4 1.4515625 0 1.24140429731578e-10 8.61045572559794e-08 -8.6228697685711e-08
0.4 1.4546875 0 1.24127550683914e-10 8.61081243491413e-08 -8.62322518998252e-08
0.4 1.4578125 0 1.24114694578031e-10 8.6111690194329e-08 -8.6235804888907e-08
0.4 1.4609375 0 1.24101862276277e-10 8.6115254791849e-08 -8.62393566541252e-08
0.4 1.4640625 0 1.24089054513149e-10 8.61188181574382e-08 -8.62429072119513e-08
0.4 1.4671875 0 1.24076272051956e-10 8.6122380291602e-08 -8.6246456563654e-08
0.4 1.4703125 0 1.240635156744e-10 8.61259412066548e-08 -8.62500047223291e-08
0.4 1.4734375 0 1.24050786109813e-10 8.61295009083591e-08 -8.62535516944689e-08
0.4 1.4765625 0 1.24038084126805e-10 8.61330594020949e-08 -8.62570974862216e-08
0.4 1.4796875 0 1.24025410386024e-10 8.61366167010111e-08 -8.62606421113971e-08
0.4 1.4828125 0 1.24012765585726e-10 8.61401728076263e-08 -8.62641855732121e-08
0.4 1.4859375 0 1.24000150409176e-10 8.61437277287427e-08 -8.62677278791518e-08
0.4 1.4921875 0 1.23975011440683e-10 8.61508340540939e-08 -8.62748090655346e-08
0.4 1.4984375 0 1.23949998271205e-10 8.61579357265588e-08 -8.62818857248301e-08
0.4 1.5 0 1.23943765150747e-10 8.61597104262088e-08 -8.62836541913596e-08
