0.5 0.00625 0 2.60636900991245e-07 5.76908897741054e-07 -8.37545798732299e-07
0.5 0.0125 0 2.06597251388198e-07 1.28736688372142e-06 -1.49396413510962e-06
0.5 0.015625 0 1.84021840095565e-07 1.58336783321038e-06 -1.76738967330595e-06
0.5 0.01875 0 1.63969110636153e-07 1.84580075491492e-06 -2.00976986555108e-06
0.5 0.0203125 0 1.54798752249374e-07 1.96563791307755e-06 -2.12043666532692e-06
0.5 0.021875 0 1.46155215880715e-07 2.07847745710783e-06 -2.22463267298854e-06
0.5 0.0234375 0 1.38007998579081e-07 2.18472864473661e-06 -2.32273664331569e-06
0.5 0.025 0 1.30328371284032e-07 2.28477679112457e-06 -2.41510516240861e-06
0.5 0.0265625 0 1.23089275519202e-07 2.37898466943428e-06 -2.50207394495348e-06
0.5 0.028125 0 1.16265225821603e-07 2.46769383007412e-06 -2.58395905589572e-06
0.5 0.03125 0 1.03767643733688e-07 2.62988346255462e-06 -2.73365110628831e-06
0.5 0.034375 0 9.2659851203412e-08 2.7736990344957e-06 -2.86635888569912e-06
0.5 0.0375 0 8.27859058629753e-08 2.90122660256865e-06 -2.98401250843162e-06
0.5 0.03828125 0 8.0493637728772e-08 2.93078499699671e-06 -3.01127863472548e-06
0.5 0.0390625 0 7.82677592130619e-08 2.95946873527677e-06 -3.03773649448982e-06
0.5 0.03984375 0 7.61063266453239e-08 2.98730377320132e-06 -3.06341009984664e-06
0.5 0.040625 0 7.40074535974434e-08 3.01431529597035e-06 -3.08832274956779e-06
0.5 0.04140625 0 7.19693092207204e-08 3.04052774103618e-06 -3.1124970502569e-06
0.5 0.0421875 0 6.99901165766887e-08 3.06596482032646e-06 -3.13595493690315e-06
0.5 0.04375 0 6.62017388268924e-08 3.11460423027536e-06 -3.18080596910226e-06
0.5 0.0453125 0 6.26291238265568e-08 3.16040951358413e-06 -3.22303863741069e-06
0.5 0.046875 0 5.9259840575555e-08 3.20354636352447e-06 -3.26280620410002e-06
0.5 0.0484375 0 5.60821790544101e-08 3.24417078118476e-06 -3.30025296023917e-06
0.5 0.05 0 5.30851082066312e-08 3.28242964256372e-06 -3.33551475077035e-06
0.5 0.0515625 0 5.025823639539e-08 3.31846123251288e-06 -3.36871946890827e-06
0.5 0.0546875 0 4.50764998905009e-08 3.38435576754846e-06 -3.42943226743896e-06
0.5 0.05546875 0 4.38728230025242e-08 3.39963167679568e-06 -3.44350449979819e-06
0.5 0.05625 0 4.27037250276764e-08 3.41445670482091e-06 -3.45716042984859e-06
0.5 0.05703125 0 4.15681983570602e-08 3.42884422653915e-06 -3.47041242489621e-06
0.5 0.0578125 0 4.04652649617431e-08 3.44280721986531e-06 -3.48327248482706e-06
0.5 0.05859375 0 3.93939755402856e-08 3.45635827748512e-06 -3.4957522530254e-06
0.5 0.059375 0 3.83534086839821e-08 3.469509618262e-06 -3.50786302694598e-06
0.5 0.06015625 0 3.73426700556152e-08 3.48227309835299e-06 -3.51961576840861e-06
0.5 0.060546875 0 3.68482140390251e-08 3.48851299916943e-06 -3.52536121320845e-06
0.5 0.0609375 0 3.63608915501531e-08 3.49466022199822e-06 -3.53102111354837e-06
0.5 0.061328125 0 3.58805980619488e-08 3.50071615157221e-06 -3.53659674963416e-06
0.5 0.06171875 0 3.54072305839332e-08 3.5066821519438e-06 -3.54208938252774e-06
0.5 0.062109375 0 3.49406876480365e-08 3.51255956676611e-06 -3.54750025441414e-06
0.5 0.0625 0 3.44808692792262e-08 3.51834971960778e-06 -3.552830588887e-06
0.5 0.06328125 0 3.35810137453977e-08 3.5296734349135e-06 -3.5632544486589e-06
0.5 0.0640625 0 3.27068934193453e-08 3.54066349581958e-06 -3.57337038923893e-06
0.5 0.06484375 0 3.18577603289947e-08 3.55132979758697e-06 -3.58318755791597e-06
0.5 0.065625 0 3.10328884667541e-08 3.56168194176705e-06 -3.59271483023381e-06
0.5 0.06640625 0 3.02315731006644e-08 3.57172924492696e-06 -3.60196081802762e-06
0.5 0.0671875 0 2.94531301656276e-08 3.58148074712036e-06 -3.61093387728599e-06
0.5 0.06875 0 2.79622250260852e-08 3.60013117522151e-06 -3.62809340024759e-06
0.5 0.0703125 0 2.65550911780037e-08 3.61770032199879e-06 -3.64425541317679e-06
0.5 0.071875 0 2.52269402487571e-08 3.63425135972442e-06 -3.65947829997318e-06
0.5 0.0734374999999999 0 2.39732602966044e-08 3.64984376664094e-06 -3.67381702693754e-06
0.5 0.0749999999999999 0 2.27897998058273e-08 3.66453354298228e-06 -3.68732334278811e-06
0.5 0.0765624999999999 0 2.16725525415389e-08 3.67837341447007e-06 -3.70004596701161e-06
0.5 0.0781249999999999 0 2.06177432990963e-08 3.69141302390188e-06 -3.71203076720098e-06
0.5 0.0796874999999999 0 1.96218145576867e-08 3.70369911141656e-06 -3.72332092597424e-06
0.5 0.0812499999999999 0 1.86814137192267e-08 3.71527568443674e-06 -3.73395709815597e-06
0.5 0.0828124999999999 0 1.77933813476386e-08 3.72618417739328e-06 -3.74397755874092e-06
0.5 0.0843749999999999 0 1.69547400006938e-08 3.73646360220485e-06 -3.75341834220554e-06
0.5 0.0859374999999999 0 1.61626834505947e-08 3.74615069022674e-06 -3.76231337367734e-06
0.5 0.0890624999999999 0 1.47078980691568e-08 3.76388416980551e-06 -3.77859206787467e-06
0.5 0.0906249999999999 0 1.40403273219677e-08 3.77199378226247e-06 -3.78603410958444e-06
0.5 0.0921874999999999 0 1.34096403980982e-08 3.77963772933795e-06 -3.79304736973606e-06
0.5 0.0937499999999999 0 1.28137500303239e-08 3.786843190392e-06 -3.79965694042232e-06
0.5 0.0953124999999999 0 1.22506888835502e-08 3.79363575600657e-06 -3.80588644489012e-06
0.5 0.0968749999999999 0 1.1718602387123e-08 3.80003952119816e-06 -3.81175812358528e-06
0.5 0.0984374999999999 0 1.12157423155516e-08 3.80607717271554e-06 -3.81729291503109e-06
0.5 0.1015625 0 1.02912038671232e-08 3.81713832976967e-06 -3.8274295336368e-06
0.5 0.1046875 0 9.46498971000867e-09 3.82697556800299e-06 -3.836440557713e-06
0.5 0.1078125 0 8.72635920806367e-09 3.83572749064976e-06 -3.84445384985782e-06
0.5 0.1109375 0 8.065764206651e-09 3.84351697731186e-06 -3.85158274151851e-06
0.5 0.1140625 0 7.47471532561697e-09 3.85045296916098e-06 -3.8579276844866e-06
0.5 0.1171875 0 6.94566332840505e-09 3.85663205130835e-06 -3.86357771463675e-06
0.5 0.1234375 0 6.04743509129826e-09 3.86705230267512e-06 -3.87309973776642e-06
0.5 0.1265625 0 5.66697245210294e-09 3.87143670699566e-06 -3.87710367944777e-06
0.5 0.1296875 0 5.32577743125379e-09 3.87535275100952e-06 -3.88067852844077e-06
0.5 0.1328125 0 5.01964118975035e-09 3.87885335255588e-06 -3.88387299374562e-06
0.5 0.1359375 0 4.74481692182173e-09 3.88198543216829e-06 -3.88673024909012e-06
0.5 0.1375 0 4.61808938517123e-09 3.88342646821748e-06 -3.88804455760265e-06
0.5 0.1390625 0 4.49796821268078e-09 3.88479059385614e-06 -3.88928856206881e-06
0.5 0.140625 0 4.38409300251171e-09 3.88608227781553e-06 -3.89046637081803e-06
0.5 0.1421875 0 4.27612361272887e-09 3.88730572809748e-06 -3.89158185171021e-06
0.5 0.14375 0 4.17373896202735e-09 3.88846490724995e-06 -3.89263864621198e-06
0.5 0.1453125 0 4.0766359430417e-09 3.88956354673165e-06 -3.89364018267469e-06
0.5 0.1484375 0 3.8971462831737e-09 3.89159305707849e-06 -3.89549020336166e-06
0.5 0.1515625 0 3.73555218753645e-09 3.89341998193431e-06 -3.89715553412184e-06
0.5 0.1546875 0 3.58997917965894e-09 3.89506713223886e-06 -3.89865711141852e-06
0.5 0.15625 0 3.52267089926313e-09 3.89582970618674e-06 -3.899352377086e-06
0.5 0.1578125 0 3.45875558613976e-09 3.89655473727256e-06 -3.9000134928587e-06
0.5 0.159375 0 3.39805232763764e-09 3.89724439876132e-06 -3.90064245108895e-06
0.5 0.16015625 0 3.36885140989679e-09 3.89757661025402e-06 -3.90094546166391e-06
0.5 0.1609375 0 3.3403901427235e-09 3.89790073738357e-06 -3.90124112752629e-06
0.5 0.16171875 0 3.31264863961134e-09 3.89821701741641e-06 -3.90152966605602e-06
0.5 0.1625 0 3.28560755960682e-09 3.89852568060907e-06 -3.90181128816868e-06
0.5 0.16328125 0 3.25924811371807e-09 3.89882695038953e-06 -3.90208619850325e-06
0.5 0.1640625 0 3.23355203077381e-09 3.89912104361766e-06 -3.90235459564843e-06
0.5 0.165625 0 3.18407944195978e-09 3.8996885358842e-06 -3.90287261532615e-06
0.5 0.1671875 0 3.13705352573454e-09 3.90022976742807e-06 -3.9033668209538e-06
0.5 0.16875 0 3.09234555122751e-09 3.90074625450688e-06 -3.9038386000581e-06
0.5 0.1703125 0 3.0498339162205e-09 3.90123942504625e-06 -3.90428925896248e-06
0.5 0.171875 0 3.00940353491105e-09 3.90171062404068e-06 -3.9047200275756e-06
0.5 0.1734375 0 2.9709457264574e-09 3.90216111810422e-06 -3.90513206383067e-06
0.5 0.1765625 0 2.89954229835591e-09 3.9030046939331e-06 -3.90590423623146e-06
0.5 0.1796875 0 2.83486688470357e-09 3.90377888759574e-06 -3.90661375448045e-06
0.5 0.1828125 0 2.77624255955722e-09 3.90449144811731e-06 -3.90726769067687e-06
0.5 0.1859375 0 2.72306389143776e-09 3.90514924985451e-06 -3.90787231374595e-06
0.5 0.1890625 0 2.67478908830174e-09 3.90575839155947e-06 -3.90843318064778e-06
0.5 0.1921875 0 2.63093276945986e-09 3.90632428457458e-06 -3.90895521734404e-06
0.5 0.1984375 0 2.55478190485805e-09 3.90734498898827e-06 -3.90989977089313e-06
0.5 0.2046875 0 2.49164663302327e-09 3.90824364340948e-06 -3.91073529004251e-06
0.5 0.2109375 0 2.43914095201805e-09 3.9090456722172e-06 -3.91148481316922e-06
0.5 0.2171875 0 2.39534056824239e-09 3.90977110633029e-06 -3.91216644689853e-06
0.5 0.21875 0 2.38556144192041e-09 3.90994242644403e-06 -3.91232798788595e-06
0.5 0.2203125 0 2.37620657034755e-09 3.91011017348019e-06 -3.91248638005054e-06
0.5 0.221875 0 2.36725585937765e-09 3.91027454646594e-06 -3.91264180232532e-06
0.5 0.2234375 0 2.35869022626113e-09 3.91043573296279e-06 -3.91279442318905e-06
0.5 0.22421875 0 2.35454611512168e-09 3.91051518691746e-06 -3.91286973303259e-06
0.5 0.225 0 2.35049155367921e-09 3.91059390972769e-06 -3.91294440128136e-06
0.5 0.22578125 0 2.34652442699055e-09 3.91067192189346e-06 -3.91301844632044e-06
0.5 0.2265625 0 2.34264266782252e-09 3.91074924332831e-06 -3.91309188599613e-06
0.5 0.22734375 0 2.33884426342959e-09 3.91082589336138e-06 -3.9131647376248e-06
0.5 0.228125 0 2.33512725228317e-09 3.91090189075261e-06 -3.9132370180049e-06
0.5 0.2296875 0 2.32792979793484e-09 3.91105199996169e-06 -3.91337992975962e-06
0.5 0.23125 0 2.32103558312974e-09 3.91119971043464e-06 -3.91352074601777e-06
0.5 0.2328125 0 2.31443060917209e-09 3.91134515361855e-06 -3.91365958422772e-06
0.5 0.234375 0 2.30810160887459e-09 3.91148845340332e-06 -3.9137965550122e-06
0.5 0.2359375 0 2.30203595283033e-09 3.91162972657268e-06 -3.91393176252553e-06
0.5 0.2375 0 2.29622162738886e-09 3.9117690832462e-06 -3.91406530487359e-06
0.5 0.240625 0 2.28530193165074e-09 3.91204245626901e-06 -3.91432775820067e-06
0.5 0.24375 0 2.27525779722707e-09 3.91230933350848e-06 -3.91458459130571e-06
0.5 0.246875 0 2.26601262700396e-09 3.91257039143109e-06 -3.9148364040581e-06
0.5 0.25 0 2.25749705977372e-09 3.91282623148071e-06 -3.91508372854049e-06
0.5 0.2515625 0 2.2534930077475e-09 3.91295236432315e-06 -3.9152058573309e-06
0.5 0.253125 0 2.24964826607982e-09 3.91307738847778e-06 -3.91532703674386e-06
0.5 0.2546875 0 2.24595589289762e-09 3.91320136161405e-06 -3.91544731750694e-06
0.5 0.25625 0 2.2424092836752e-09 3.91332433812616e-06 -3.91556674740983e-06
0.5 0.2578125 0 2.23900214122587e-09 3.91344636931657e-06 -3.91568537145778e-06
0.5 0.259375 0 2.23572846636901e-09 3.91356750358681e-06 -3.91580323205318e-06
0.5 0.2625 0 2.22955889933448e-09 3.91380726143453e-06 -3.91603682033386e-06
0.5 0.2640625 0 2.22665236163499e-09 3.9139259687376e-06 -3.91615262109924e-06
0.5 0.26484375 0 2.22524144674247e-09 3.91398504663073e-06 -3.91621028807748e-06
0.5 0.265625 0 2.22385796689711e-09 3.91404394684796e-06 -3.91626780481485e-06
0.5 0.26640625 0 2.22250133675082e-09 3.91410267385348e-06 -3.91632517519024e-06
0.5 0.2671875 0 2.22117098774156e-09 3.9141612319745e-06 -3.91638240296225e-06
0.5 0.267578125 0 2.22051549458274e-09 3.91419044901846e-06 -3.91641096451305e-06
0.5 0.26796875 0 2.21986636420936e-09 3.91421962540503e-06 -3.91643949176923e-06
0.5 0.268359375 0 2.21922352873546e-09 3.91424876165043e-06 -3.91646798517916e-06
0.5 0.26875 0 2.21858692111115e-09 3.9142778582446e-06 -3.91649644516571e-06
0.5 0.269140625 0 2.21795647513081e-09 3.91430691568404e-06 -3.91652487215918e-06
0.5 0.26953125 0 2.21733212566047e-09 3.91433593446103e-06 -3.91655326658669e-06
0.5 0.2703125 0 2.21610145923366e-09 3.91439385790565e-06 -3.91660995936487e-06
0.5 0.27109375 0 2.21489441708233e-09 3.91445163232767e-06 -3.91666652674475e-06
0.5 0.271484375 0 2.21429960038646e-09 3.91448046479785e-06 -3.91669476439823e-06
0.5 0.271875 0 2.21371050434649e-09 3.91450926137219e-06 -3.91672297187654e-06
0.5 0.272265625 0 2.21312706870211e-09 3.91453802248604e-06 -3.91675114955475e-06
0.5 0.27265625 0 2.21254923416321e-09 3.91456674856863e-06 -3.9167792978028e-06
0.5 0.273046875 0 2.21197694221993e-09 3.91459544005465e-06 -3.91680741699687e-06
0.5 0.2734375 0 2.21141013481907e-09 3.91462409736407e-06 -3.91683550749888e-06
0.5 0.27421875 0 2.21029274400623e-09 3.91468131108624e-06 -3.91689160383024e-06
0.5 0.274609375 0 2.2097420480963e-09 3.91470986831465e-06 -3.91691961036274e-06
0.5 0.275 0 2.20919661088967e-09 3.91473839298411e-06 -3.91694758959501e-06
0.5 0.275390625 0 2.20865637756254e-09 3.91476688548715e-06 -3.91697554186471e-06
0.5 0.27578125 0 2.20812129379532e-09 3.91479534620756e-06 -3.91700346750136e-06
0.5 0.276171875 0 2.20759130604546e-09 3.91482377553436e-06 -3.91703136684041e-06
0.5 0.2765625 0 2.20706636214949e-09 3.91485217383485e-06 -3.917059240197e-06
0.5 0.27734375 0 2.20603139712541e-09 3.91490887882042e-06 -3.91711491021754e-06
0.5 0.278125 0 2.20501598435673e-09 3.91496546406774e-06 -3.9171704800521e-06
0.5 0.27890625 0 2.20401972353579e-09 3.91502193237935e-06 -3.91722595210289e-06
0.5 0.279296875 0 2.20352865105117e-09 3.91505012354742e-06 -3.91725365219847e-06
0.5 0.2796875 0 2.20304221914519e-09 3.91507828649959e-06 -3.91728132871873e-06
0.5 0.280078125 0 2.20256038005254e-09 3.91510642156746e-06 -3.91730898194751e-06
0.5 0.280468749999999 0 2.20208308645126e-09 3.91513452907492e-06 -3.91733661216137e-06
0.5 0.280859374999999 0 2.20161029183407e-09 3.91516260934731e-06 -3.91736421963914e-06
0.5 0.281249999999999 0 2.20114194991498e-09 3.91519066269149e-06 -3.91739180464142e-06
0.5 0.282031249999999 0 2.20021844248794e-09 3.91524668984944e-06 -3.91744690829192e-06
0.5 0.282812499999999 0 2.19931220427213e-09 3.91530261298322e-06 -3.91750192518748e-06
0.5 0.283593749999999 0 2.19842288461443e-09 3.91535843447056e-06 -3.91755685735517e-06
0.5 0.284374999999999 0 2.19755014059467e-09 3.91541415661054e-06 -3.91761170675113e-06
0.5 0.28515625 0 2.19669363695543e-09 3.91546978163291e-06 -3.91766647526987e-06
0.5 0.2859375 0 2.19585304551854e-09 3.91552531171338e-06 -3.91772116475889e-06
0.5 0.2875 0 2.19421832184763e-09 3.91563609546109e-06 -3.91783031378293e-06
0.5 0.2890625 0 2.19264348402576e-09 3.91574652406063e-06 -3.91793916754465e-06
0.5 0.290625 0 2.19112615718995e-09 3.91585661281803e-06 -3.91804773897523e-06
0.5 0.2921875 0 2.18966407173104e-09 3.91596637622866e-06 -3.9181560403004e-06
0.5 0.29375 0 2.18825505435447e-09 3.91607582796371e-06 -3.91826408301806e-06
0.5 0.2953125 0 2.18689702002989e-09 3.9161849809603e-06 -3.91837187798033e-06
0.5 0.2984375 0 2.18432602549836e-09 3.91640243901184e-06 -3.91858676503734e-06
0.5 0.3015625 0 2.1819361560887e-09 3.91661884045541e-06 -3.9188007766115e-06
0.5 0.3046875 0 2.17971371312983e-09 3.9168342658927e-06 -3.91901397960583e-06
0.5 0.3078125 0 2.17764612278063e-09 3.91704878747682e-06 -3.91922643359961e-06
0.5 0.3109375 0 2.17572183937299e-09 3.91726246984036e-06 -3.91943819167972e-06
0.5 0.3140625 0 2.17393024758565e-09 3.91747537093372e-06 -3.9196493011813e-06
0.5 0.3203125 0 2.170706867862e-09 3.91789903192925e-06 -3.92006973879712e-06
0.5 0.3234375 0 2.16925781669971e-09 3.91810988045974e-06 -3.92027913827644e-06
0.5 0.3265625 0 2.16790680581636e-09 3.91832012605506e-06 -3.92048803286088e-06
0.5 0.3296875 0 2.16664679836863e-09 3.91852980268845e-06 -3.92069644948682e-06
0.5 0.3328125 0 2.16547130372712e-09 3.91873894097246e-06 -3.92090441227619e-06
0.5 0.3359375 0 2.16437432581527e-09 3.91894756853108e-06 -3.92111194285688e-06
0.5 0.339062499999999 0 2.16335032664609e-09 3.91915571031394e-06 -3.92131906064059e-06
0.5 0.345312499999999 0 2.16150116157437e-09 3.91957062469178e-06 -3.92173212585335e-06
0.5 0.351562499999999 0 2.15988725889788e-09 3.91998384036501e-06 -3.92214372762391e-06
0.5 0.357812499999999 0 2.15847727055678e-09 3.92039548619517e-06 -3.92255396346572e-06
0.5 0.364062499999999 0 2.15724425594109e-09 3.92080566904992e-06 -3.92296291330586e-06
0.5 0.370312499999999 0 2.15616501367127e-09 3.9212144781433e-06 -3.92337064315696e-06
0.5 0.376562499999999 0 2.15521952463848e-09 3.92162198851501e-06 -3.92377720803963e-06
0.5 0.389062499999999 0 2.15366291137152e-09 3.92243335814383e-06 -3.9245870210552e-06
0.5 0.395312499999999 0 2.15302381009481e-09 3.92283731848457e-06 -3.92499034229466e-06
0.5 0.401562499999999 0 2.15246189472958e-09 3.92324018541563e-06 -3.92539264731036e-06
0.5 0.407812499999999 0 2.15196734890138e-09 3.92364199454517e-06 -3.92579396189407e-06
0.5 0.414062499999999 0 2.15153162274762e-09 3.92404277738282e-06 -3.92619430900557e-06
0.5 0.420312499999999 0 2.15114726055695e-09 3.92444256200177e-06 -3.92659370926234e-06
0.5 0.426562499999999 0 2.1508077530434e-09 3.92484137366553e-06 -3.92699218141858e-06
0.5 0.432812499999999 0 2.15050741129531e-09 3.92523923527937e-06 -3.92738974269067e-06
0.5 0.439062499999999 0 2.15024125846322e-09 3.9256361677535e-06 -3.92778640901197e-06
0.5 0.445312499999999 0 2.15000493714732e-09 3.92603219036202e-06 -3.92818219529917e-06
0.5 0.451562499999999 0 2.14979462953207e-09 3.9264273209154e-06 -3.92857711554493e-06
0.5 0.457812499999999 0 2.14960698887804e-09 3.92682157605986e-06 -3.92897118304874e-06
0.5 0.464062499999999 0 2.14943908010503e-09 3.92721497136687e-06 -3.92936441044696e-06
0.5 0.476562499999999 0 2.1491524797171e-09 3.92799924042711e-06 -3.93014839290682e-06
0.5 0.482812499999999 0 2.14902955254573e-09 3.92839014128798e-06 -3.93053917084052e-06
0.5 0.489062499999999 0 2.14891781526185e-09 3.92878023669366e-06 -3.93092915450893e-06
0.5 0.495312499999999 0 2.14881575173575e-09 3.92916953871467e-06 -3.93131835446641e-06
0.5 0.501562499999999 0 2.14872203775056e-09 3.92955805892381e-06 -3.93170678096158e-06
0.5 0.507812499999999 0 2.14863551833838e-09 3.92994580845566e-06 -3.93209444397399e-06
0.5 0.514062499999999 0 2.14855518853235e-09 3.93033279807029e-06 -3.93248135325883e-06
0.5 0.526562499999999 0 2.14840972602568e-09 3.93110453880633e-06 -3.93325294853236e-06
0.5 0.539062499999999 0 2.14827999833379e-09 3.93187336061046e-06 -3.93402164060879e-06
0.5 0.551562499999999 0 2.14816182192206e-09 3.93263933864964e-06 -3.93478750047155e-06
0.5 0.564062499999999 0 2.14805214311737e-09 3.93340254445021e-06 -3.93555059659334e-06
0.5 0.570312499999999 0 2.14799977644134e-09 3.933783129255e-06 -3.93593112903143e-06
0.5 0.571874999999999 0 2.14798690392018e-09 3.93387817082634e-06 -3.93602615773027e-06
0.5 0.573437499999999 0 2.14797411285951e-09 3.93397317079497e-06 -3.93612114490784e-06
0.5 0.574999999999999 0 2.1479614005923e-09 3.934068129295e-06 -3.93621609069559e-06
0.5 0.576562499999999 0 2.14794876439663e-09 3.93416304645128e-06 -3.93631099521569e-06
0.5 0.577343749999999 0 2.14794247400164e-09 3.934210489569e-06 -3.93635843204301e-06
0.5 0.578124999999999 0 2.14793620167998e-09 3.93425792239313e-06 -3.93640585859481e-06
0.5 0.578906249999999 0 2.1479299470991e-09 3.93430534495375e-06 -3.93645327490086e-06
0.5 0.579687499999999 0 2.14792371003884e-09 3.93435275724829e-06 -3.93650068095834e-06
0.5 0.580468749999999 0 2.14791749008843e-09 3.93440015930664e-06 -3.93654807679674e-06
0.5 0.581249999999999 0 2.14791128696379e-09 3.93444755113739e-06 -3.93659546242436e-06
0.5 0.582812499999999 0 2.14789893037692e-09 3.93454230418562e-06 -3.93669020311599e-06
0.5 0.584374999999999 0 2.14788663805904e-09 3.93463701652317e-06 -3.93678490316121e-06
0.5 0.585937499999999 0 2.14787440795708e-09 3.93473168826528e-06 -3.93687956267323e-06
0.5 0.587499999999999 0 2.14786223812829e-09 3.93482631953272e-06 -3.93697418177083e-06
0.5 0.589062499999999 0 2.1478501266701e-09 3.93492091046187e-06 -3.93706876058853e-06
0.5 0.590624999999999 0 2.14783807182414e-09 3.93501546116415e-06 -3.93716329923597e-06
0.5 0.593749999999999 0 2.14781412513924e-09 3.93520444238449e-06 -3.93735225650964e-06
0.5 0.596874999999999 0 2.14779038537286e-09 3.93539326416692e-06 -3.93754105455231e-06
0.5 0.599999999999999 0 2.14776684071099e-09 3.93558192747232e-06 -3.93772969431304e-06
0.5 0.603124999999999 0 2.14774348072583e-09 3.9357704332519e-06 -3.93791817673262e-06
0.5 0.606249999999999 0 2.14772029570545e-09 3.93595878245472e-06 -3.93810650275042e-06
0.5 0.609374999999999 0 2.14769727683461e-09 3.93614697601803e-06 -3.93829467329487e-06
0.5 0.615624999999999 0 2.14765170618987e-09 3.93652289996499e-06 -3.93867055167117e-06
0.5 0.618749999999999 0 2.14762914041356e-09 3.93671063218522e-06 -3.93885826132564e-06
0.5 0.621874999999999 0 2.14760671273973e-09 3.93689821247093e-06 -3.93904581918367e-06
0.5 0.624999999999999 0 2.14758441738834e-09 3.93708564172518e-06 -3.93923322614256e-06
0.5 0.628124999999999 0 2.14756224944122e-09 3.9372729208461e-06 -3.93942048309554e-06
0.5 0.631249999999999 0 2.14754020397376e-09 3.93746005074318e-06 -3.93960759094715e-06
0.5 0.634374999999999 0 2.14751827677296e-09 3.93764703229377e-06 -3.93979455057054e-06
0.5 0.640624999999999 0 2.14747476100864e-09 3.93802055392903e-06 -3.94016802869004e-06
0.5 0.646874999999999 0 2.14743167282997e-09 3.93839349276889e-06 -3.94054092444172e-06
0.5 0.649999999999999 0 2.14741028088246e-09 3.93857974581795e-06 -3.94072715609883e-06
0.5 0.653124999999999 0 2.14738898637173e-09 3.93876585576942e-06 -3.94091324475579e-06
0.5 0.656249999999999 0 2.14736778631164e-09 3.93895182347134e-06 -3.94109919125766e-06
0.5 0.659374999999999 0 2.14734667810202e-09 3.93913764978619e-06 -3.9412849964643e-06
0.5 0.662499999999999 0 2.14732565908408e-09 3.93932333554883e-06 -3.94147066120791e-06
0.5 0.665624999999999 0 2.147304726711e-09 3.93950888160607e-06 -3.94165618633278e-06
0.5 0.671874999999999 0 2.14726311210735e-09 3.93987955793103e-06 -3.94202682104313e-06
0.5 0.678124999999999 0 2.14722181538839e-09 3.9402496853873e-06 -3.94239690720269e-06
0.5 0.684374999999999 0 2.14718081868776e-09 3.9406192705225e-06 -3.94276645134119e-06
0.5 0.690624999999999 0 2.14714010478975e-09 3.94098831979573e-06 -3.94313545990052e-06
0.5 0.693749999999999 0 2.1471198488813e-09 3.94117264548192e-06 -3.94331976533081e-06
0.5 0.696874999999999 0 2.14709965774598e-09 3.94135683959383e-06 -3.94350393925157e-06
0.5 0.7 0 2.14707952948659e-09 3.94154090290996e-06 -3.94368798243944e-06
0.5 0.7015625 0 2.14706948837751e-09 3.9416328857692e-06 -3.94377995525758e-06
0.5 0.703125 0 2.14705946231868e-09 3.9417248362177e-06 -3.94387189568002e-06
0.5 0.7046875 0 2.14704945114852e-09 3.94181675435627e-06 -3.94396380380742e-06
0.5 0.70625 0 2.14703945455461e-09 3.94190864028291e-06 -3.94405567973746e-06
0.5 0.7078125 0 2.14702947233545e-09 3.94200049409401e-06 -3.94414752356634e-06
0.5 0.709375 0 2.14701950443364e-09 3.94209231588675e-06 -3.94423933539119e-06
0.5 0.7125 0 2.14699961036312e-09 3.94227586378014e-06 -3.94442286339051e-06
0.5 0.715625 0 2.14697977092074e-09 3.94245928472207e-06 -3.94460626449299e-06
0.5 0.71875 0 2.14695998461684e-09 3.94264257947642e-06 -3.94478953946104e-06
0.5 0.721875 0 2.14694025013083e-09 3.94282574877806e-06 -3.9449726890282e-06
0.5 0.725 0 2.14692056603123e-09 3.94300879337517e-06 -3.9451557139412e-06
0.5 0.728125 0 2.14690093122181e-09 3.94319171400437e-06 -3.94533861493559e-06
0.5 0.734375 0 2.14686180495028e-09 3.94355718624585e-06 -3.94570404805081e-06
0.5 0.7375 0 2.14684231148043e-09 3.943739739304e-06 -3.94588658161549e-06
0.5 0.7390625 0 2.14683258167086e-09 3.94383097038276e-06 -3.94597780296443e-06
0.5 0.740625 0 2.1468228630881e-09 3.94392217127381e-06 -3.9460689941369e-06
0.5 0.7421875 0 2.14681315558271e-09 3.94401334206669e-06 -3.94616015522228e-06
0.5 0.74375 0 2.14680345907049e-09 3.94410448285395e-06 -3.94625128631302e-06
0.5 0.7453125 0 2.1467937734496e-09 3.94419559371488e-06 -3.94634238748834e-06
0.5 0.746875 0 2.14678409864995e-09 3.9442866747419e-06 -3.94643345884055e-06
0.5 0.75 0 2.14676478113826e-09 3.94446874763654e-06 -3.94661551241769e-06
0.5 0.753125 0 2.14674550586286e-09 3.9446507022151e-06 -3.94679744772097e-06
0.5 0.7546875 0 2.14673588384975e-09 3.94474163535006e-06 -3.94688837123391e-06
0.5 0.75625 0 2.14672627229496e-09 3.94483253915984e-06 -3.94697926543214e-06
0.5 0.7578125 0 2.1467166709522e-09 3.9449234137268e-06 -3.94707013039776e-06
0.5 0.759375 0 2.14670707991609e-09 3.94501425913986e-06 -3.94716096621978e-06
0.5 0.7609375 0 2.14669749909012e-09 3.94510507547119e-06 -3.94725177297028e-06
0.5 0.7625 0 2.14668792841648e-09 3.945195862819e-06 -3.94734255074742e-06
0.5 0.7640625 0 2.14667836786064e-09 3.94528662125001e-06 -3.94743329961787e-06
0.5 0.765625 0 2.14666881738198e-09 3.94537735085439e-06 -3.94752401967178e-06
0.5 0.76640625 0 2.14666404595761e-09 3.94542270486989e-06 -3.94756936891586e-06
0.5 0.7671875 0 2.14665927695107e-09 3.94546805171114e-06 -3.94761471098809e-06
0.5 0.76796875 0 2.14665451048375e-09 3.94551339138297e-06 -3.94766004589346e-06
0.5 0.76875 0 2.14664974658242e-09 3.94555872390185e-06 -3.94770537364843e-06
0.5 0.76953125 0 2.14664498506471e-09 3.94560404926718e-06 -3.94775069425224e-06
0.5 0.7703125 0 2.14664022610588e-09 3.94564936750397e-06 -3.94779600773008e-06
0.5 0.771875 0 2.14663071564407e-09 3.9457399825921e-06 -3.94788661330774e-06
0.5 0.7734375 0 2.14662121512487e-09 3.94583056926241e-06 -3.94797719047753e-06
0.5 0.775 0 2.1466117245527e-09 3.94592112757512e-06 -3.94806773929967e-06
0.5 0.7765625 0 2.14660224388943e-09 3.94601165762282e-06 -3.9481582598667e-06
0.5 0.778125 0 2.14659277315387e-09 3.94610215947249e-06 -3.94824875224565e-06
0.5 0.7796875 0 2.14658331231649e-09 3.94619263320703e-06 -3.94833921651935e-06
0.5 0.7828125 0 2.14656442043849e-09 3.94637349663562e-06 -3.94852006105606e-06
0.5 0.7859375 0 2.14654556812782e-09 3.94655424851528e-06 -3.94870079408341e-06
0.5 0.7890625 0 2.14652675567272e-09 3.94673488944167e-06 -3.94888141619734e-06
0.5 0.7921875 0 2.14650798300107e-09 3.94691542001763e-06 -3.94906192800064e-06
0.5 0.7953125 0 2.14648925044727e-09 3.94709584082467e-06 -3.94924233007513e-06
0.5 0.7984375 0 2.14647055814893e-09 3.94727615243893e-06 -3.94942262299708e-06
0.5 0.801562500000001 0 2.14645190636477e-09 3.94745635542629e-06 -3.94960280733266e-06
0.5 0.803125000000001 0 2.14644259576215e-09 3.94754641635792e-06 -3.94969285895369e-06
0.5 0.804687500000001 0 2.14643329538956e-09 3.94763645034895e-06 -3.94978288364434e-06
0.5 0.806250000000001 0 2.14642400530788e-09 3.94772645746214e-06 -3.94987288146745e-06
0.5 0.807812500000001 0 2.14641472553198e-09 3.94781643776277e-06 -3.94996285248831e-06
0.5 0.808593750000001 0 2.14641008953468e-09 3.94786141788232e-06 -3.95000782797186e-06
0.5 0.809375000000001 0 2.1464054561361e-09 3.9479063913219e-06 -3.95005279677804e-06
0.5 0.81015625 0 2.14640082532005e-09 3.94795135809295e-06 -3.95009775891827e-06
0.5 0.8109375 0 2.14639619711735e-09 3.94799631820298e-06 -3.95014271440011e-06
0.5 0.81171875 0 2.14639157152753e-09 3.94804127166766e-06 -3.9501876632392e-06
0.5 0.8125 0 2.14638694855473e-09 3.94808621848479e-06 -3.95023260543335e-06
0.5 0.8140625 0 2.14637771047871e-09 3.94817609221539e-06 -3.95032246992587e-06
0.5 0.815625 0 2.14636848299143e-09 3.94826593948052e-06 -3.95041230796352e-06
0.5 0.8171875 0 2.14635926597854e-09 3.94835576032459e-06 -3.95050211959057e-06
0.5 0.81875 0 2.14635005964162e-09 3.94844555482645e-06 -3.95059190488609e-06
0.5 0.8203125 0 2.14634086397413e-09 3.94853532304109e-06 -3.95068166390507e-06
0.5 0.821875 0 2.14633167907147e-09 3.94862506503726e-06 -3.95077139671633e-06
0.5 0.825000000000001 0 2.14631334143587e-09 3.94880447062091e-06 -3.95095078396235e-06
0.5 0.828125000000001 0 2.14629504721312e-09 3.94898377207657e-06 -3.95113006712379e-06
0.5 0.831250000000001 0 2.14627679674397e-09 3.94916296988101e-06 -3.95130924667776e-06
0.5 0.834375000000001 0 2.14625859023122e-09 3.94934206452055e-06 -3.95148832311078e-06
0.5 0.837500000000001 0 2.14624042800058e-09 3.94952105645991e-06 -3.95166729688791e-06
0.5 0.840625000000001 0 2.14622231024214e-09 3.94969994616381e-06 -3.95184616847406e-06
0.5 0.843750000000001 0 2.14620423726e-09 3.94987873407771e-06 -3.95202493831497e-06
0.5 0.846875000000001 0 2.14618620916617e-09 3.95005742064464e-06 -3.9522036068538e-06
0.5 0.848437500000001 0 2.14617721203864e-09 3.95014672605822e-06 -3.95229290327026e-06
0.5 0.850000000000001 0 2.14616822607264e-09 3.95023600629722e-06 -3.95238217452329e-06
0.5 0.851562500000001 0 2.14615925141733e-09 3.95032526141526e-06 -3.95247142066668e-06
0.5 0.853125000000001 0 2.14615028804226e-09 3.9504144914533e-06 -3.95256064174134e-06
0.5 0.854687500000001 0 2.14614133598237e-09 3.95050369648702e-06 -3.95264983782301e-06
0.5 0.856250000000001 0 2.14613239508671e-09 3.95059287654529e-06 -3.95273900894038e-06
0.5 0.859375000000001 0 2.14611454715526e-09 3.95077116195587e-06 -3.95291727650303e-06
0.5 0.862500000000001 0 2.14609674415166e-09 3.95094934809389e-06 -3.95309544483804e-06
0.5 0.865625000000001 0 2.14607898589317e-09 3.95112743533919e-06 -3.95327351432508e-06
0.5 0.868750000000001 0 2.14606127217619e-09 3.9513054240696e-06 -3.95345148534178e-06
0.5 0.871875000000001 0 2.14604360271477e-09 3.95148331465553e-06 -3.95362935825824e-06
0.5 0.873437500000001 0 2.14603478448091e-09 3.95157222325739e-06 -3.95371825804187e-06
0.5 0.875000000000001 0 2.1460259771782e-09 3.95166110745053e-06 -3.95380713342771e-06
0.5 0.876562500000001 0 2.14601718076777e-09 3.95174996729277e-06 -3.95389598447354e-06
0.5 0.878125000000001 0 2.14600839517499e-09 3.95183880281385e-06 -3.95398481120903e-06
0.5 0.879687500000001 0 2.1459996203611e-09 3.95192761406123e-06 -3.9540736136816e-06
0.5 0.881250000000001 0 2.14599085626085e-09 3.95201640107202e-06 -3.95416239192829e-06
0.5 0.884375000000001 0 2.14597335995067e-09 3.9521939025673e-06 -3.95433987592725e-06
0.5 0.887500000000001 0 2.14595590571018e-09 3.95237130761351e-06 -3.95451726351922e-06
0.5 0.890625000000001 0 2.14593849296901e-09 3.95254861652579e-06 -3.95469455501875e-06
0.5 0.893750000000001 0 2.14592112111472e-09 3.95272582960779e-06 -3.9548717507289e-06
0.5 0.895312500000002 0 2.14591245033327e-09 3.95281440029933e-06 -3.95496031274966e-06
0.5 0.896093750000001 0 2.14590811868566e-09 3.95285867670877e-06 -3.95500458482745e-06
0.5 0.896875000000001 0 2.14590378952653e-09 3.95290294715048e-06 -3.95504885094001e-06
0.5 0.897656250000001 0 2.14589946284379e-09 3.95294721164216e-06 -3.95509311110501e-06
0.5 0.898437500000001 0 2.14589513862351e-09 3.95299147018916e-06 -3.95513736532779e-06
0.5 0.899218750000001 0 2.14589081685591e-09 3.95303572278667e-06 -3.95518161360353e-06
0.5 0.900000000000001 0 2.14588649753284e-09 3.95307996944539e-06 -3.95522585594293e-06
0.5 0.901562500000001 0 2.14587786617608e-09 3.95316844495327e-06 -3.95531432281945e-06
0.5 0.903125000000001 0 2.14586924446165e-09 3.95325689675919e-06 -3.95540276600365e-06
0.5 0.904687500000001 0 2.14586063231408e-09 3.95334532488717e-06 -3.95549118551948e-06
0.5 0.906250000000001 0 2.14585202962135e-09 3.95343372937103e-06 -3.95557958140066e-06
0.5 0.907812500000001 0 2.14584343633148e-09 3.95352211023795e-06 -3.95566795367429e-06
0.5 0.909375000000001 0 2.14583485232749e-09 3.95361046752789e-06 -3.95575630238021e-06
0.5 0.912500000000001 0 2.14581771189323e-09 3.95378711148552e-06 -3.95593292919741e-06
0.5 0.915625000000001 0 2.14580060761755e-09 3.95396366148354e-06 -3.95610946209116e-06
0.5 0.918750000000002 0 2.14578353883494e-09 3.95414011775923e-06 -3.95628590129807e-06
0.5 0.921875000000002 0 2.14576650488326e-09 3.95431648052807e-06 -3.95646224703296e-06
0.5 0.925000000000002 0 2.14574950513125e-09 3.95449275000775e-06 -3.95663849951288e-06
0.5 0.928125000000002 0 2.14573253897092e-09 3.9546689264109e-06 -3.95681465894988e-06
0.5 0.931250000000002 0 2.14571560582424e-09 3.95484500993151e-06 -3.95699072553734e-06
0.5 0.934375000000002 0 2.14569870514298e-09 3.95502100075932e-06 -3.95716669946447e-06
0.5 0.935937500000002 0 2.14569026687065e-09 3.95510896147351e-06 -3.95725465174038e-06
0.5 0.937500000000002 0 2.14568183641904e-09 3.95519689908248e-06 -3.9573425809189e-06
0.5 0.939062500000002 0 2.14567341390247e-09 3.95528481360833e-06 -3.95743048702223e-06
0.5 0.940625000000002 0 2.14566499919133e-09 3.95537270506997e-06 -3.95751837006916e-06
0.5 0.942187500000002 0 2.14565659226551e-09 3.95546057349041e-06 -3.95760623008268e-06
0.5 0.943750000000002 0 2.14564819303788e-09 3.95554841889449e-06 -3.95769406708753e-06
0.5 0.946875000000002 0 2.14563141755766e-09 3.95572404071533e-06 -3.9578696721329e-06
0.5 0.950000000000002 0 2.14561467242217e-09 3.95589957068688e-06 -3.95804518535931e-06
0.5 0.953125000000002 0 2.14559795737727e-09 3.95607500894519e-06 -3.95822060690257e-06
0.5 0.956250000000002 0 2.14558127202357e-09 3.95625035563849e-06 -3.95839593691052e-06
0.5 0.959375000000002 0 2.14556461629666e-09 3.95642561089665e-06 -3.95857117551295e-06
0.5 0.962500000000002 0 2.14554798996974e-09 3.95660077483709e-06 -3.95874632282706e-06
0.5 0.968750000000002 0 2.14551482507558e-09 3.95695082924744e-06 -3.95909634407251e-06
0.5 0.971875000000002 0 2.14549828633574e-09 3.95712571993404e-06 -3.95927121822037e-06
0.5 0.975000000000002 0 2.14548177673878e-09 3.95730051974459e-06 -3.95944600152133e-06
0.5 0.978125000000002 0 2.14546529615056e-09 3.95747522876285e-06 -3.95962069405901e-06
0.5 0.981250000000002 0 2.14544884472237e-09 3.95764984708857e-06 -3.95979529593329e-06
0.5 0.984375000000002 0 2.14543242247288e-09 3.95782437479211e-06 -3.95996980721458e-06
0.5 0.987500000000002 0 2.14541602950949e-09 3.95799881196569e-06 -3.9601442279952e-06
0.5 0.990625000000002 0 2.14539966576403e-09 3.95817315866839e-06 -3.96031855833415e-06
0.5 0.993750000000002 0 2.14538333147576e-09 3.95834741496935e-06 -3.96049279830083e-06
0.5 0.996875000000003 0 2.14536702668476e-09 3.95852158092809e-06 -3.96066694795478e-06
0.5 1 0 2.14535075149317e-09 3.95869565661848e-06 -3.96084100736998e-06
0.5 1.0015625 0 2.14534262502605e-09 3.95878266062249e-06 -3.96092800324752e-06
0.5 1.003125 0 2.14533450598581e-09 3.95886964207519e-06 -3.96101497658118e-06
0.5 1.0046875 0 2.1453263944052e-09 3.95895660098605e-06 -3.96110192738046e-06
0.5 1.00625 0 2.1453182902775e-09 3.9590435373567e-06 -3.96118885564697e-06
0.5 1.0078125 0 2.14531019361418e-09 3.95913045119588e-06 -3.96127576138949e-06
0.5 1.009375 0 2.14530210447592e-09 3.9592173425042e-06 -3.96136264460868e-06
0.5 1.0125 0 2.1452859485006e-09 3.95939105756159e-06 -3.96153634351009e-06
0.5 1.015625 0 2.14526982262372e-09 3.95956468257073e-06 -3.96170995239335e-06
0.5 1.01875 0 2.1452537267087e-09 3.95973821755534e-06 -3.96188347128205e-06
0.5 1.021875 0 2.14523766077763e-09 3.95991166256115e-06 -3.96205690022193e-06
0.5 1.025 0 2.14522162491732e-09 3.96008501761188e-06 -3.9622302392368e-06
0.5 1.028125 0 2.14520561904305e-09 3.96025828272994e-06 -3.96240348834899e-06
0.5 1.034375 0 2.14517369697472e-09 3.96060454327144e-06 -3.96274971696841e-06
0.5 1.040625 0 2.14514189372145e-09 3.96095044434995e-06 -3.96309558624367e-06
0.5 1.04375 0 2.14512603627045e-09 3.96112326013717e-06 -3.96326838617345e-06
0.5 1.0453125 0 2.14511811849535e-09 3.96120963435162e-06 -3.96335475247012e-06
0.5 1.046875 0 2.14511020798861e-09 3.96129598611244e-06 -3.96344109632044e-06
0.5 1.0484375 0 2.14510230471263e-09 3.96138231541935e-06 -3.96352741772406e-06
0.5 1.05 0 2.14509440863865e-09 3.96146862227605e-06 -3.96361371668468e-06
0.5 1.0515625 0 2.14508651973473e-09 3.96155490669017e-06 -3.9636999932099e-06
0.5 1.053125 0 2.14507863795377e-09 3.96164116865921e-06 -3.96378624729716e-06
0.5 1.05625 0 2.14506289564908e-09 3.96181362525333e-06 -3.96395868814898e-06
0.5 1.059375 0 2.14504718138816e-09 3.96198599208387e-06 -3.96413103926526e-06
0.5 1.0625 0 2.14503149482891e-09 3.96215826915755e-06 -3.96430330065238e-06
0.5 1.065625 0 2.14501583559395e-09 3.96233045648036e-06 -3.96447547231595e-06
0.5 1.06875 0 2.14500020329645e-09 3.96250255406214e-06 -3.96464755426544e-06
0.5 1.071875 0 2.14498459750874e-09 3.96267456191681e-06 -3.96481954651432e-06
0.5 1.0734375 0 2.14497680443432e-09 3.96276053219427e-06 -3.9649055089987e-06
0.5 1.075 0 2.14496901781805e-09 3.96284648004828e-06 -3.9649914490661e-06
0.5 1.0765625 0 2.14496123761436e-09 3.96293240547124e-06 -3.96507736670886e-06
0.5 1.078125 0 2.1449534637581e-09 3.96301830847024e-06 -3.965163261934e-06
0.5 1.0796875 0 2.14494569619807e-09 3.96310418903845e-06 -3.96524913473465e-06
0.5 1.08125 0 2.14493793487209e-09 3.9631900471895e-06 -3.96533498512437e-06
0.5 1.084375 0 2.14492243073076e-09 3.963361696218e-06 -3.96550661864873e-06
0.5 1.0875 0 2.14490695070104e-09 3.96353325556091e-06 -3.96567816251161e-06
0.5 1.090625 0 2.14489149443718e-09 3.96370472524759e-06 -3.96584961674203e-06
0.5 1.09375 0 2.14487606140326e-09 3.96387610527523e-06 -3.96602098133664e-06
0.5 1.096875 0 2.14486065110379e-09 3.96404739565834e-06 -3.96619225630944e-06
0.5 1.1 0 2.1448452630301e-09 3.96421859642661e-06 -3.96636344168964e-06
0.5 1.10625 0 2.14481455163936e-09 3.96456072914639e-06 -3.96670554369803e-06
0.5 1.1125 0 2.14478392325062e-09 3.96490250359476e-06 -3.96704728751801e-06
0.5 1.11875 0 2.14475337418348e-09 3.96524391994477e-06 -3.96738867331895e-06
0.5 1.121875 0 2.14473812831527e-09 3.96541449389586e-06 -3.96755923202418e-06
0.5 1.125 0 2.14472290100801e-09 3.96558497840301e-06 -3.96772970130402e-06
0.5 1.128125 0 2.14470769193524e-09 3.96575537350274e-06 -3.96790008119468e-06
0.5 1.13125 0 2.14469250056854e-09 3.96592567921836e-06 -3.96807037171893e-06
0.5 1.134375 0 2.14467732673313e-09 3.96609589559626e-06 -3.968240572923e-06
0.5 1.1375 0 2.14466217007112e-09 3.96626602266623e-06 -3.9684106848363e-06
0.5 1.140625 0 2.14464703030929e-09 3.96643606047128e-06 -3.96858070750159e-06
0.5 1.14375 0 2.14463190720206e-09 3.9666060090535e-06 -3.9687506409607e-06
0.5 1.146875 0 2.14461680054224e-09 3.96677586846337e-06 -3.96892048526391e-06
0.5 1.15 0 2.14460171015574e-09 3.9669456387406e-06 -3.96909024045075e-06
0.5 1.1515625 0 2.14459417101752e-09 3.96703049047496e-06 -3.96917508464597e-06
0.5 1.15234375 0 2.1445904030066e-09 3.96707290799377e-06 -3.96921749839677e-06
0.5 1.153125 0 2.14458663589933e-09 3.96711531994888e-06 -3.96925990658478e-06
0.5 1.15390625 0 2.14458286984348e-09 3.96715772633523e-06 -3.96930230920507e-06
0.5 1.1546875 0 2.14457910478121e-09 3.9672001271591e-06 -3.96934470626388e-06
0.5 1.15546875 0 2.1445753407414e-09 3.96724252242111e-06 -3.96938709776185e-06
0.5 1.15625 0 2.14457157767817e-09 3.96728491212369e-06 -3.96942948370136e-06
0.5 1.1578125 0 2.1445640545545e-09 3.96736967484495e-06 -3.9695142388995e-06
0.5 1.159375 0 2.14455653541275e-09 3.96745441533061e-06 -3.96959897186602e-06
0.5 1.1609375 0 2.14454902027733e-09 3.96753913359203e-06 -3.96968368261231e-06
0.5 1.1625 0 2.14454150910858e-09 3.96762382963323e-06 -3.96976837114234e-06
0.5 1.1640625 0 2.14453400198351e-09 3.96770850345776e-06 -3.96985303745974e-06
0.5 1.165625 0 2.14452649874176e-09 3.96779315508883e-06 -3.96993768158757e-06
0.5 1.16875 0 2.14451150439726e-09 3.96796239175191e-06 -3.9701069032563e-06
0.5 1.171875 0 2.14449652614651e-09 3.96813153970326e-06 -3.97027603622941e-06
0.5 1.175 0 2.14448156411731e-09 3.96830059900399e-06 -3.97044508056811e-06
0.5 1.178125 0 2.14446661848719e-09 3.96846956973578e-06 -3.97061403635427e-06
0.5 1.18125 0 2.14445168943546e-09 3.96863845196344e-06 -3.97078290365288e-06
0.5 1.184375 0 2.14443677722164e-09 3.96880724577395e-06 -3.97095168255117e-06
0.5 1.190625 0 2.14440700438446e-09 3.96914456845802e-06 -3.97128897546241e-06
0.5 1.196875 0 2.14437730248256e-09 3.96948153847416e-06 -3.97162591577665e-06
0.5 1.1984375 0 2.14436988842746e-09 3.96956572595855e-06 -3.97171009584698e-06
0.5 1.2 0 2.14436247903667e-09 3.96964989145776e-06 -3.9717942539368e-06
0.5 1.20078125 0 2.1443587761547e-09 3.96969196597116e-06 -3.97183632474732e-06
0.5 1.2015625 0 2.1443550743532e-09 3.96973403498574e-06 -3.97187839006009e-06
0.5 1.20234375 0 2.14435137380609e-09 3.96977609851934e-06 -3.97192044989315e-06
0.5 1.203125 0 2.14434767444939e-09 3.96981815655496e-06 -3.97196250422941e-06
0.5 1.20390625 0 2.1443439763018e-09 3.9698602091095e-06 -3.9720045530858e-06
0.5 1.2046875 0 2.14434027941117e-09 3.9699022561797e-06 -3.97204659645911e-06
0.5 1.20625 0 2.14433288914734e-09 3.96998633386302e-06 -3.97213066675216e-06
0.5 1.2078125 0 2.14432550384982e-09 3.97007038963134e-06 -3.97221471513519e-06
0.5 1.209375 0 2.14431812354607e-09 3.97015442348654e-06 -3.97229874161009e-06
0.5 1.2109375 0 2.14431074833653e-09 3.9702384354449e-06 -3.97238274619324e-06
0.5 1.2125 0 2.14430337817346e-09 3.97032242552247e-06 -3.97246672890065e-06
0.5 1.2140625 0 2.14429601309763e-09 3.97040639373388e-06 -3.97255068974697e-06
0.5 1.2171875 0 2.14428129879116e-09 3.97057426460478e-06 -3.97271854590357e-06
0.5 1.21875 0 2.14427394956661e-09 3.97065816729076e-06 -3.97280244124033e-06
0.5 1.2203125 0 2.14426660566967e-09 3.97074204816846e-06 -3.97288631477413e-06
0.5 1.221875 0 2.1442592672599e-09 3.97082590725072e-06 -3.97297016651798e-06
0.5 1.2234375 0 2.14425193434268e-09 3.97090974454723e-06 -3.97305399648157e-06
0.5 1.225 0 2.14424460696826e-09 3.97099356007515e-06 -3.97313780468212e-06
0.5 1.2265625 0 2.14423728519799e-09 3.97107735384897e-06 -3.97322159113417e-06
0.5 1.2296875 0 2.14422265866952e-09 3.97124487620445e-06 -3.97338909886312e-06
0.5 1.2328125 0 2.14420805519928e-09 3.97141231173194e-06 -3.97355651978714e-06
0.5 1.234375 0 2.14420076221477e-09 3.97149599698365e-06 -3.97364019774586e-06
0.5 1.2359375 0 2.14419347522092e-09 3.97157966057095e-06 -3.97372385404617e-06
0.5 1.2375 0 2.14418619406901e-09 3.97166330251697e-06 -3.97380748871103e-06
0.5 1.2390625 0 2.14417891901759e-09 3.97174692284098e-06 -3.97389110176e-06
0.5 1.240625 0 2.14417164993121e-09 3.97183052155527e-06 -3.97397469320519e-06
0.5 1.2421875 0 2.14416438695864e-09 3.97191409868285e-06 -3.97405826306981e-06
0.5 1.2453125 0 2.14414987947334e-09 3.9720811882303e-06 -3.97422533810977e-06
0.5 1.246875 0 2.14414263501665e-09 3.97216470068963e-06 -3.97430884332465e-06
0.5 1.2484375 0 2.14413539684792e-09 3.97224819162682e-06 -3.97439232702367e-06
0.5 1.25 0 2.14412816484808e-09 3.97233166106462e-06 -3.97447578922947e-06
0.5 1.2515625 0 2.14412093919754e-09 3.97241510901497e-06 -3.97455922995417e-06
0.5 1.253125 0 2.14411371991853e-09 3.97249853550559e-06 -3.97464264922551e-06
0.5 1.2546875 0 2.14410650690375e-09 3.97258194054094e-06 -3.97472604704785e-06
0.5 1.2578125 0 2.14409210007849e-09 3.97274868636051e-06 -3.97489277846059e-06
0.5 1.2609375 0 2.14407771888156e-09 3.97291534662398e-06 -3.97505942434286e-06
0.5 1.2640625 0 2.14406336339801e-09 3.97308192148266e-06 -3.97522598484606e-06
0.5 1.2671875 0 2.1440490336763e-09 3.97324841110381e-06 -3.97539246013749e-06
0.5 1.2703125 0 2.14403472970956e-09 3.9734148156514e-06 -3.97555885038112e-06
0.5 1.2734375 0 2.14402045144869e-09 3.97358113528671e-06 -3.97572515573815e-06
0.5 1.2765625 0 2.14400619879111e-09 3.97374737018788e-06 -3.97589137638668e-06
0.5 1.2796875 0 2.14399197157426e-09 3.97391352052636e-06 -3.97605751249793e-06
0.5 1.2828125 0 2.14397776964738e-09 3.97407958647431e-06 -3.97622356424396e-06
0.5 1.284375 0 2.14397067798686e-09 3.97416258786032e-06 -3.97630655853831e-06
0.5 1.2859375 0 2.14396359259597e-09 3.97424556821077e-06 -3.97638953180337e-06
0.5 1.2875 0 2.14395651336696e-09 3.97432852756511e-06 -3.97647248407848e-06
0.5 1.2890625 0 2.14394944026152e-09 3.974411465936e-06 -3.97655541537627e-06
0.5 1.290625 0 2.14394237322957e-09 3.97449438334596e-06 -3.97663832571919e-06
0.5 1.2921875 0 2.14393531223478e-09 3.97457727982095e-06 -3.97672121513319e-06
0.5 1.29375 0 2.14392825721529e-09 3.97466015538637e-06 -3.97680408364359e-06
0.5 1.2953125 0 2.14392120810461e-09 3.97474301006827e-06 -3.97688693127637e-06
0.5 1.296875 0 2.14391416485882e-09 3.97482584388384e-06 -3.9769697580487e-06
0.5 1.2984375 0 2.14390712740217e-09 3.97490865686086e-06 -3.97705256398826e-06
0.5 1.3 0 2.14390009574478e-09 3.97499144902871e-06 -3.97713534912446e-06
0.5 1.3015625 0 2.14389306969975e-09 3.97507422041317e-06 -3.97721811348288e-06
0.5 1.3046875 0 2.14387903426498e-09 3.97523970091593e-06 -3.9773835799502e-06
0.5 1.3078125 0 2.14386502068824e-09 3.97540509857953e-06 -3.97754896360021e-06
0.5 1.309375 0 2.14385802187544e-09 3.97548776641348e-06 -3.97763162443535e-06
0.5 1.3109375 0 2.14385102826919e-09 3.97557041361752e-06 -3.97771426464578e-06
0.5 1.3125 0 2.14384403978988e-09 3.97565304021403e-06 -3.97779688425383e-06
0.5 1.3140625 0 2.14383705639892e-09 3.97573564623877e-06 -3.97787948329517e-06
0.5 1.315625 0 2.14383007785197e-09 3.9758182317132e-06 -3.97796206179106e-06
0.5 1.3171875 0 2.14382310422588e-09 3.97590079666582e-06 -3.97804461977005e-06
0.5 1.3203125 0 2.14380917116978e-09 3.97606586511055e-06 -3.97820967428172e-06
0.5 1.321875 0 2.1438022115568e-09 3.97614836866794e-06 -3.9782921708795e-06
0.5 1.3234375 0 2.14379525643442e-09 3.97623085181462e-06 -3.97837464707105e-06
0.5 1.325 0 2.14378830567187e-09 3.97631331458449e-06 -3.97845710289017e-06
0.5 1.3265625 0 2.14378135921354e-09 3.97639575699465e-06 -3.97853953835387e-06
0.5 1.328125 0 2.14377441693171e-09 3.97647817909039e-06 -3.97862195350733e-06
0.5 1.3296875 0 2.14376747872769e-09 3.97656058089314e-06 -3.97870434837187e-06
0.5 1.3328125 0 2.1437536141603e-09 3.97672532373961e-06 -3.97886907735378e-06
0.5 1.3359375 0 2.14373976467445e-09 3.97688998577516e-06 -3.97903372553984e-06
0.5 1.3390625 0 2.14372592943853e-09 3.9770545672587e-06 -3.97919829318814e-06
0.5 1.3421875 0 2.14371210760712e-09 3.97721906842574e-06 -3.97936278053334e-06
0.5 1.3453125 0 2.14369829834453e-09 3.9773834895429e-06 -3.97952718784125e-06
0.5 1.3484375 0 2.1436845008017e-09 3.97754783085542e-06 -3.97969151535623e-06
0.5 1.35 0 2.14367760621778e-09 3.97762997167208e-06 -3.9797736492783e-06
0.5 1.3515625 0 2.14367071415121e-09 3.97771209263103e-06 -3.97985576334518e-06
0.5 1.353125 0 2.14366382465229e-09 3.97779419378215e-06 -3.9799378576068e-06
0.5 1.3546875 0 2.1436569375699e-09 3.97787627513876e-06 -3.98001993207634e-06
0.5 1.35625 0 2.14365005280421e-09 3.97795833675382e-06 -3.98010198680662e-06
0.5 1.3578125 0 2.14364317025349e-09 3.97804037865407e-06 -3.98018402182433e-06
0.5 1.3609375 0 2.14362941140797e-09 3.97820440343676e-06 -3.98034803284818e-06
0.5 1.3640625 0 2.14361566026162e-09 3.97836834977607e-06 -3.98051196543634e-06
0.5 1.3671875 0 2.14360191607794e-09 3.97853221795593e-06 -3.98067581987201e-06
0.5 1.3703125 0 2.14358817814344e-09 3.97869600825584e-06 -3.98083959643398e-06
0.5 1.3734375 0 2.14357444575257e-09 3.97885972097177e-06 -3.98100329541752e-06
0.5 1.375 0 2.14356758142901e-09 3.97894154833383e-06 -3.98108511591526e-06
0.5 1.3765625 0 2.14356071826253e-09 3.97902335641167e-06 -3.98116691712994e-06
0.5 1.378125 0 2.14355385620674e-09 3.97910514523813e-06 -3.98124869909434e-06
0.5 1.3796875 0 2.14354699504645e-09 3.97918691485637e-06 -3.98133046185142e-06
0.5 1.38125 0 2.14354013485996e-09 3.97926866530048e-06 -3.98141220543534e-06
0.5 1.3828125 0 2.14353327552707e-09 3.97935039661489e-06 -3.98149392989042e-06
0.5 1.3859375 0 2.14351955915526e-09 3.97951380200569e-06 -3.98165732156485e-06
0.5 1.3890625 0 2.14350584543101e-09 3.97967713132369e-06 -3.98182063716913e-06
0.5 1.3921875 0 2.14349213389425e-09 3.97984038490252e-06 -3.98198387703641e-06
0.5 1.3953125 0 2.14347842412093e-09 3.98000356304301e-06 -3.98214704146714e-06
0.5 1.396875 0 2.14347156982741e-09 3.9800851239341e-06 -3.98222859550393e-06
0.5 1.3984375 0 2.14346471573511e-09 3.98016666608822e-06 -3.98231013080396e-06
0.5 1.4 0 2.14345786197031e-09 3.98024818955252e-06 -3.98239164741449e-06
0.5 1.4015625 0 2.14345100842767e-09 3.98032969435752e-06 -3.98247314536595e-06
0.5 1.403125 0 2.14344415508129e-09 3.98041118055187e-06 -3.98255462470696e-06
0.5 1.4046875 0 2.14343730190222e-09 3.98049264818208e-06 -3.98263608548399e-06
0.5 1.4078125 0 2.14342359590664e-09 3.98065552789573e-06 -3.98279895149164e-06
0.5 1.4109375 0 2.14340989031622e-09 3.9808183338427e-06 -3.98296174373301e-06
0.5 1.4140625 0 2.14339618488988e-09 3.98098106635923e-06 -3.98312446254413e-06
0.5 1.415625 0 2.14338933216003e-09 3.98106240518831e-06 -3.98320579452047e-06
0.5 1.4171875 0 2.14338247951134e-09 3.98114372579413e-06 -3.98328710827364e-06
0.5 1.41875 0 2.14337562686705e-09 3.98122502821882e-06 -3.98336840384569e-06
0.5 1.4203125 0 2.14336877423225e-09 3.98130631249742e-06 -3.98344968127165e-06
0.5 1.421875 0 2.14336192160171e-09 3.98138757868583e-06 -3.98353094060744e-06
0.5 1.4234375 0 2.14335506898345e-09 3.98146882682694e-06 -3.98361218189593e-06
0.5 1.425 0 2.14334821637933e-09 3.98155005695887e-06 -3.98369340517525e-06
0.5 1.4265625 0 2.14334136379111e-09 3.98163126913395e-06 -3.98377461049775e-06
0.5 1.428125 0 2.14333451123999e-09 3.9817124633872e-06 -3.98385579789844e-06
0.5 1.4296875 0 2.14332765879442e-09 3.98179363977557e-06 -3.98393696743436e-06
0.5 1.43125 0 2.14332080630668e-09 3.98187479833137e-06 -3.98401811913767e-06
0.5 1.4328125 0 2.14331395393485e-09 3.98195593911669e-06 -3.98409925307063e-06
0.5 1.4359375 0 2.14330024952044e-09 3.98211816752655e-06 -3.98426146777607e-06
0.5 1.4390625 0 2.14328654569441e-09 3.98228032537093e-06 -3.98442361191663e-06
0.5 1.4421875 0 2.14327284265653e-09 3.9824424130186e-06 -3.98458568586126e-06
0.5 1.4453125 0 2.14325914070819e-09 3.98260443084996e-06 -3.98474768999067e-06
0.5 1.4484375 0 2.14324544010712e-09 3.98276637923114e-06 -3.98490962467125e-06
0.5 1.4515625 0 2.14323174118402e-09 3.98292825855662e-06 -3.9850714902978e-06
0.5 1.4578125 0 2.14320434986384e-09 3.98325181153028e-06 -3.98539501588015e-06
0.5 1.4609375 0 2.14319065824559e-09 3.98341348595639e-06 -3.98555667661464e-06
0.5 1.4640625 0 2.14317696990269e-09 3.98357509285121e-06 -3.98571826982111e-06
0.5 1.4671875 0 2.14316328534387e-09 3.98373663260727e-06 -3.98587979589261e-06
0.5 1.4703125 0 2.14314960491219e-09 3.98389810561699e-06 -3.9860412552219e-06
0.5 1.4734375 0 2.14313592925834e-09 3.98405951227725e-06 -3.98620264820651e-06
0.5 1.4765625 0 2.14312225891808e-09 3.98422085296969e-06 -3.98636397522861e-06
0.5 1.4828125 0 2.14309493610905e-09 3.9845433380654e-06 -3.98668643300152e-06
0.5 1.4890625 0 2.14306764132911e-09 3.9848655640643e-06 -3.98700863170562e-06
0.5 1.4953125 0 2.14304037931417e-09 3.98518753416485e-06 -3.98733057454416e-06
0.5 1.496875 0 2.14303356961381e-09 3.98526798708112e-06 -3.98741102065073e-06
0.5 1.4984375 0 2.1430267622729e-09 3.98534842425012e-06 -3.98749145101239e-06
0.5 1.5 0 2.14301995753098e-09 3.98542884572726e-06 -3.98757186568479e-06
