1 0.05 0 5.00543384527194 19.0399447091999 -24.0453785544718
1 0.1 0 1.23184724639825 30.6741546786014 -31.9060019249996
1 0.125 0 0.612197675278541 32.292526574478 -32.9047242497565
1 0.15 0 0.3320159039152 32.7677429711263 -33.0997588750414
1 0.175 0 0.209978760157757 32.756500111314 -32.9664788714718
1 0.2 0 0.157205088416889 32.5910181592857 -32.7482232477026
1 0.225 0 0.133880291502965 32.4122359798225 -32.5461162713254
1 0.25 0 0.123052720276504 32.2659102645638 -32.3889629848403
1 0.275 0 0.117635187758243 32.1579743557802 -32.2756095435385
1 0.3 0 0.114648938215886 32.0814439153082 -32.1960928535241
1 0.325 0 0.112816094493869 32.0276990258194 -32.1405151203132
1 0.35 0 0.111573327807514 31.9903246036358 -32.1018979314433
1 0.375 0 0.110662565188697 31.9654034638005 -32.0760660289892
1 0.3875 0 0.110289129566999 31.9567900590564 -32.0670791886235
1 0.4 0 0.109956295038098 31.9503770246525 -32.0603333196905
1 0.4125 0 0.109656640603184 31.9459140069802 -32.0555706475834
1 0.425 0 0.109384406022082 31.9431688940677 -32.0525533000898
1 0.43125 0 0.10925711688773 31.9423737846506 -32.0516309015383
1 0.4375 0 0.109135062837996 31.9419308376652 -32.0510659005033
1 0.44375 0 0.109017823743882 31.9418173505909 -32.0508351743347
1 0.45 0 0.108905023624955 31.9420120666901 -32.050917090315
1 0.45625 0 0.108796327633883 31.9424951445953 -32.0512914722292
1 0.4625 0 0.108691437166416 31.9432482308646 -32.0519396680309
1 0.475 0 0.108492027832778 31.9454968051012 -32.0539888329339
1 0.4875 0 0.108304962249785 31.9486348362602 -32.05693979851
1 0.5 0 0.108128746939344 31.9525552766369 -32.0606840235763
1 0.5125 0 0.107962145718988 31.9571636456338 -32.0651257913529
1 0.525 0 0.10780411769635 31.9623756074084 -32.0701797251048
1 0.5375 0 0.107653773883688 31.9681158071642 -32.0757695810479
1 0.5625 0 0.107373185507793 31.9809183667437 -32.0882915522515
1 0.5875 0 0.107115439894562 31.995119885214 -32.1022353251085
1 0.6125 0 0.10687690613965 32.0103839353812 -32.1172608415209
1 0.6375 0 0.106654891817377 32.0264677319062 -32.1331226237235
1 0.6625 0 0.106447250181167 32.0431941156598 -32.1496413658413
1 0.6875 0 0.106252165109825 32.0604403856831 -32.1666925507926
1 0.7375 0 0.105894135271529 32.0962883914698 -32.2021825267411
1 0.7875 0 0.105572543063053 32.1339335286117 -32.2395060716748
1 0.8375 0 0.105281565207701 32.1733552809096 -32.2786368461172
1 0.8875 0 0.10501704240328 32.2143458892593 -32.3193629316626
1 0.9375 0 0.104775515035914 32.2564627638749 -32.3612382789109
1 0.9625 0 0.104662371802436 32.2778046770132 -32.3824670488156
1 0.9875 0 0.104553716856823 32.2992740702829 -32.4038277871397
1 1.0125 0 0.104449024332056 32.3208241261699 -32.425273150502
1 1.0375 0 0.104347804079429 32.3424109973076 -32.446758801387
1 1.0625 0 0.104249651073416 32.363992584698 -32.4682422357714
1 1.0875 0 0.104154272966933 32.3855282684857 -32.4896825414526
1 1.1125 0 0.10406149694501 32.4069807050433 -32.5110422019883
1 1.1375 0 0.103971238636279 32.4283161312677 -32.532287369904
1 1.1625 0 0.103883522477547 32.4495119770715 -32.5533954995491
1 1.1875 0 0.103798454392016 32.4705573417482 -32.5743557961402
1 1.2125 0 0.103716136831591 32.4914449941006 -32.5951611309321
1 1.2375 0 0.103636617923518 32.5121652214506 -32.6158018393741
1 1.2625 0 0.103559856793266 32.5327015083707 -32.636261365164
1 1.2875 0 0.103485761213772 32.5530367566598 -32.6565225178736
1 1.3125 0 0.103414189170816 32.5731573286219 -32.6765715177927
1 1.3375 0 0.103344987389133 32.5930597084063 -32.6964046957954
1 1.3625 0 0.103277973215836 32.6127472185563 -32.7160251917721
1 1.3875 0 0.103212956249811 32.6322289882062 -32.735441944456
1 1.4375 0 0.103088108876201 32.6706221450897 -32.7737102539659
1 1.4875 0 0.102968820697115 32.7083481995688 -32.8113170202659
1 1.5 0 0.102939695315617 32.7176925184566 -32.8206322137722
