0.6 0.00625 0 1.17052292760694e-05 2.68457728152617e-05 -3.85510020913311e-05
0.6 0.0125 0 9.22933827721459e-06 5.95721196120046e-05 -6.88014578892192e-05
0.6 0.01875 0 7.28041901381166e-06 8.53014541627523e-05 -9.25818731765641e-05
0.6 0.025 0 5.74653565825704e-06 0.000105529291966696 -0.000111275827624953
0.6 0.03125 0 4.53941743410836e-06 0.000121432119750335 -0.000125971537184443
0.6 0.0375 0 3.58949870124717e-06 0.000133935218882866 -0.000137524717584113
0.6 0.05 0 2.25372622889255e-06 0.000151496930814966 -0.000153750657043859
0.6 0.05625 0 1.79076802740737e-06 0.000157577191207462 -0.000159367959234869
0.6 0.0625 0 1.42638523999229e-06 0.000162360357696908 -0.0001637867429369
0.6 0.06875 0 1.13955282249417e-06 0.000166124198471973 -0.000167263751294467
0.6 0.075 0 9.13731208413737e-07 0.000169087008607317 -0.000170000739815731
0.6 0.08125 0 7.35910553517446e-07 0.000171420335487127 -0.000172156246040645
0.6 0.0875 0 5.95857986177949e-07 0.00017325898482523 -0.000173854842811408
0.6 0.1 0 3.98581152505785e-07 0.000175853281094947 -0.000176251862247453
0.6 0.1125 0 2.7600605858855e-07 0.000177473161092747 -0.000177749167151336
0.6 0.11875 0 2.33376786195247e-07 0.000178040427570012 -0.000178273804356207
0.6 0.125 0 1.99735125741548e-07 0.000178491107274762 -0.000178690842400504
0.6 0.13125 0 1.73173646839879e-07 0.000178850136322073 -0.000179023309968913
0.6 0.1375 0 1.52191290261795e-07 0.000179137109566594 -0.000179289300856856
0.6 0.14375 0 1.35606620684847e-07 0.000179367425006325 -0.000179503031627009
0.6 0.15 0 1.22489581388629e-07 0.000179553183023294 -0.000179675672604683
0.6 0.1625 0 1.03884732665114e-07 0.000179827028015287 -0.000179930912747952
0.6 0.165625 0 1.00436630191553e-07 0.000179880143094277 -0.000179980579724469
0.6 0.16875 0 9.73658554749232e-08 0.000179928461919349 -0.000180025827774824
0.6 0.171875 0 9.46304723344244e-08 0.000179972524894933 -0.000180067155367267
0.6 0.175 0 9.21932397929576e-08 0.000180012811145894 -0.000180105004385687
0.6 0.178125 0 9.00211020827616e-08 0.00018004974545619 -0.000180139766558272
0.6 0.18125 0 8.8084694970171e-08 0.000180083704460711 -0.000180171789155682
0.6 0.1875 0 8.48177107399368e-08 0.000180143994439469 -0.000180228812150209
0.6 0.19375 0 8.22167825400786e-08 0.000180195923694628 -0.000180278140477168
0.6 0.2 0 8.01433909901791e-08 0.00018024125553487 -0.00018032139892586
0.6 0.20625 0 7.84881904748981e-08 0.000180281376556943 -0.000180359864747418
0.6 0.2125 0 7.71648002873295e-08 0.000180317377319506 -0.000180394542119794
0.6 0.21875 0 7.61049420792605e-08 0.000180350115710014 -0.000180426220652093
0.6 0.225 0 7.52546227888481e-08 0.000180380266726433 -0.000180455521349221
0.6 0.23125 0 7.45711074058144e-08 0.00018040836161764 -0.000180482932725046
0.6 0.2375 0 7.40205498892847e-08 0.000180434818625662 -0.000180508839175551
0.6 0.24375 0 7.3576122525974e-08 0.000180459967148869 -0.000180533543271394
0.6 0.25 0 7.32165382267545e-08 0.000180484066734773 -0.000180557283272999
0.6 0.25625 0 7.29248908868838e-08 0.000180507322001565 -0.000180580246892452
0.6 0.2625 0 7.26877406925735e-08 0.000180529894365803 -0.000180602582106495
0.6 0.26875 0 7.24943885352955e-08 0.000180551911264223 -0.000180624405652758
0.6 0.275 0 7.23363069072309e-08 0.000180573473398959 -0.000180645809705867
0.6 0.28125 0 7.22066901377972e-08 0.000180594660433258 -0.000180666867123396
0.6 0.2875 0 7.21000974860343e-08 0.000180615535470818 -0.000180687635568304
0.6 0.29375 0 7.20121735846297e-08 0.000180636148575028 -0.000180708160748612
0.6 0.30625 0 7.18790439916353e-08 0.000180676740059889 -0.00018074861910388
0.6 0.31875 0 7.17867807222336e-08 0.000180716666008149 -0.000180788452788871
0.6 0.33125 0 7.17220308324727e-08 0.000180756074666747 -0.000180827796697579
0.6 0.34375 0 7.16760244310005e-08 0.000180795062592036 -0.000180866738616467
0.6 0.35625 0 7.16429430007183e-08 0.000180833693968692 -0.000180905336911693
0.6 0.36875 0 7.16188828448863e-08 0.000180872012594328 -0.000180943631477173
0.6 0.38125 0 7.16011942978337e-08 0.000180910049328019 -0.000180981650522317
0.6 0.39375 0 7.15880569046684e-08 0.000180947826729574 -0.000181019414786478
0.6 0.40625 0 7.15782043859788e-08 0.000180985361959886 -0.000181056940164272
0.6 0.41875 0 7.1570745170449e-08 0.000181022668602987 -0.000181094239348157
0.6 0.43125 0 7.15650441304876e-08 0.000181059757817893 -0.000181131322862024
0.6 0.44375 0 7.15606438419591e-08 0.000181096639073316 -0.000181168199717158
0.6 0.45625 0 7.15572116082034e-08 0.000181133320622038 -0.000181204877833646
0.6 0.4625 0 7.15557795184241e-08 0.000181151588831756 -0.000181223144611274
0.6 0.46875 0 7.15545033653e-08 0.000181169809811987 -0.000181241364315352
0.6 0.475 0 7.15533624149812e-08 0.000181187984373855 -0.00018125953773627
0.6 0.48125 0 7.15523387912954e-08 0.000181206113294225 -0.000181277665633016
0.6 0.4875 0 7.1551417064344e-08 0.0001812241973189 -0.000181295748735964
0.6 0.49375 0 7.15505839031511e-08 0.00018124223716559 -0.000181313787749493
0.6 0.50625 0 7.1549138720132e-08 0.000181278187069043 -0.000181349736207764
0.6 0.51875 0 7.15479283910414e-08 0.000181313968266453 -0.000181385516194844
0.6 0.53125 0 7.15468967345632e-08 0.000181349585693629 -0.000181421132590364
0.6 0.54375 0 7.15460014891877e-08 0.000181385044002592 -0.000181456590004081
0.6 0.55625 0 7.15452107971739e-08 0.000181420347595213 -0.00018149189280601
0.6 0.56875 0 7.15445005952759e-08 0.0001814555006508 -0.000181527045151396
0.6 0.59375 0 7.15432532494021e-08 0.000181525370890928 -0.000181596914144175
0.6 0.61875 0 7.15421606347903e-08 0.000181594684506703 -0.000181666226667336
0.6 0.63125 0 7.15416535817103e-08 0.000181629141227366 -0.000181700682880947
0.6 0.64375 0 7.15411662231242e-08 0.000181663468909667 -0.00018173501007589
0.6 0.65625 0 7.15406951918177e-08 0.00018169767067703 -0.000181769211372222
0.6 0.66875 0 7.15402379647381e-08 0.000181731749551841 -0.000181803289789806
0.6 0.681249999999999 0 7.15397926496218e-08 0.0001817657084643 -0.000181837248256951
0.6 0.693749999999999 0 7.15393578220764e-08 0.000181799550260347 -0.000181871089618169
0.6 0.706249999999999 0 7.1538932400927e-08 0.000181833277708479 -0.00018190481664088
0.6 0.718749999999999 0 7.15385155548036e-08 0.000181866893505905 -0.00018193843202146
0.6 0.731249999999999 0 7.1538106631525e-08 0.000181900400283572 -0.000181971938390204
0.6 0.743749999999999 0 7.15377051035395e-08 0.000181933800610128 -0.000182005338315231
0.6 0.756249999999999 0 7.1537310527554e-08 0.000181967096994883 -0.000182038634305411
0.6 0.768749999999999 0 7.15369225150318e-08 0.000182000291889873 -0.000182071828812389
0.6 0.793749999999999 0 7.15361647902575e-08 0.00018206638673666 -0.000182137922901451
0.6 0.818749999999999 0 7.15354293685934e-08 0.000182132103630866 -0.000182203639060235
0.6 0.843749999999999 0 7.15347140018551e-08 0.000182197460094576 -0.000182268994808578
0.6 0.868749999999999 0 7.15340167807675e-08 0.000182262472593757 -0.000182334006610539
0.6 0.893749999999999 0 7.15333361823742e-08 0.000182327156404092 -0.000182398689740275
0.6 0.906249999999999 0 7.15330017503124e-08 0.000182359379462131 -0.000182430912463882
0.6 0.918749999999999 0 7.15326710797159e-08 0.000182391525460514 -0.000182463058131595
0.6 0.931249999999999 0 7.15323440801613e-08 0.000182423595907438 -0.000182495128251518
0.6 0.943749999999999 0 7.15320206738397e-08 0.000182455592210936 -0.000182527124231611
0.6 0.956249999999999 0 7.15317007900472e-08 0.000182487515675334 -0.000182559047376125
0.6 0.968749999999999 0 7.15313843611348e-08 0.000182519367499452 -0.000182590898883814
0.6 0.993749999999999 0 7.15307615875888e-08 0.000182582860489473 -0.000182654391251061
0.6 1.01875 0 7.15301517464968e-08 0.000182646078648616 -0.000182717608800363
0.6 1.04375 0 7.15295541663184e-08 0.000182709027800389 -0.000182780557354556
0.6 1.06875 0 7.15289681767437e-08 0.000182771712245611 -0.000182843241213789
0.6 1.09375 0 7.15283931883169e-08 0.000182834134948887 -0.000182905663342076
0.6 1.11875 0 7.15278287264047e-08 0.000182896297778665 -0.000182967825607392
0.6 1.14375 0 7.15272743998409e-08 0.000182958201783254 -0.000183029729057654
0.6 1.15625 0 7.15270009228131e-08 0.000182989056901167 -0.00018306058390209
0.6 1.16875 0 7.15267298403064e-08 0.000183019847482049 -0.00018309137421189
0.6 1.18125 0 7.15264611025099e-08 0.000183050573554653 -0.000183122100015756
0.6 1.19375 0 7.15261946570283e-08 0.00018308123514858 -0.000183152761343238
0.6 1.20625 0 7.15259304493728e-08 0.000183111832301287 -0.000183183358231737
0.6 1.21875 0 7.15256684234178e-08 0.000183142365064223 -0.000183213890732646
0.6 1.24375 0 7.15251506909709e-08 0.000183203237726275 -0.000183274762876967
0.6 1.25625 0 7.15248948742847e-08 0.000183233577840414 -0.000183305102735289
0.6 1.26875 0 7.15246410218171e-08 0.000183263854000892 -0.000183335378641915
0.6 1.28125 0 7.15243890870549e-08 0.000183294066389845 -0.000183365590778932
0.6 1.29375 0 7.1524139028848e-08 0.00018332421522225 -0.00018339573936128
0.6 1.30625 0 7.15238908109687e-08 0.000183354300746715 -0.000183425824637527
0.6 1.31875 0 7.15236444016409e-08 0.000183384323246127 -0.00018345584689053
0.6 1.34375 0 7.15231568930847e-08 0.000183444180474879 -0.000183515703631772
0.6 1.36875 0 7.1522676262747e-08 0.000183503789871607 -0.00018357531254787
0.6 1.39375 0 7.15222022071223e-08 0.000183563154979667 -0.000183634677181874
0.6 1.41875 0 7.1521734320945e-08 0.000183622279956949 -0.00018369380169127
0.6 1.44375 0 7.1521272123302e-08 0.00018368116962397 -0.000183752690896093
0.6 1.46875 0 7.15208151347432e-08 0.000183739829515337 -0.000183811350330473
0.6 1.5 0 7.1520250636646e-08 0.000183812840906813 -0.00018388436115745
