0.3 0.1 0 4.82324865023215e-11 1.74770702289435e-09 -1.79593950939667e-09
0.3 0.2 0 1.77504558561487e-11 1.81884910835402e-09 -1.83659956421017e-09
0.3 0.25 0 1.50174659377637e-11 1.82383693695718e-09 -1.83885440289494e-09
0.3 0.275 0 1.43670739398472e-11 1.82533287862205e-09 -1.83969995256189e-09
0.3 0.2875 0 1.41315345587935e-11 1.82596969447768e-09 -1.84010122903647e-09
0.3 0.3 0 1.39363978489433e-11 1.82655805514999e-09 -1.84049445299893e-09
0.3 0.3125 0 1.37713420547868e-11 1.82711081486443e-09 -1.84088215691922e-09
0.3 0.325 0 1.3628533560835e-11 1.82763738763318e-09 -1.84126592119401e-09
0.3 0.33125 0 1.35635695260357e-11 1.82789307977449e-09 -1.84145664930053e-09
0.3 0.3375 0 1.35020880597373e-11 1.82814464042532e-09 -1.84164672848505e-09
0.3 0.34375 0 1.34435874389382e-11 1.82839264076618e-09 -1.84183622820512e-09
0.3 0.35 0 1.33876384796624e-11 1.82863756571481e-09 -1.84202520419447e-09
0.3 0.35625 0 1.33338755184124e-11 1.82887981903429e-09 -1.8422136945527e-09
0.3 0.3625 0 1.32819880614617e-11 1.82911974925336e-09 -1.84240173731482e-09
0.3 0.375 0 1.31828304463523e-11 1.82959375853544e-09 -1.84277658898179e-09
0.3 0.3875 0 1.30885253507934e-11 1.83006140069492e-09 -1.84314992604571e-09
0.3 0.4 0 1.2997921994247e-11 1.83052394454015e-09 -1.84352186653439e-09
0.3 0.4125 0 1.29102221377207e-11 1.83098226695287e-09 -1.84389248909059e-09
0.3 0.425 0 1.28248750542767e-11 1.83143698549939e-09 -1.84426186055367e-09
0.3 0.4375 0 1.27414976184659e-11 1.83188852560298e-09 -1.84463002322145e-09
0.3 0.4625 0 1.25796144056895e-11 1.83278327470012e-09 -1.84536288910581e-09
0.3 0.4875 0 1.24229874400074e-11 1.83366836549557e-09 -1.84609135293557e-09
0.3 0.5125 0 1.22704407586532e-11 1.83454519931245e-09 -1.8468156400711e-09
0.3 0.5375 0 1.21210581754681e-11 1.83541489532409e-09 -1.84753595349956e-09
0.3 0.5625 0 1.19742372165754e-11 1.83627824349008e-09 -1.84825248070665e-09
0.3 0.5875 0 1.18297007120325e-11 1.83713569013558e-09 -1.84896539084762e-09
0.3 0.6125 0 1.16874386861479e-11 1.8379874050499e-09 -1.84967484373605e-09
0.3 0.625 0 1.16172081583629e-11 1.8384111090849e-09 -1.85002831724326e-09
0.3 0.63125 0 1.15823297202455e-11 1.83862241898724e-09 -1.85020474870748e-09
0.3 0.6375 0 1.15476134948524e-11 1.83883336373981e-09 -1.85038097723466e-09
0.3 0.64375 0 1.15130622384122e-11 1.83904394705194e-09 -1.85055700929036e-09
0.3 0.65 0 1.14786780719979e-11 1.83925416350982e-09 -1.85073284158181e-09
0.3 0.65625 0 1.14444623905227e-11 1.83946401448112e-09 -1.85090847687165e-09
0.3 0.6625 0 1.14104155919107e-11 1.83967350440313e-09 -1.85108391999504e-09
0.3 0.675 0 1.13428252877284e-11 1.84009140248752e-09 -1.85143422777525e-09
0.3 0.6875 0 1.12758900087644e-11 1.84050788438965e-09 -1.85178377439842e-09
0.3 0.7 0 1.1209577453824e-11 1.84092299472109e-09 -1.85213257217492e-09
0.3 0.7125 0 1.11438444886124e-11 1.84133678460114e-09 -1.85248062908975e-09
0.3 0.725 0 1.107864368392e-11 1.84174930848598e-09 -1.8528279521699e-09
0.3 0.7375 0 1.1013930392407e-11 1.84216061867647e-09 -1.85317454906888e-09
0.3 0.7625 0 1.08858350137172e-11 1.84297975452756e-09 -1.85386558954128e-09
0.3 0.7875 0 1.07594240889821e-11 1.84379435996857e-09 -1.85455378405755e-09
0.3 0.8125 0 1.06347384367426e-11 1.84460441843728e-09 -1.85523915687402e-09
0.3 0.8375 0 1.05118758990886e-11 1.84540984579183e-09 -1.85592172169092e-09
0.3 0.8625 0 1.03908566716755e-11 1.84621062684083e-09 -1.8566014835125e-09
0.3 0.8875 0 1.02715563852649e-11 1.84700688961867e-09 -1.85727844600394e-09
0.3 0.9375 0 1.00370765893586e-11 1.84858691133422e-09 -1.85862398792358e-09
0.3 0.95 0 9.97911296445795e-12 1.84897951809435e-09 -1.85895863105881e-09
0.3 0.9625 0 9.92136202111608e-12 1.84937121565419e-09 -1.85929257767531e-09
0.3 0.975 0 9.8638149453896e-12 1.84976201741168e-09 -1.85962583235707e-09
0.3 0.9875 0 9.80647422872334e-12 1.85015192379975e-09 -1.85995839802847e-09
0.3 1 0 9.74935327992586e-12 1.85054092085679e-09 -1.86029027413672e-09
0.3 1.0125 0 9.69247485004377e-12 1.85092898836675e-09 -1.8606214632168e-09
0.3 1.0375 0 9.57956595753988e-12 1.85170223899151e-09 -1.86128180494905e-09
0.3 1.0625 0 9.46799266160304e-12 1.85247145334039e-09 -1.861939446002e-09
0.3 1.075 0 9.41276378773845e-12 1.85285450216777e-09 -1.86226726595551e-09
0.3 1.0875 0 9.35791682052928e-12 1.85323651149854e-09 -1.86259442831906e-09
0.3 1.1 0 9.30344301527368e-12 1.85361749251573e-09 -1.86292093553101e-09
0.3 1.1125 0 9.24932017664539e-12 1.85399747419011e-09 -1.86324679436675e-09
0.3 1.125 0 9.19551414186719e-12 1.85437649793247e-09 -1.86357201207434e-09
0.3 1.1375 0 9.14198123033582e-12 1.85475461409877e-09 -1.86389659532911e-09
0.3 1.1625 0 9.03553344723008e-12 1.85550835472032e-09 -1.86454388816755e-09
0.3 1.1875 0 8.92957509037771e-12 1.85625916306525e-09 -1.86518873815563e-09
0.3 1.2125 0 8.82378477000928e-12 1.85700744074137e-09 -1.86583122551138e-09
0.3 1.2375 0 8.71799988457357e-12 1.85775343099263e-09 -1.8664714308772e-09
0.3 1.2625 0 8.6122362160025e-12 1.85849720888541e-09 -1.86710944510141e-09
0.3 1.2875 0 8.50665877974103e-12 1.85923870146731e-09 -1.86774536024705e-09
0.3 1.3375 0 8.29721468696329e-12 1.86071409367056e-09 -1.86901130835752e-09
0.3 1.3875 0 8.0925366416776e-12 1.8621775305438e-09 -1.87027006718547e-09
0.3 1.4375 0 7.89552885120878e-12 1.86362686345234e-09 -1.87152239230355e-09
0.3 1.4875 0 7.70748772704466e-12 1.86506144447272e-09 -1.87276893219977e-09
0.3 1.5 0 7.66179578892545e-12 1.86541792684132e-09 -1.87307972263025e-09
