0.1 0.1 0 2.15783224395627e-13 8.26752500981955e-13 -1.04253572537758e-12
0.1 0.2 0 -7.22677098226974e-13 1.78404373960989e-12 -1.06136664138292e-12
0.1 0.3 0 -1.37431742999063e-12 2.43747576154614e-12 -1.06315833155552e-12
0.1 0.4 0 -1.96229589986448e-12 3.02685747943345e-12 -1.06456157956897e-12
0.1 0.5 0 -2.51098660850659e-12 3.57691694832722e-12 -1.06593033982066e-12
0.1 0.6 0 -3.02369652664438e-12 4.09097248149261e-12 -1.06727595484823e-12
0.1 0.7 0 -3.50807162566218e-12 4.57667089597874e-12 -1.06859927031656e-12
0.1 0.8 0 -3.97118744445944e-12 5.04108905974653e-12 -1.06990161528708e-12
0.1 0.9 0 -4.41709205456069e-12 5.48827518889287e-12 -1.07118313433222e-12
0.1 1 0 -4.84385655832689e-12 5.91630011438047e-12 -1.07244355605358e-12
0.1 1.1 0 -5.26650345666722e-12 6.34019020658827e-12 -1.07368674992093e-12
0.1 1.2 0 -5.67804406998206e-12 6.75295908910003e-12 -1.07491501911805e-12
0.1 1.3 0 -6.05871955503529e-12 7.13485120916739e-12 -1.07613165413221e-12
0.1 1.4 0 -6.41220879844894e-12 7.48954681723575e-12 -1.07733801878687e-12
0.1 1.425 0 -6.49922797479175e-12 7.57686556528057e-12 -1.07763759048882e-12
0.1 1.4375 0 -6.54277395443974e-12 7.62056228100431e-12 -1.07778832656455e-12
0.1 1.440625 0 -6.55366811132879e-12 7.63149369356562e-12 -1.07782558223683e-12
0.1 1.44375 0 -6.56456583782245e-12 7.64242794290141e-12 -1.07786210507895e-12
0.1 1.446875 0 -6.57546729820483e-12 7.65336760054593e-12 -1.07790030234111e-12
0.1 1.45 0 -6.58637268354329e-12 7.66431006484628e-12 -1.07793738130299e-12
0.1 1.453125 0 -6.59728209915366e-12 7.67525721467932e-12 -1.07797511552565e-12
0.1 1.45625 0 -6.60819568861273e-12 7.68620821212802e-12 -1.07801252351528e-12
0.1 1.459375 0 -6.61911350792803e-12 7.69716395435051e-12 -1.07805044642247e-12
0.1 1.4625 0 -6.63003564193693e-12 7.70812287903113e-12 -1.0780872370942e-12
0.1 1.465625 0 -6.64096213300759e-12 7.71908683104851e-12 -1.07812469804092e-12
0.1 1.46875 0 -6.65189300569404e-12 7.73005463632057e-12 -1.07816163062652e-12
0.1 1.471875 0 -6.66282825486819e-12 7.741027827191e-12 -1.07819957232281e-12
0.1 1.475 0 -6.67376789851681e-12 7.75200371371895e-12 -1.07823581520214e-12
0.1 1.48125 0 -6.69566022306315e-12 7.7739713274947e-12 -1.07831110443154e-12
0.1 1.4875 0 -6.71756968297394e-12 7.79595587081562e-12 -1.07838618784166e-12
0.1 1.49375 0 -6.73949585166175e-12 7.81795580377395e-12 -1.07845995211219e-12
0.1 1.496875 0 -6.75046505348961e-12 7.82896259043663e-12 -1.07849753694702e-12
0.1 1.5 0 -6.76143824086545e-12 7.83997350104521e-12 -1.07853526017976e-12
