0.8 0.0125 0 0.0179367057295565 0.0899403931268888 -0.107877098856445
0.8 0.025 0 0.011233051342988 0.171753775869919 -0.182986827212907
0.8 0.0375 0 0.00705534783307593 0.228263646510137 -0.235318994343213
0.8 0.05 0 0.00445436671565964 0.267396980485417 -0.271851347201077
0.8 0.0625 0 0.00283551828018871 0.294644490236388 -0.297480008516577
0.8 0.075 0 0.00182760043917147 0.313773385668408 -0.315600986107579
0.8 0.1 0 0.000807279911130694 0.337106344249388 -0.337913624160519
0.8 0.1125 0 0.00056192414041895 0.344216072515086 -0.344777996655504
0.8 0.125 0 0.000408025236108254 0.349463176766826 -0.349871202002934
0.8 0.1375 0 0.000311273492845179 0.353374482739246 -0.353685756232091
0.8 0.14375 0 0.000277313073184783 0.354945194569303 -0.355222507642488
0.8 0.15 0 0.000250362593226725 0.356305476943371 -0.356555839536597
0.8 0.15625 0 0.0002289757788959 0.357482907382739 -0.357711883161634
0.8 0.1625 0 0.000212006976150339 0.358500827609178 -0.358712834585329
0.8 0.16875 0 0.00019854737821815 0.359379263405352 -0.35957781078357
0.8 0.175 0 0.000187875271726128 0.360135637237126 -0.360323512508852
0.8 0.1875 0 0.000172716725529861 0.361341966247148 -0.361514682972678
0.8 0.2 0 0.000163213192666765 0.362224086541728 -0.362387299734395
0.8 0.2125 0 0.000157266905255944 0.362865981720465 -0.36302324862572
0.8 0.225 0 0.00015355311802683 0.363334527683163 -0.363488080801189
0.8 0.2375 0 0.000151236946143498 0.363681241094096 -0.363832478040239
0.8 0.25 0 0.000149793653347522 0.363944176346911 -0.364093970000259
0.8 0.2625 0 0.000148894425793605 0.364150350294151 -0.364299244719945
0.8 0.275 0 0.000148333834525076 0.36431833583865 -0.364466669673176
0.8 0.2875 0 0.000147983843445718 0.364460610056306 -0.364608593899752
0.8 0.29375 0 0.000147861593270163 0.364524811122667 -0.364672672715938
0.8 0.3 0 0.000147764797401296 0.364585435321742 -0.364733200119142
0.8 0.30625 0 0.00014768807751728 0.3646430837353 -0.364790771812817
0.8 0.3125 0 0.000147627194824426 0.364698243450136 -0.364845870644961
0.8 0.31875 0 0.000147578809262377 0.364751309475327 -0.36489888828459
0.8 0.325 0 0.00014754028819609 0.364802602576449 -0.364950142864644
0.8 0.3375 0 0.00014748497915136 0.364900865596863 -0.365048350576015
0.8 0.35 0 0.000147449400376529 0.364994596895735 -0.365142046296112
0.8 0.3625 0 0.000147426172098838 0.365084850003898 -0.365232276175997
0.8 0.375 0 0.000147410700148825 0.36517234633331 -0.365319757033459
0.8 0.3875 0 0.000147400120597889 0.365257590060049 -0.365404990180647
0.8 0.4 0 0.000147392644855506 0.365340942169579 -0.365488334814435
0.8 0.425 0 0.000147382942800901 0.365502965759251 -0.365650348702052
0.8 0.45 0 0.000147376755492401 0.365659870287834 -0.365807247043327
0.8 0.475 0 0.000147372146532391 0.36581256716677 -0.365959939313302
0.8 0.5 0 0.000147368319733232 0.365961684151043 -0.366109052470777
0.8 0.525 0 0.00014736493324497 0.366107686047473 -0.366255050980718
0.8 0.55 0 0.000147361830309472 0.366250934562587 -0.366398296392895
0.8 0.6 0 0.000147356194651457 0.366530282065764 -0.366677638260414
0.8 0.65 0 0.000147351099009758 0.366801504644569 -0.366948855743576
0.8 0.7 0 0.000147346404131888 0.367065872227187 -0.367213218631319
0.8 0.75 0 0.000147342027789709 0.367324329806935 -0.367471671834725
0.8 0.8 0 0.000147337914253581 0.367577607440539 -0.367724945354793
0.8 0.85 0 0.000147334022933638 0.367826289876859 -0.367973623899793
0.8 0.9 0 0.000147330322802943 0.36807086140389 -0.368218191726693
0.8 0.950000000000001 0 0.000147326789210095 0.368311734986994 -0.368459061776204
0.8 0.975000000000001 0 0.000147325078404829 0.368430899162271 -0.368578224240675
0.8 1 0 0.000147323401913745 0.368549270470709 -0.368696593872622
0.8 1.025 0 0.000147321757700908 0.368666887532837 -0.368814209290538
0.8 1.05 0 0.000147320143885768 0.368783786936852 -0.368931107080738
0.8 1.075 0 0.000147318558736133 0.368900002573234 -0.36904732113197
0.8 1.1 0 0.000147317000657436 0.369015565868187 -0.369162882868844
0.8 1.15 0 0.000147313959964301 0.36924484796165 -0.369392161921614
0.8 1.2 0 0.000147311011515129 0.36947182616312 -0.369619137174636
0.8 1.2125 0 0.000147310287777845 0.369528229083242 -0.36967553937102
0.8 1.225 0 0.000147309569144593 0.369584499430409 -0.369731808999554
0.8 1.2375 0 0.000147308855505413 0.369640638583917 -0.369787947439422
0.8 1.24375 0 0.000147308500524937 0.369668659436463 -0.369815967936988
0.8 1.25 0 0.0001473081467534 0.369696648028635 -0.369843956175388
0.8 1.25625 0 0.000147307794177852 0.36972460456473 -0.369871912358908
0.8 1.2625 0 0.000147307442785374 0.369752529292667 -0.369899836735452
0.8 1.26875 0 0.000147307092565064 0.369780422207132 -0.369927729299698
0.8 1.275 0 0.000147306743505179 0.369808283450446 -0.369955590193951
0.8 1.2875 0 0.000147306048821654 0.369863911387454 -0.370011217436276
0.8 1.3 0 0.000147305358647016 0.369919414054587 -0.370066719413234
0.8 1.3125 0 0.000147304672897641 0.369974792175638 -0.370122096848536
0.8 1.325 0 0.000147303991493572 0.370030046422117 -0.37017735041361
0.8 1.3375 0 0.000147303314358268 0.370085177399813 -0.370232480714171
0.8 1.35 0 0.000147302641418281 0.370140185641223 -0.370287488282642
0.8 1.375 0 0.000147301307844944 0.370249835806269 -0.370397137114114
0.8 1.3875 0 0.00014730064707789 0.370304478555981 -0.370451779203059
0.8 1.4 0 0.000147299990238704 0.370359000265904 -0.370506300256143
0.8 1.4125 0 0.000147299337265054 0.370413401468481 -0.370560700805746
0.8 1.425 0 0.000147298688097463 0.37046768257133 -0.370614981259427
0.8 1.4375 0 0.00014729804267759 0.370521844046034 -0.370669142088711
0.8 1.45 0 0.000147297400949895 0.370575886130871 -0.370723183531821
0.8 1.4625 0 0.000147296762859119 0.370629809275077 -0.370777106037937
0.8 1.475 0 0.000147296128351132 0.370683613965183 -0.370830910093534
0.8 1.4875 0 0.000147295497372258 0.370737300931719 -0.370884596429092
0.8 1.5 0 0.000147294869871015 0.370790870648593 -0.370938165518464
