0.7 0.0125 0 0.000411445247572559 0.00266615905002294 -0.0030776042975955
0.7 0.025 0 0.000258510821508127 0.00475599454504763 -0.00501450536655575
0.7 0.0375 0 0.000162674494862949 0.00606792036437379 -0.00623059485923674
0.7 0.05 0 0.000102629238779516 0.00688923889496044 -0.00699186813373996
0.7 0.05625 0 8.16493681219628e-05 0.00717585697165939 -0.00725750633978134
0.7 0.0625 0 6.50648887498649e-05 0.00740228231202906 -0.00746734720077893
0.7 0.06875 0 5.19631789040346e-05 0.0075811054138371 -0.00763306859274113
0.7 0.075 0 4.16194830596557e-05 0.00772231452154378 -0.00776393400460344
0.7 0.08125 0 3.34582502163833e-05 0.00783382485176986 -0.00786728310198625
0.7 0.0875 0 2.70226322763351e-05 0.00792190208386924 -0.00794892471614557
0.7 0.1 0 1.79541313225748e-05 0.00804653611854375 -0.00806449024986633
0.7 0.1125 0 1.23289843344804e-05 0.00812462172881291 -0.00813695071314739
0.7 0.125 0 8.8431892898638e-06 0.00817383764075898 -0.00818268083004886
0.7 0.1375 0 6.68420960944508e-06 0.00820516016735159 -0.00821184437696105
0.7 0.15 0 5.3471837943472e-06 0.00822539309513547 -0.00823074027892983
0.7 0.1625 0 4.51903529987272e-06 0.00823874958326593 -0.0082432686185658
0.7 0.1875 0 3.68764675987626e-06 0.00825426969955912 -0.00825795734631899
0.7 0.2125 0 3.36742418776155e-06 0.00826278403333764 -0.00826615145752542
0.7 0.2375 0 3.24343744869499e-06 0.00826853507088163 -0.00827177850833031
0.7 0.2625 0 3.19503887903728e-06 0.00827315623169799 -0.00827635127057703
0.7 0.2875 0 3.17591171761466e-06 0.00827728197764007 -0.00828045788935768
0.7 0.3125 0 3.16821116053513e-06 0.00828116317468497 -0.00828433138584548
0.7 0.3625 0 3.16364873192705e-06 0.00828854483287488 -0.0082917084816068
0.7 0.3875 0 3.16301814191738e-06 0.00829211181935335 -0.00829527483749529
0.7 0.4125 0 3.16270272618492e-06 0.0082956155884689 -0.00829877829119508
0.7 0.4375 0 3.16252614021331e-06 0.00829906396589246 -0.00830222649203269
0.7 0.4625 0 3.16241391576811e-06 0.00830246264881725 -0.00830562506273302
0.7 0.4875 0 3.16233348898968e-06 0.00830581612105479 -0.00830897845454379
0.7 0.5125 0 3.1622699821617e-06 0.00830912807518938 -0.00831229034517153
0.7 0.5625 0 3.16216857784739e-06 0.00831563947607324 -0.00831880164465112
0.7 0.6125 0 3.16208448442054e-06 0.00832201707550019 -0.00832517915998472
0.7 0.6625 0 3.16200980875144e-06 0.00832827646989595 -0.00833143847970467
0.7 0.7125 0 3.1619414705527e-06 0.00833443017177829 -0.00833759211324885
0.7 0.7625 0 3.16187799863474e-06 0.00834048858212491 -0.00834365046012356
0.7 0.8125 0 3.16181853042199e-06 0.00834646063402197 -0.00834962245255242
0.7 0.9125 0 3.16170929273268e-06 0.00835817651032787 -0.00836133821962061
0.7 1.0125 0 3.16161020101192e-06 0.00836963223542773 -0.00837279384562875
0.7 1.1125 0 3.1615189789524e-06 0.00838086950634777 -0.00838403102532674
0.7 1.1625 0 3.16147585524099e-06 0.00838641469215381 -0.00838957616800906
0.7 1.2125 0 3.16143421232933e-06 0.00839191319145534 -0.00839507462566768
0.7 1.2625 0 3.16139394862881e-06 0.00839736564026506 -0.00840052703421371
0.7 1.3125 0 3.16135498069048e-06 0.00840277224849132 -0.00840593360347202
0.7 1.3625 0 3.16131723563348e-06 0.00840813317167908 -0.00841129448891472
0.7 1.4125 0 3.16128064441647e-06 0.00841344877987645 -0.00841661006052087
0.7 1.5 0 3.16121917680023e-06 0.00842264443257478 -0.00842580565175159
